#
# An unexpected error has been detected by HotSpot Virtual Machine:
#
#  EXCEPTION_ACCESS_VIOLATION (0xc0000005) at pc=0x6d0e92c9, pid=484, tid=4680
#
# Java VM: Java HotSpot(TM) Client VM (1.5.0-b64 mixed mode)
# Problematic frame:
# C  [awt.dll+0xe92c9]
#

---------------  T H R E A D  ---------------

Current thread (0x0ee775a8):  JavaThread "AWT-EventQueue-0" [_thread_in_native, id=4680]

siginfo: ExceptionCode=0xc0000005, reading address 0x0000006b

Registers:
EAX=0x0f674f68, EBX=0x00000000, ECX=0x0f76cb80, EDX=0x00000053
ESP=0x0f61f3c8, EBP=0x0f61f3f4, ESI=0x0cbca458, EDI=0x0ee77664
EIP=0x6d0e92c9, EFLAGS=0x00010246

Top of Stack: (sp=0x0f61f3c8)
0x0f61f3c8:   0cbca458 6d0ea30d 00000001 0f61f3e0
0x0f61f3d8:   0ee775a8 0cbca458 00000000 00000000
0x0f61f3e8:   00000000 00000000 0ee77bc8 0f61f424
0x0f61f3f8:   0482826f 0ee61a22 0f61f438 00000001
0x0f61f408:   0f61f408 00000000 0f61f438 0cbcb8f0
0x0f61f418:   00000000 0cbca458 0f61f434 0f61f458
0x0f61f428:   048229fa 00000000 04826453 00000001
0x0f61f438:   06ba97f8 0f61f43c 0cbca4d0 0f61f460 

Instructions: (pc=0x6d0e92c9)
0x6d0e92b9:   4f fc ff 8b 4c 24 08 8b 14 88 8b 0d 6c ff 12 6d
0x6d0e92c9:   8b 72 18 e8 af 4f fc ff 8b c6 5e c3 90 90 90 90 


Stack: [0x0f5a0000,0x0f620000),  sp=0x0f61f3c8,  free space=508k
Native frames: (J=compiled Java code, j=interpreted, Vv=VM code, C=native code)
C  [awt.dll+0xe92c9]
j  sun.awt.Win32GraphicsConfig.getBounds(I)Ljava/awt/Rectangle;+0
j  sun.awt.Win32GraphicsConfig.getBounds()Ljava/awt/Rectangle;+8
j  com.mathworks.mwswing.MJUtilities.getVirtualScreenBounds()Ljava/awt/Rectangle;+48
j  com.mathworks.mwswing.text.TokenMatchPopup.outOfScreenBounds(Ljava/awt/Rectangle;ZZ)Z+0
j  com.mathworks.mwswing.text.TokenMatchPopup.showIfNecessary(Ljavax/swing/text/JTextComponent;IZ)V+350
j  com.mathworks.widgets.text.MWCaret.doTokenMatchPopup(IZ)V+42
j  com.mathworks.widgets.text.MWCaret.drawNewMarks(ZZ[II)V+116
j  com.mathworks.widgets.text.MWCaret.updateMatchBrace(ZI)V+402
j  com.mathworks.widgets.text.MWCaret.updateMatchBrace(Z)V+6
j  com.mathworks.widgets.text.MWCaret.mousePressed(Ljava/awt/event/MouseEvent;)V+79
j  com.mathworks.mwswing.datatransfer.MWMouseDragGestureRecognizer.mousePressed(Ljava/awt/event/MouseEvent;)V+43
j  java.awt.AWTEventMulticaster.mousePressed(Ljava/awt/event/MouseEvent;)V+21
j  java.awt.AWTEventMulticaster.mousePressed(Ljava/awt/event/MouseEvent;)V+8
J  java.awt.Component.processMouseEvent(Ljava/awt/event/MouseEvent;)V
J  javax.swing.JComponent.processMouseEvent(Ljava/awt/event/MouseEvent;)V
J  java.awt.Component.processEvent(Ljava/awt/AWTEvent;)V
J  java.awt.Container.processEvent(Ljava/awt/AWTEvent;)V
J  java.awt.Component.dispatchEventImpl(Ljava/awt/AWTEvent;)V
J  java.awt.Container.dispatchEventImpl(Ljava/awt/AWTEvent;)V
J  java.awt.LightweightDispatcher.retargetMouseEvent(Ljava/awt/Component;ILjava/awt/event/MouseEvent;)V
J  java.awt.LightweightDispatcher.processMouseEvent(Ljava/awt/event/MouseEvent;)Z
J  java.awt.LightweightDispatcher.dispatchEvent(Ljava/awt/AWTEvent;)Z
J  java.awt.Container.dispatchEventImpl(Ljava/awt/AWTEvent;)V
J  java.awt.Window.dispatchEventImpl(Ljava/awt/AWTEvent;)V
J  java.awt.EventQueue.dispatchEvent(Ljava/awt/AWTEvent;)V
J  java.awt.EventDispatchThread.pumpOneEventForHierarchy(ILjava/awt/Component;)Z
J  java.awt.EventDispatchThread.pumpEventsForHierarchy(ILjava/awt/Conditional;Ljava/awt/Component;)V
v  ~OSRAdapter
j  java.awt.EventDispatchThread.pumpEvents(ILjava/awt/Conditional;)V+4
j  java.awt.EventDispatchThread.pumpEvents(Ljava/awt/Conditional;)V+3
j  java.awt.EventDispatchThread.run()V+9
v  ~StubRoutines::call_stub
V  [jvm.dll+0x8168d]
V  [jvm.dll+0xd4179]
V  [jvm.dll+0x8155e]
V  [jvm.dll+0x812bb]
V  [jvm.dll+0x9bbe9]
V  [jvm.dll+0xfe77f]
V  [jvm.dll+0xfe74d]
C  [msvcrt.dll+0x2a3b0]
C  [kernel32.dll+0xb683]

Java frames: (J=compiled Java code, j=interpreted, Vv=VM code)
j  sun.awt.Win32GraphicsConfig.getBounds(I)Ljava/awt/Rectangle;+0
j  sun.awt.Win32GraphicsConfig.getBounds()Ljava/awt/Rectangle;+8
j  com.mathworks.mwswing.MJUtilities.getVirtualScreenBounds()Ljava/awt/Rectangle;+48
j  com.mathworks.mwswing.text.TokenMatchPopup.outOfScreenBounds(Ljava/awt/Rectangle;ZZ)Z+0
j  com.mathworks.mwswing.text.TokenMatchPopup.showIfNecessary(Ljavax/swing/text/JTextComponent;IZ)V+350
j  com.mathworks.widgets.text.MWCaret.doTokenMatchPopup(IZ)V+42
j  com.mathworks.widgets.text.MWCaret.drawNewMarks(ZZ[II)V+116
j  com.mathworks.widgets.text.MWCaret.updateMatchBrace(ZI)V+402
j  com.mathworks.widgets.text.MWCaret.updateMatchBrace(Z)V+6
j  com.mathworks.widgets.text.MWCaret.mousePressed(Ljava/awt/event/MouseEvent;)V+79
j  com.mathworks.mwswing.datatransfer.MWMouseDragGestureRecognizer.mousePressed(Ljava/awt/event/MouseEvent;)V+43
j  java.awt.AWTEventMulticaster.mousePressed(Ljava/awt/event/MouseEvent;)V+21
j  java.awt.AWTEventMulticaster.mousePressed(Ljava/awt/event/MouseEvent;)V+8
J  java.awt.Component.processMouseEvent(Ljava/awt/event/MouseEvent;)V
J  javax.swing.JComponent.processMouseEvent(Ljava/awt/event/MouseEvent;)V
J  java.awt.Component.processEvent(Ljava/awt/AWTEvent;)V
J  java.awt.Container.processEvent(Ljava/awt/AWTEvent;)V
J  java.awt.Component.dispatchEventImpl(Ljava/awt/AWTEvent;)V
J  java.awt.Container.dispatchEventImpl(Ljava/awt/AWTEvent;)V
J  java.awt.LightweightDispatcher.retargetMouseEvent(Ljava/awt/Component;ILjava/awt/event/MouseEvent;)V
J  java.awt.LightweightDispatcher.processMouseEvent(Ljava/awt/event/MouseEvent;)Z
J  java.awt.LightweightDispatcher.dispatchEvent(Ljava/awt/AWTEvent;)Z
J  java.awt.Container.dispatchEventImpl(Ljava/awt/AWTEvent;)V
J  java.awt.Window.dispatchEventImpl(Ljava/awt/AWTEvent;)V
J  java.awt.EventQueue.dispatchEvent(Ljava/awt/AWTEvent;)V
J  java.awt.EventDispatchThread.pumpOneEventForHierarchy(ILjava/awt/Component;)Z
J  java.awt.EventDispatchThread.pumpEventsForHierarchy(ILjava/awt/Conditional;Ljava/awt/Component;)V
v  ~OSRAdapter
j  java.awt.EventDispatchThread.pumpEvents(ILjava/awt/Conditional;)V+4
j  java.awt.EventDispatchThread.pumpEvents(Ljava/awt/Conditional;)V+3
j  java.awt.EventDispatchThread.run()V+9
v  ~StubRoutines::call_stub

---------------  P R O C E S S  ---------------

Java Threads: ( => current thread )
  0x0f692198 JavaThread "Thread-38" [_thread_blocked, id=5868]
  0x0f117df8 JavaThread "Thread-35" [_thread_blocked, id=4448]
  0x0efb3ed0 JavaThread "Thread-32" [_thread_blocked, id=6044]
  0x0f675290 JavaThread "Thread-30" [_thread_blocked, id=5024]
  0x0efdc680 JavaThread "Thread-29" [_thread_blocked, id=3264]
  0x0ee3aa68 JavaThread "Prefs Updater" [_thread_blocked, id=1080]
  0x0f0644a0 JavaThread "Text-Layout" [_thread_blocked, id=3128]
  0x0f018840 JavaThread "Timer queue for AWT thread" daemon [_thread_blocked, id=5996]
  0x0f00f6c8 JavaThread "Thread-19" [_thread_blocked, id=6060]
  0x0ede8868 JavaThread "Thread-18" [_thread_blocked, id=3736]
  0x0f00e4e0 JavaThread "Thread-17" [_thread_blocked, id=4328]
  0x0f007c90 JavaThread "Thread-16" [_thread_blocked, id=4804]
  0x0f006e60 JavaThread "Thread-15" [_thread_blocked, id=5248]
  0x0f003e58 JavaThread "Thread-14" [_thread_blocked, id=3296]
  0x0effcb30 JavaThread "Thread-13" [_thread_blocked, id=5072]
  0x0effc378 JavaThread "Thread-12" [_thread_blocked, id=2312]
  0x0efd44f0 JavaThread "Thread-11" [_thread_blocked, id=2424]
  0x0efce818 JavaThread "Thread-10" [_thread_blocked, id=6112]
  0x0efcdf58 JavaThread "Thread-9" [_thread_blocked, id=748]
  0x0efcc1c8 JavaThread "Thread-8" [_thread_blocked, id=2212]
  0x0ef16b78 JavaThread "Thread-7" [_thread_blocked, id=4400]
  0x0ee23870 JavaThread "Thread-6" [_thread_blocked, id=3084]
  0x047b6d50 JavaThread "Timer-2" daemon [_thread_blocked, id=1700]
  0x0f63a200 JavaThread "Timer-1" [_thread_blocked, id=3860]
  0x0eebabe8 JavaThread "TimerQueue" daemon [_thread_blocked, id=3724]
=>0x0ee775a8 JavaThread "AWT-EventQueue-0" [_thread_in_native, id=4680]
  0x0ee7b378 JavaThread "AWT-Shutdown" [_thread_blocked, id=3604]
  0x0edfcda0 JavaThread "Java2D Disposer" daemon [_thread_blocked, id=4468]
  0x0ec25068 JavaThread "Timer-0" [_thread_blocked, id=5152]
  0x0ede8c60 JavaThread "AWT-Windows" daemon [_thread_in_native, id=2836]
  0x047e5340 JavaThread "Low Memory Detector" daemon [_thread_blocked, id=5912]
  0x047e3f18 JavaThread "CompilerThread0" daemon [_thread_blocked, id=5148]
  0x047e32a0 JavaThread "Signal Dispatcher" daemon [_thread_blocked, id=3588]
  0x047da6c0 JavaThread "Finalizer" daemon [_thread_blocked, id=1824]
  0x047d9230 JavaThread "Reference Handler" daemon [_thread_blocked, id=1164]
  0x002aac18 JavaThread "main" [_thread_in_native, id=5288]

Other Threads:
  0x047d5100 VMThread [id=2560]
  0x047e6520 WatcherThread [id=4284]

VM state:not at safepoint (normal execution)

VM Mutex/Monitor currently owned by a thread: None

Heap
 def new generation   total 14912K, used 4432K [0x06820000, 0x07840000, 0x08020000)
  eden space 13312K,  28% used [0x06820000, 0x06bc5d38, 0x07520000)
  from space 1600K,  43% used [0x076b0000, 0x0775e540, 0x07840000)
  to   space 1600K,   0% used [0x07520000, 0x07520000, 0x076b0000)
 tenured generation   total 49152K, used 41721K [0x08020000, 0x0b020000, 0x0c820000)
   the space 49152K,  84% used [0x08020000, 0x0a8de508, 0x0a8de600, 0x0b020000)
 compacting perm gen  total 22272K, used 22235K [0x0c820000, 0x0dde0000, 0x0e820000)
   the space 22272K,  99% used [0x0c820000, 0x0ddd6d40, 0x0ddd6e00, 0x0dde0000)
No shared spaces configured.

Dynamic libraries:
0x00400000 - 0x00506000 	E:\Matlab2006a\bin\win32\MATLAB.exe
0x7c910000 - 0x7c9c7000 	C:\WINDOWS\system32\ntdll.dll
0x7c800000 - 0x7c905000 	C:\WINDOWS\system32\kernel32.dll
0x78740000 - 0x78aa7000 	E:\Matlab2006a\bin\win32\m_interpreter.dll
0x78290000 - 0x78430000 	E:\Matlab2006a\bin\win32\xerces-c_2_6.dll
0x781f0000 - 0x78284000 	E:\Matlab2006a\bin\win32\icuuc32.dll
0x77da0000 - 0x77e4c000 	C:\WINDOWS\system32\ADVAPI32.dll
0x77e50000 - 0x77ee1000 	C:\WINDOWS\system32\RPCRT4.dll
0x10000000 - 0x10005000 	E:\Matlab2006a\bin\win32\icudt32.dll
0x7c340000 - 0x7c396000 	E:\Matlab2006a\bin\win32\MSVCR71.dll
0x78d20000 - 0x78d9b000 	E:\Matlab2006a\bin\win32\mlib.dll
0x78440000 - 0x784fa000 	E:\Matlab2006a\bin\win32\libut.dll
0x78100000 - 0x781aa000 	E:\Matlab2006a\bin\win32\icuin32.dll
0x781b0000 - 0x781bb000 	E:\Matlab2006a\bin\win32\icuio32.dll
0x7c3a0000 - 0x7c41b000 	E:\Matlab2006a\bin\win32\MSVCP71.dll
0x76c40000 - 0x76c68000 	C:\WINDOWS\system32\imagehlp.dll
0x77be0000 - 0x77c38000 	C:\WINDOWS\system32\msvcrt.dll
0x7e390000 - 0x7e420000 	C:\WINDOWS\system32\USER32.dll
0x77ef0000 - 0x77f37000 	C:\WINDOWS\system32\GDI32.dll
0x774a0000 - 0x775dd000 	C:\WINDOWS\system32\ole32.dll
0x770e0000 - 0x7716c000 	C:\WINDOWS\system32\OLEAUT32.dll
0x78dc0000 - 0x78fe1000 	E:\Matlab2006a\bin\win32\libmwservices.dll
0x76340000 - 0x7638a000 	C:\WINDOWS\system32\comdlg32.dll
0x77f40000 - 0x77fb6000 	C:\WINDOWS\system32\SHLWAPI.dll
0x58b50000 - 0x58bea000 	C:\WINDOWS\system32\COMCTL32.dll
0x7c9d0000 - 0x7d1f3000 	C:\WINDOWS\system32\SHELL32.dll
0x78500000 - 0x78540000 	E:\Matlab2006a\bin\win32\libmx.dll
0x78430000 - 0x7843e000 	E:\Matlab2006a\bin\win32\libz.dll
0x00220000 - 0x0027e000 	E:\Matlab2006a\bin\win32\libmwmathutil.dll
0x78570000 - 0x7858a000 	E:\Matlab2006a\bin\win32\mpath.dll
0x6fee0000 - 0x6ff34000 	C:\WINDOWS\system32\NETAPI32.dll
0x719f0000 - 0x71a07000 	C:\WINDOWS\system32\WS2_32.dll
0x719e0000 - 0x719e8000 	C:\WINDOWS\system32\WS2HELP.dll
0x78cd0000 - 0x78ce4000 	E:\Matlab2006a\bin\win32\m_pcodegen.dll
0x78c50000 - 0x78ccc000 	E:\Matlab2006a\bin\win32\m_ir.dll
0x78540000 - 0x7854f000 	E:\Matlab2006a\bin\win32\libmex.dll
0x786d0000 - 0x78740000 	E:\Matlab2006a\bin\win32\m_dispatcher.dll
0x78da0000 - 0x78db6000 	E:\Matlab2006a\bin\win32\datasvcs.dll
0x78560000 - 0x7856e000 	E:\Matlab2006a\bin\win32\mvalue.dll
0x78cf0000 - 0x78d04000 	E:\Matlab2006a\bin\win32\m_pcodeio.dll
0x78ab0000 - 0x78c47000 	E:\Matlab2006a\bin\win32\m_parser.dll
0x78d10000 - 0x78d1d000 	E:\Matlab2006a\bin\win32\ir_xfmr.dll
0x78590000 - 0x78632000 	E:\Matlab2006a\bin\win32\mcos.dll
0x78550000 - 0x7855e000 	E:\Matlab2006a\bin\win32\libmat.dll
0x793f0000 - 0x7940d000 	E:\Matlab2006a\bin\win32\mcr.dll
0x79ce0000 - 0x79d1b000 	E:\Matlab2006a\bin\win32\comcli.dll
0x79cb0000 - 0x79cdb000 	E:\Matlab2006a\bin\win32\jmi.dll
0x79d70000 - 0x79d90000 	E:\Matlab2006a\bin\win32\bridge.dll
0x78640000 - 0x786c3000 	E:\Matlab2006a\bin\win32\udd.dll
0x790e0000 - 0x79158000 	E:\Matlab2006a\bin\win32\uiw.dll
0x79160000 - 0x79183000 	E:\Matlab2006a\bin\win32\libuij.dll
0x791a0000 - 0x7923d000 	E:\Matlab2006a\bin\win32\libmwgui.dll
0x79190000 - 0x79199000 	E:\Matlab2006a\bin\win32\uinone.dll
0x793c0000 - 0x793eb000 	E:\Matlab2006a\bin\win32\libmwhardcopy.dll
0x7c140000 - 0x7c243000 	E:\Matlab2006a\bin\win32\MFC71.DLL
0x72f50000 - 0x72f76000 	C:\WINDOWS\system32\WINSPOOL.DRV
0x7c120000 - 0x7c139000 	E:\Matlab2006a\bin\win32\ATL71.DLL
0x79c40000 - 0x79c50000 	E:\Matlab2006a\bin\win32\mwoles05.dll
0x79c50000 - 0x79ca5000 	E:\Matlab2006a\bin\win32\udd_mi.dll
0x79d20000 - 0x79d29000 	E:\Matlab2006a\bin\win32\mlautoregister.dll
0x79240000 - 0x79397000 	E:\Matlab2006a\bin\win32\hg.dll
0x79410000 - 0x79582000 	E:\Matlab2006a\bin\win32\numerics.dll
0x79b80000 - 0x79b87000 	E:\Matlab2006a\bin\win32\libmwamd.dll
0x79b90000 - 0x79bc9000 	E:\Matlab2006a\bin\win32\libmwcholmod.dll
0x79bd0000 - 0x79bd6000 	E:\Matlab2006a\bin\win32\libmwcolamd.dll
0x79590000 - 0x795b3000 	E:\Matlab2006a\bin\win32\libmwlapack.dll
0x795f0000 - 0x79676000 	E:\Matlab2006a\bin\win32\libfftw3.dll
0x79680000 - 0x79701000 	E:\Matlab2006a\bin\win32\libfftw3f.dll
0x79be0000 - 0x79c35000 	E:\Matlab2006a\bin\win32\libmwumfpack.dll
0x77390000 - 0x77493000 	C:\WINDOWS\WinSxS\x86_Microsoft.Windows.Common-Controls_6595b64144ccf1df_6.0.2600.2982_x-ww_ac3f9c03\comctl32.dll
0x7c300000 - 0x7c30f000 	E:\Matlab2006a\bin\win32\MFC71FRA.DLL
0x795c0000 - 0x795e8000 	E:\Matlab2006a\bin\win32\mkl.dll
0x79710000 - 0x79b7f000 	E:\Matlab2006a\bin\win32\lapack.dll
0x01e20000 - 0x01eca000 	E:\Matlab2006a\bin\win32\libifcoremd.dll
0x01ed0000 - 0x02100000 	E:\Matlab2006a\bin\win32\libmmd.dll
0x741e0000 - 0x741e4000 	C:\WINDOWS\system32\icmp.Dll
0x76d10000 - 0x76d29000 	C:\WINDOWS\system32\iphlpapi.dll
0x77fc0000 - 0x77fd1000 	C:\WINDOWS\system32\Secur32.dll
0x74cd0000 - 0x74cee000 	C:\WINDOWS\system32\wshbth.dll
0x778e0000 - 0x779d8000 	C:\WINDOWS\system32\SETUPAPI.dll
0x71990000 - 0x719d0000 	C:\WINDOWS\System32\mswsock.dll
0x76ed0000 - 0x76ef7000 	C:\WINDOWS\system32\DNSAPI.dll
0x76f60000 - 0x76f68000 	C:\WINDOWS\System32\winrnr.dll
0x76f10000 - 0x76f3d000 	C:\WINDOWS\system32\WLDAP32.dll
0x5b090000 - 0x5b0c8000 	C:\WINDOWS\system32\uxtheme.dll
0x76f70000 - 0x76f76000 	C:\WINDOWS\system32\rasadhlp.dll
0x20b00000 - 0x20b4b000 	C:\WINDOWS\system32\imon.dll
0x71a10000 - 0x71a1a000 	C:\WINDOWS\system32\WSOCK32.dll
0x20c00000 - 0x20c0d000 	C:\Program Files\Eset\pr_imon.dll
0x62e40000 - 0x62e99000 	C:\WINDOWS\system32\hnetcfg.dll
0x719d0000 - 0x719d8000 	C:\WINDOWS\System32\wshtcpip.dll
0x74690000 - 0x746db000 	C:\WINDOWS\system32\MSCTF.dll
0x04440000 - 0x0446b000 	C:\Program Files\ScanSoft\OmniPageSE\ophook32.dll
0x77bd0000 - 0x77bd8000 	C:\WINDOWS\system32\VERSION.dll
0x6d640000 - 0x6d7c5000 	E:\Matlab2006a\sys\java\jre\win32\jre1.5.0\bin\client\jvm.dll
0x76ae0000 - 0x76b0f000 	C:\WINDOWS\system32\WINMM.dll
0x6d280000 - 0x6d288000 	E:\Matlab2006a\sys\java\jre\win32\jre1.5.0\bin\hpi.dll
0x76ba0000 - 0x76bab000 	C:\WINDOWS\system32\PSAPI.DLL
0x6d610000 - 0x6d61c000 	E:\Matlab2006a\sys\java\jre\win32\jre1.5.0\bin\verify.dll
0x6d300000 - 0x6d31d000 	E:\Matlab2006a\sys\java\jre\win32\jre1.5.0\bin\java.dll
0x6d630000 - 0x6d63f000 	E:\Matlab2006a\sys\java\jre\win32\jre1.5.0\bin\zip.dll
0x79d90000 - 0x79da2000 	E:\Matlab2006a\bin\win32\jmi_mi.dll
0x6d000000 - 0x6d166000 	E:\Matlab2006a\sys\java\jre\win32\jre1.5.0\bin\awt.dll
0x76320000 - 0x7633d000 	C:\WINDOWS\system32\IMM32.dll
0x7ac00000 - 0x7ac0c000 	E:\Matlab2006a\bin\win32\nativejava.dll
0x6d240000 - 0x6d27d000 	E:\Matlab2006a\sys\java\jre\win32\jre1.5.0\bin\fontmanager.dll
0x6d4c0000 - 0x6d4d3000 	E:\Matlab2006a\sys\java\jre\win32\jre1.5.0\bin\net.dll
0x6d4e0000 - 0x6d4e9000 	E:\Matlab2006a\sys\java\jre\win32\jre1.5.0\bin\nio.dll
0x04710000 - 0x04715000 	E:\Matlab2006a\bin\win32\nativeservices.dll
0x7ac10000 - 0x7ac1c000 	E:\Matlab2006a\bin\win32\nativelex.dll
0x0ffd0000 - 0x0ffd9000 	E:\Matlab2006a\bin\win32\nativemlint.dll
0x10010000 - 0x10035000 	E:\Matlab2006a\bin\win32\mwmlint.dll
0x60600000 - 0x6064a000 	C:\WINDOWS\System32\spool\DRIVERS\W32X86\3\hpzntp07.dll
0x6d1c0000 - 0x6d1e3000 	E:\Matlab2006a\sys\java\jre\win32\jre1.5.0\bin\dcpr.dll
0x78ff0000 - 0x790d8000 	E:\Matlab2006a\bin\win32\libmwbuiltins.dll
0x04110000 - 0x04163000 	E:\Matlab2006a\bin\win32\xmlcore.dll
0x042e0000 - 0x042e5000 	E:\Matlab2006a\toolbox\matlab\timefun\datenummx.mexw32
0x20000000 - 0x202da000 	C:\WINDOWS\system32\xpsp2res.dll
0x77b50000 - 0x77b72000 	C:\WINDOWS\system32\appHelp.dll
0x76f80000 - 0x76fff000 	C:\WINDOWS\system32\CLBCATQ.DLL
0x77000000 - 0x770d4000 	C:\WINDOWS\system32\COMRes.dll
0x765b0000 - 0x76606000 	C:\WINDOWS\System32\cscui.dll
0x76590000 - 0x765ad000 	C:\WINDOWS\System32\CSCDLL.dll
0x76930000 - 0x76956000 	C:\WINDOWS\system32\ntshrui.dll
0x76ac0000 - 0x76ad1000 	C:\WINDOWS\system32\ATL.DLL
0x76960000 - 0x76a15000 	C:\WINDOWS\system32\USERENV.dll

VM Arguments:
jvm_args: -Xss512k -XX:PermSize=16M -Xms64m -Xmx96m -XX:NewRatio=3 -XX:MaxPermSize=32M -Dsun.java2d.noddraw=true -Dsun.awt.nopixfmt=true -Xshare:off -Djava.library.path=E:\Matlab2006a\bin\win32 vfprintf abort
java_command: <unknown>

Environment Variables:
CLASSPATH=C:\Program Files\Java\j2re1.4.2\lib\ext\QTJava.zip
PATH=C:\WINDOWS\system32;C:\WINDOWS;C:\WINDOWS\system32\wbem;c:\program files\ati technologies\ati control panel;c:\program files\quicktime\qtsystem\;c:\program files\microsoft sql server\90\tools\binn\;E:\Matlab2006a\bin\win32;
USERNAME=chubar
OS=Windows_NT
PROCESSOR_IDENTIFIER=x86 Family 6 Model 13 Stepping 8, GenuineIntel


---------------  S Y S T E M  ---------------

OS: Windows XP Build 2600 Service Pack 2

CPU:total 1 family 6, cmov, cx8, fxsr, mmx, sse, sse2

Memory: 4k page, physical 1047952k(397284k free), swap 2519756k(1529796k free)

vm_info: Java HotSpot(TM) Client VM (1.5.0-b64) for windows-x86, built on Sep 15 2004 03:00:31 by "java_re" with MS VC++ 6.0

