#
# An unexpected error has been detected by HotSpot Virtual Machine:
#
#  EXCEPTION_ACCESS_VIOLATION (0xc0000005) at pc=0x6d0e92c9, pid=4512, tid=3604
#
# Java VM: Java HotSpot(TM) Client VM (1.5.0-b64 mixed mode)
# Problematic frame:
# C  [awt.dll+0xe92c9]
#

---------------  T H R E A D  ---------------

Current thread (0x0eea6df0):  JavaThread "AWT-EventQueue-0" [_thread_in_native, id=3604]

siginfo: ExceptionCode=0xc0000005, reading address 0x00000019

Registers:
EAX=0x0efc55d8, EBX=0x00000000, ECX=0x0ef7ef58, EDX=0x00000001
ESP=0x0f64f5ec, EBP=0x0f64f618, ESI=0x0d17a458, EDI=0x0eea6eac
EIP=0x6d0e92c9, EFLAGS=0x00010246

Top of Stack: (sp=0x0f64f5ec)
0x0f64f5ec:   0d17a458 6d0ea30d 00000001 0f64f604
0x0f64f5fc:   0eea6df0 0d17a458 00000000 00000000
0x0f64f60c:   00000000 00000000 0eeabf48 0f64f648
0x0f64f61c:   04dd826f 0ee08f0a 0f64f65c 00000001
0x0f64f62c:   0f64f62c 00000000 0f64f65c 0d17b8f0
0x0f64f63c:   00000000 0d17a458 0f64f658 0f64f67c
0x0f64f64c:   04dd29fa 00000000 04dd6453 00000001
0x0f64f65c:   07b19ca0 0f64f660 0d17a4d0 0f64f684 

Instructions: (pc=0x6d0e92c9)
0x6d0e92b9:   4f fc ff 8b 4c 24 08 8b 14 88 8b 0d 6c ff 12 6d
0x6d0e92c9:   8b 72 18 e8 af 4f fc ff 8b c6 5e c3 90 90 90 90 


Stack: [0x0f5d0000,0x0f650000),  sp=0x0f64f5ec,  free space=509k
Native frames: (J=compiled Java code, j=interpreted, Vv=VM code, C=native code)
C  [awt.dll+0xe92c9]
j  sun.awt.Win32GraphicsConfig.getBounds(I)Ljava/awt/Rectangle;+0
j  sun.awt.Win32GraphicsConfig.getBounds()Ljava/awt/Rectangle;+8
j  com.mathworks.mwswing.MJUtilities.getVirtualScreenBounds()Ljava/awt/Rectangle;+48
j  com.mathworks.mwswing.text.TokenMatchPopup.outOfScreenBounds(Ljava/awt/Rectangle;ZZ)Z+0
j  com.mathworks.mwswing.text.TokenMatchPopup.showIfNecessary(Ljavax/swing/text/JTextComponent;IZ)V+350
j  com.mathworks.mde.cmdwin.TokenMatcher.mark(IILcom/mathworks/mde/cmdwin/TokenMatcher$SearchData;)V+90
j  com.mathworks.mde.cmdwin.TokenMatcher.access$100(Lcom/mathworks/mde/cmdwin/TokenMatcher;IILcom/mathworks/mde/cmdwin/TokenMatcher$SearchData;)V+4
j  com.mathworks.mde.cmdwin.TokenMatcher$DeferredMarker.run()V+19
J  java.awt.event.InvocationEvent.dispatch()V
J  java.awt.EventQueue.dispatchEvent(Ljava/awt/AWTEvent;)V
J  java.awt.EventDispatchThread.pumpOneEventForHierarchy(ILjava/awt/Component;)Z
J  java.awt.EventDispatchThread.pumpEventsForHierarchy(ILjava/awt/Conditional;Ljava/awt/Component;)V
v  ~OSRAdapter
j  java.awt.EventDispatchThread.pumpEvents(ILjava/awt/Conditional;)V+4
j  java.awt.EventDispatchThread.pumpEvents(Ljava/awt/Conditional;)V+3
j  java.awt.EventDispatchThread.run()V+9
v  ~StubRoutines::call_stub
V  [jvm.dll+0x8168d]
V  [jvm.dll+0xd4179]
V  [jvm.dll+0x8155e]
V  [jvm.dll+0x812bb]
V  [jvm.dll+0x9bbe9]
V  [jvm.dll+0xfe77f]
V  [jvm.dll+0xfe74d]
C  [msvcrt.dll+0x2a3b0]
C  [kernel32.dll+0xb683]

Java frames: (J=compiled Java code, j=interpreted, Vv=VM code)
j  sun.awt.Win32GraphicsConfig.getBounds(I)Ljava/awt/Rectangle;+0
j  sun.awt.Win32GraphicsConfig.getBounds()Ljava/awt/Rectangle;+8
j  com.mathworks.mwswing.MJUtilities.getVirtualScreenBounds()Ljava/awt/Rectangle;+48
j  com.mathworks.mwswing.text.TokenMatchPopup.outOfScreenBounds(Ljava/awt/Rectangle;ZZ)Z+0
j  com.mathworks.mwswing.text.TokenMatchPopup.showIfNecessary(Ljavax/swing/text/JTextComponent;IZ)V+350
j  com.mathworks.mde.cmdwin.TokenMatcher.mark(IILcom/mathworks/mde/cmdwin/TokenMatcher$SearchData;)V+90
j  com.mathworks.mde.cmdwin.TokenMatcher.access$100(Lcom/mathworks/mde/cmdwin/TokenMatcher;IILcom/mathworks/mde/cmdwin/TokenMatcher$SearchData;)V+4
j  com.mathworks.mde.cmdwin.TokenMatcher$DeferredMarker.run()V+19
J  java.awt.event.InvocationEvent.dispatch()V
J  java.awt.EventQueue.dispatchEvent(Ljava/awt/AWTEvent;)V
J  java.awt.EventDispatchThread.pumpOneEventForHierarchy(ILjava/awt/Component;)Z
J  java.awt.EventDispatchThread.pumpEventsForHierarchy(ILjava/awt/Conditional;Ljava/awt/Component;)V
v  ~OSRAdapter
j  java.awt.EventDispatchThread.pumpEvents(ILjava/awt/Conditional;)V+4
j  java.awt.EventDispatchThread.pumpEvents(Ljava/awt/Conditional;)V+3
j  java.awt.EventDispatchThread.run()V+9
v  ~StubRoutines::call_stub

---------------  P R O C E S S  ---------------

Java Threads: ( => current thread )
  0x0ef67838 JavaThread "Thread-49" [_thread_blocked, id=3044]
  0x0ef88ca8 JavaThread "Thread-48" [_thread_blocked, id=5688]
  0x0ee56610 JavaThread "Thread-47" [_thread_blocked, id=3040]
  0x0ee68908 JavaThread "Thread-46" [_thread_blocked, id=3760]
  0x0ee807c0 JavaThread "Thread-45" [_thread_blocked, id=1256]
  0x0ee6ab08 JavaThread "Prefs Updater" [_thread_blocked, id=3172]
  0x0f819e40 JavaThread "Text-Layout" [_thread_blocked, id=1360]
  0x0f7b38d0 JavaThread "Thread-38" [_thread_blocked, id=5496]
  0x0f7b1ca0 JavaThread "Thread-37" [_thread_blocked, id=5096]
  0x0f7b0b60 JavaThread "Thread-36" [_thread_blocked, id=5504]
  0x0f7c0c68 JavaThread "Thread-35" [_thread_blocked, id=6028]
  0x0f7c06f0 JavaThread "Thread-34" [_thread_blocked, id=6020]
  0x0f7abc50 JavaThread "Thread-33" [_thread_blocked, id=5284]
  0x0ee61418 JavaThread "Thread-32" [_thread_blocked, id=4088]
  0x0ee611e0 JavaThread "Thread-31" [_thread_blocked, id=6012]
  0x0f7a6868 JavaThread "Thread-29" [_thread_blocked, id=1580]
  0x0f79f0e8 JavaThread "Thread-28" [_thread_blocked, id=5908]
  0x0f7a1e18 JavaThread "Thread-27" [_thread_blocked, id=724]
  0x0f7a0a08 JavaThread "Thread-26" [_thread_blocked, id=4544]
  0x0f79c838 JavaThread "Thread-25" [_thread_blocked, id=1028]
  0x0f79b538 JavaThread "Thread-24" [_thread_blocked, id=4752]
  0x0f793278 JavaThread "Thread-23" [_thread_blocked, id=5984]
  0x0f78f5f0 JavaThread "Thread-22" [_thread_blocked, id=4292]
  0x0f78e370 JavaThread "Thread-21" [_thread_blocked, id=5264]
  0x0f78d120 JavaThread "Thread-20" [_thread_blocked, id=2248]
  0x0ee858d0 JavaThread "Thread-19" [_thread_blocked, id=6036]
  0x0ee85718 JavaThread "Thread-18" [_thread_blocked, id=5388]
  0x0f783098 JavaThread "Thread-17" [_thread_blocked, id=5912]
  0x0f77ccb0 JavaThread "Thread-16" [_thread_blocked, id=4392]
  0x0f77bcf0 JavaThread "Thread-15" [_thread_blocked, id=5864]
  0x0f7755b0 JavaThread "Thread-14" [_thread_blocked, id=5028]
  0x0f770868 JavaThread "Thread-13" [_thread_blocked, id=3212]
  0x0f76ffd0 JavaThread "Thread-12" [_thread_blocked, id=5792]
  0x0f753a70 JavaThread "Thread-11" [_thread_blocked, id=1136]
  0x0f741d50 JavaThread "Thread-10" [_thread_blocked, id=1036]
  0x0f740bf0 JavaThread "Thread-9" [_thread_blocked, id=2580]
  0x0f7576f8 JavaThread "Thread-8" [_thread_blocked, id=5736]
  0x0f738008 JavaThread "Thread-7" [_thread_blocked, id=1024]
  0x0f695c38 JavaThread "Thread-6" [_thread_blocked, id=3672]
  0x0f6e6568 JavaThread "Timer-2" daemon [_thread_blocked, id=2712]
  0x0eeb1dd0 JavaThread "Timer-1" [_thread_blocked, id=2992]
  0x0eefe298 JavaThread "TimerQueue" daemon [_thread_blocked, id=5472]
=>0x0eea6df0 JavaThread "AWT-EventQueue-0" [_thread_in_native, id=3604]
  0x0ee29758 JavaThread "Java2D Disposer" daemon [_thread_blocked, id=5704]
  0x0edefb80 JavaThread "Timer-0" [_thread_blocked, id=3932]
  0x0edf38c0 JavaThread "AWT-Windows" daemon [_thread_in_native, id=4108]
  0x043940d0 JavaThread "AWT-Shutdown" [_thread_blocked, id=4160]
  0x03e05350 JavaThread "Low Memory Detector" daemon [_thread_blocked, id=5332]
  0x03e03f28 JavaThread "CompilerThread0" daemon [_thread_blocked, id=4924]
  0x03e032b0 JavaThread "Signal Dispatcher" daemon [_thread_blocked, id=4268]
  0x03dfa6b0 JavaThread "Finalizer" daemon [_thread_blocked, id=3092]
  0x03df9220 JavaThread "Reference Handler" daemon [_thread_blocked, id=4712]
  0x002aac30 JavaThread "main" [_thread_in_native, id=4600]

Other Threads:
  0x03df50f0 VMThread [id=5364]
  0x03e06528 WatcherThread [id=2640]

VM state:not at safepoint (normal execution)

VM Mutex/Monitor currently owned by a thread: None

Heap
 def new generation   total 15872K, used 14269K [0x06dd0000, 0x07f00000, 0x085d0000)
  eden space 14144K,  97% used [0x06dd0000, 0x07b377c0, 0x07ba0000)
  from space 1728K,  31% used [0x07d50000, 0x07dd7d08, 0x07f00000)
  to   space 1728K,   0% used [0x07ba0000, 0x07ba0000, 0x07d50000)
 tenured generation   total 52136K, used 43071K [0x085d0000, 0x0b8ba000, 0x0cdd0000)
   the space 52136K,  82% used [0x085d0000, 0x0afdffc8, 0x0afe0000, 0x0b8ba000)
 compacting perm gen  total 20736K, used 20591K [0x0cdd0000, 0x0e210000, 0x0edd0000)
   the space 20736K,  99% used [0x0cdd0000, 0x0e1ebe50, 0x0e1ec000, 0x0e210000)
No shared spaces configured.

Dynamic libraries:
0x00400000 - 0x00506000 	E:\Matlab2006a\bin\win32\MATLAB.exe
0x7c910000 - 0x7c9c7000 	C:\WINDOWS\system32\ntdll.dll
0x7c800000 - 0x7c905000 	C:\WINDOWS\system32\kernel32.dll
0x78740000 - 0x78aa7000 	E:\Matlab2006a\bin\win32\m_interpreter.dll
0x78290000 - 0x78430000 	E:\Matlab2006a\bin\win32\xerces-c_2_6.dll
0x781f0000 - 0x78284000 	E:\Matlab2006a\bin\win32\icuuc32.dll
0x77da0000 - 0x77e4c000 	C:\WINDOWS\system32\ADVAPI32.dll
0x77e50000 - 0x77ee1000 	C:\WINDOWS\system32\RPCRT4.dll
0x10000000 - 0x10005000 	E:\Matlab2006a\bin\win32\icudt32.dll
0x7c340000 - 0x7c396000 	E:\Matlab2006a\bin\win32\MSVCR71.dll
0x78d20000 - 0x78d9b000 	E:\Matlab2006a\bin\win32\mlib.dll
0x78440000 - 0x784fa000 	E:\Matlab2006a\bin\win32\libut.dll
0x78100000 - 0x781aa000 	E:\Matlab2006a\bin\win32\icuin32.dll
0x781b0000 - 0x781bb000 	E:\Matlab2006a\bin\win32\icuio32.dll
0x7c3a0000 - 0x7c41b000 	E:\Matlab2006a\bin\win32\MSVCP71.dll
0x76c40000 - 0x76c68000 	C:\WINDOWS\system32\imagehlp.dll
0x77be0000 - 0x77c38000 	C:\WINDOWS\system32\msvcrt.dll
0x7e390000 - 0x7e420000 	C:\WINDOWS\system32\USER32.dll
0x77ef0000 - 0x77f37000 	C:\WINDOWS\system32\GDI32.dll
0x774a0000 - 0x775dd000 	C:\WINDOWS\system32\ole32.dll
0x770e0000 - 0x7716c000 	C:\WINDOWS\system32\OLEAUT32.dll
0x78dc0000 - 0x78fe1000 	E:\Matlab2006a\bin\win32\libmwservices.dll
0x76340000 - 0x7638a000 	C:\WINDOWS\system32\comdlg32.dll
0x77f40000 - 0x77fb6000 	C:\WINDOWS\system32\SHLWAPI.dll
0x58b50000 - 0x58bea000 	C:\WINDOWS\system32\COMCTL32.dll
0x7c9d0000 - 0x7d1f3000 	C:\WINDOWS\system32\SHELL32.dll
0x78500000 - 0x78540000 	E:\Matlab2006a\bin\win32\libmx.dll
0x78430000 - 0x7843e000 	E:\Matlab2006a\bin\win32\libz.dll
0x00220000 - 0x0027e000 	E:\Matlab2006a\bin\win32\libmwmathutil.dll
0x78570000 - 0x7858a000 	E:\Matlab2006a\bin\win32\mpath.dll
0x6fee0000 - 0x6ff34000 	C:\WINDOWS\system32\NETAPI32.dll
0x719f0000 - 0x71a07000 	C:\WINDOWS\system32\WS2_32.dll
0x719e0000 - 0x719e8000 	C:\WINDOWS\system32\WS2HELP.dll
0x78cd0000 - 0x78ce4000 	E:\Matlab2006a\bin\win32\m_pcodegen.dll
0x78c50000 - 0x78ccc000 	E:\Matlab2006a\bin\win32\m_ir.dll
0x78540000 - 0x7854f000 	E:\Matlab2006a\bin\win32\libmex.dll
0x786d0000 - 0x78740000 	E:\Matlab2006a\bin\win32\m_dispatcher.dll
0x78da0000 - 0x78db6000 	E:\Matlab2006a\bin\win32\datasvcs.dll
0x78560000 - 0x7856e000 	E:\Matlab2006a\bin\win32\mvalue.dll
0x78cf0000 - 0x78d04000 	E:\Matlab2006a\bin\win32\m_pcodeio.dll
0x78ab0000 - 0x78c47000 	E:\Matlab2006a\bin\win32\m_parser.dll
0x78d10000 - 0x78d1d000 	E:\Matlab2006a\bin\win32\ir_xfmr.dll
0x78590000 - 0x78632000 	E:\Matlab2006a\bin\win32\mcos.dll
0x78550000 - 0x7855e000 	E:\Matlab2006a\bin\win32\libmat.dll
0x793f0000 - 0x7940d000 	E:\Matlab2006a\bin\win32\mcr.dll
0x79ce0000 - 0x79d1b000 	E:\Matlab2006a\bin\win32\comcli.dll
0x79cb0000 - 0x79cdb000 	E:\Matlab2006a\bin\win32\jmi.dll
0x79d70000 - 0x79d90000 	E:\Matlab2006a\bin\win32\bridge.dll
0x78640000 - 0x786c3000 	E:\Matlab2006a\bin\win32\udd.dll
0x790e0000 - 0x79158000 	E:\Matlab2006a\bin\win32\uiw.dll
0x79160000 - 0x79183000 	E:\Matlab2006a\bin\win32\libuij.dll
0x791a0000 - 0x7923d000 	E:\Matlab2006a\bin\win32\libmwgui.dll
0x79190000 - 0x79199000 	E:\Matlab2006a\bin\win32\uinone.dll
0x793c0000 - 0x793eb000 	E:\Matlab2006a\bin\win32\libmwhardcopy.dll
0x7c140000 - 0x7c243000 	E:\Matlab2006a\bin\win32\MFC71.DLL
0x72f50000 - 0x72f76000 	C:\WINDOWS\system32\WINSPOOL.DRV
0x7c120000 - 0x7c139000 	E:\Matlab2006a\bin\win32\ATL71.DLL
0x79c40000 - 0x79c50000 	E:\Matlab2006a\bin\win32\mwoles05.dll
0x79c50000 - 0x79ca5000 	E:\Matlab2006a\bin\win32\udd_mi.dll
0x79d20000 - 0x79d29000 	E:\Matlab2006a\bin\win32\mlautoregister.dll
0x79240000 - 0x79397000 	E:\Matlab2006a\bin\win32\hg.dll
0x79410000 - 0x79582000 	E:\Matlab2006a\bin\win32\numerics.dll
0x79b80000 - 0x79b87000 	E:\Matlab2006a\bin\win32\libmwamd.dll
0x79b90000 - 0x79bc9000 	E:\Matlab2006a\bin\win32\libmwcholmod.dll
0x79bd0000 - 0x79bd6000 	E:\Matlab2006a\bin\win32\libmwcolamd.dll
0x79590000 - 0x795b3000 	E:\Matlab2006a\bin\win32\libmwlapack.dll
0x795f0000 - 0x79676000 	E:\Matlab2006a\bin\win32\libfftw3.dll
0x79680000 - 0x79701000 	E:\Matlab2006a\bin\win32\libfftw3f.dll
0x79be0000 - 0x79c35000 	E:\Matlab2006a\bin\win32\libmwumfpack.dll
0x77390000 - 0x77493000 	C:\WINDOWS\WinSxS\x86_Microsoft.Windows.Common-Controls_6595b64144ccf1df_6.0.2600.2982_x-ww_ac3f9c03\comctl32.dll
0x7c300000 - 0x7c30f000 	E:\Matlab2006a\bin\win32\MFC71FRA.DLL
0x795c0000 - 0x795e8000 	E:\Matlab2006a\bin\win32\mkl.dll
0x79710000 - 0x79b7f000 	E:\Matlab2006a\bin\win32\lapack.dll
0x01e20000 - 0x01eca000 	E:\Matlab2006a\bin\win32\libifcoremd.dll
0x01ed0000 - 0x02100000 	E:\Matlab2006a\bin\win32\libmmd.dll
0x741e0000 - 0x741e4000 	C:\WINDOWS\system32\icmp.Dll
0x76d10000 - 0x76d29000 	C:\WINDOWS\system32\iphlpapi.dll
0x77fc0000 - 0x77fd1000 	C:\WINDOWS\system32\Secur32.dll
0x74cd0000 - 0x74cee000 	C:\WINDOWS\system32\wshbth.dll
0x778e0000 - 0x779d8000 	C:\WINDOWS\system32\SETUPAPI.dll
0x71990000 - 0x719d0000 	C:\WINDOWS\System32\mswsock.dll
0x76ed0000 - 0x76ef7000 	C:\WINDOWS\system32\DNSAPI.dll
0x76f60000 - 0x76f68000 	C:\WINDOWS\System32\winrnr.dll
0x76f10000 - 0x76f3d000 	C:\WINDOWS\system32\WLDAP32.dll
0x5b090000 - 0x5b0c8000 	C:\WINDOWS\system32\uxtheme.dll
0x76f70000 - 0x76f76000 	C:\WINDOWS\system32\rasadhlp.dll
0x20b00000 - 0x20b4b000 	C:\WINDOWS\system32\imon.dll
0x71a10000 - 0x71a1a000 	C:\WINDOWS\system32\WSOCK32.dll
0x20c00000 - 0x20c0d000 	C:\Program Files\Eset\pr_imon.dll
0x62e40000 - 0x62e99000 	C:\WINDOWS\system32\hnetcfg.dll
0x719d0000 - 0x719d8000 	C:\WINDOWS\System32\wshtcpip.dll
0x74690000 - 0x746db000 	C:\WINDOWS\system32\MSCTF.dll
0x04440000 - 0x0446b000 	C:\Program Files\ScanSoft\OmniPageSE\ophook32.dll
0x77bd0000 - 0x77bd8000 	C:\WINDOWS\system32\VERSION.dll
0x6d640000 - 0x6d7c5000 	E:\Matlab2006a\sys\java\jre\win32\jre1.5.0\bin\client\jvm.dll
0x76ae0000 - 0x76b0f000 	C:\WINDOWS\system32\WINMM.dll
0x6d280000 - 0x6d288000 	E:\Matlab2006a\sys\java\jre\win32\jre1.5.0\bin\hpi.dll
0x76ba0000 - 0x76bab000 	C:\WINDOWS\system32\PSAPI.DLL
0x6d610000 - 0x6d61c000 	E:\Matlab2006a\sys\java\jre\win32\jre1.5.0\bin\verify.dll
0x6d300000 - 0x6d31d000 	E:\Matlab2006a\sys\java\jre\win32\jre1.5.0\bin\java.dll
0x6d630000 - 0x6d63f000 	E:\Matlab2006a\sys\java\jre\win32\jre1.5.0\bin\zip.dll
0x79d90000 - 0x79da2000 	E:\Matlab2006a\bin\win32\jmi_mi.dll
0x6d000000 - 0x6d166000 	E:\Matlab2006a\sys\java\jre\win32\jre1.5.0\bin\awt.dll
0x76320000 - 0x7633d000 	C:\WINDOWS\system32\IMM32.dll
0x7ac00000 - 0x7ac0c000 	E:\Matlab2006a\bin\win32\nativejava.dll
0x6d240000 - 0x6d27d000 	E:\Matlab2006a\sys\java\jre\win32\jre1.5.0\bin\fontmanager.dll
0x6d4c0000 - 0x6d4d3000 	E:\Matlab2006a\sys\java\jre\win32\jre1.5.0\bin\net.dll
0x6d4e0000 - 0x6d4e9000 	E:\Matlab2006a\sys\java\jre\win32\jre1.5.0\bin\nio.dll
0x043c0000 - 0x043c5000 	E:\Matlab2006a\bin\win32\nativeservices.dll
0x7ac10000 - 0x7ac1c000 	E:\Matlab2006a\bin\win32\nativelex.dll
0x043e0000 - 0x043e9000 	E:\Matlab2006a\bin\win32\nativemlint.dll
0x0ff50000 - 0x0ff75000 	E:\Matlab2006a\bin\win32\mwmlint.dll
0x60600000 - 0x6064a000 	C:\WINDOWS\System32\spool\DRIVERS\W32X86\3\hpzntp07.dll
0x6d1c0000 - 0x6d1e3000 	E:\Matlab2006a\sys\java\jre\win32\jre1.5.0\bin\dcpr.dll
0x78ff0000 - 0x790d8000 	E:\Matlab2006a\bin\win32\libmwbuiltins.dll
0x04a20000 - 0x04a73000 	E:\Matlab2006a\bin\win32\xmlcore.dll
0x04c00000 - 0x04c05000 	E:\Matlab2006a\toolbox\matlab\timefun\datenummx.mexw32
0x20000000 - 0x202da000 	C:\WINDOWS\system32\xpsp2res.dll

VM Arguments:
jvm_args: -Xss512k -XX:PermSize=16M -Xms64m -Xmx96m -XX:NewRatio=3 -XX:MaxPermSize=32M -Dsun.java2d.noddraw=true -Dsun.awt.nopixfmt=true -Xshare:off -Djava.library.path=E:\Matlab2006a\bin\win32 vfprintf abort
java_command: <unknown>

Environment Variables:
CLASSPATH=C:\Program Files\Java\j2re1.4.2\lib\ext\QTJava.zip
PATH=C:\WINDOWS\system32;C:\WINDOWS;C:\WINDOWS\system32\wbem;c:\program files\ati technologies\ati control panel;c:\program files\quicktime\qtsystem\;c:\program files\microsoft sql server\90\tools\binn\;E:\Matlab2006a\bin\win32;
USERNAME=chubar
OS=Windows_NT
PROCESSOR_IDENTIFIER=x86 Family 6 Model 13 Stepping 8, GenuineIntel


---------------  S Y S T E M  ---------------

OS: Windows XP Build 2600 Service Pack 2

CPU:total 1 family 6, cmov, cx8, fxsr, mmx, sse, sse2

Memory: 4k page, physical 1047952k(341092k free), swap 2519756k(1698616k free)

vm_info: Java HotSpot(TM) Client VM (1.5.0-b64) for windows-x86, built on Sep 15 2004 03:00:31 by "java_re" with MS VC++ 6.0

