#
# An unexpected error has been detected by HotSpot Virtual Machine:
#
#  Internal Error (53484152454432554E54494D450E43505001A1), pid=25356, tid=126262192
#
# Java VM: Java HotSpot(TM) Client VM (1.5.0-b64 mixed mode)

---------------  T H R E A D  ---------------

Current thread (0xa8c5f550):  JavaThread "AWT-EventQueue-0" [_thread_in_Java, id=25416]

Stack: [0x077e9000,0x0786a000),  sp=0x0965f04c,  free space=31192k
Native frames: (J=compiled Java code, j=interpreted, Vv=VM code, C=native code)
V  [libjvm.so+0x2dcf73]
V  [libjvm.so+0x119d6c]
V  [libjvm.so+0x285854]
V  [libjvm.so+0x258d7c]
C  [libmwjmi.so+0x19f60]
C  [libmwbridge.so+0x19d0b]


---------------  P R O C E S S  ---------------

Java Threads: ( => current thread )
  0xa7f6a538 JavaThread "Thread-24" [_thread_blocked, id=11047]
  0xa7603df8 JavaThread "Thread-21" [_thread_blocked, id=27311]
  0xa76038c8 JavaThread "Prefs Updater" [_thread_blocked, id=27310]
  0x09bd13d0 JavaThread "Thread-20" [_thread_blocked, id=25443]
  0x0983c958 JavaThread "Text-Layout" [_thread_blocked, id=25435]
  0xa882adc8 JavaThread "Thread-13" [_thread_blocked, id=25432]
  0xa88280d0 JavaThread "Thread-12" [_thread_blocked, id=25431]
  0xa8825fa8 JavaThread "Thread-11" [_thread_blocked, id=25430]
  0xa8822ac0 JavaThread "Thread-10" [_thread_blocked, id=25429]
  0xa881e768 JavaThread "Thread-9" [_thread_blocked, id=25428]
  0xa88136e0 JavaThread "Thread-8" [_thread_blocked, id=25427]
  0xa880ec08 JavaThread "Thread-7" [_thread_blocked, id=25426]
  0xa8809110 JavaThread "Thread-6" [_thread_blocked, id=25425]
  0xa8cfd2e0 JavaThread "Thread-5" [_thread_blocked, id=25424]
  0xa8cf3fc0 JavaThread "Thread-4" [_thread_blocked, id=25423]
  0xa8ce2ca8 JavaThread "Thread-3" [_thread_blocked, id=25421]
  0x099ab7e0 JavaThread "TimerQueue" daemon [_thread_blocked, id=25419]
=>0xa8c5f550 JavaThread "AWT-EventQueue-0" [_thread_in_Java, id=25416]
  0xa8c5f0d0 JavaThread "AWT-Shutdown" [_thread_blocked, id=25415]
  0xa8c5baf8 JavaThread "AWT-XAWT" daemon [_thread_blocked, id=25414]
  0xa8c545a0 JavaThread "Java2D Disposer" daemon [_thread_blocked, id=25413]
  0xaa2351d8 JavaThread "Timer-0" [_thread_blocked, id=25412]
  0xaa201890 JavaThread "Low Memory Detector" daemon [_thread_blocked, id=25409]
  0xaa200470 JavaThread "CompilerThread0" daemon [_thread_blocked, id=25408]
  0x096de0c0 JavaThread "Signal Dispatcher" daemon [_thread_blocked, id=25407]
  0x096d4030 JavaThread "Finalizer" daemon [_thread_blocked, id=25406]
  0x096d3320 JavaThread "Reference Handler" daemon [_thread_blocked, id=25405]
  0x09677e98 JavaThread "main" [_thread_blocked, id=25356]

Other Threads:
  0x096cf020 VMThread [id=25404]
  0xaa202f30 WatcherThread [id=25411]

VM state:synchronizing (normal execution)

VM Mutex/Monitor currently owned by a thread:  ([mutex/lock_event])
[0x09677260/0x09677288] Safepoint_lock - owner thread: 0x096cf020
[0x096772e0/0x09677308] Threads_lock - owner thread: 0x096cf020
[0x09677730/0x09677748] Heap_lock - owner thread: 0x09677e98

Heap
 def new generation   total 14912K, used 13369K [0xaa350000, 0xab370000, 0xabb50000)
  eden space 13312K, 100% used [0xaa350000, 0xab050000, 0xab050000)
  from space 1600K,   3% used [0xab050000, 0xab05e718, 0xab1e0000)
  to   space 1600K,   0% used [0xab1e0000, 0xab1e0000, 0xab370000)
 tenured generation   total 49152K, used 19956K [0xabb50000, 0xaeb50000, 0xb0350000)
   the space 49152K,  40% used [0xabb50000, 0xacecd188, 0xacecd200, 0xaeb50000)
 compacting perm gen  total 20992K, used 20848K [0xb0350000, 0xb17d0000, 0xb2350000)
   the space 20992K,  99% used [0xb0350000, 0xb17ac040, 0xb17ac200, 0xb17d0000)
No shared spaces configured.

Dynamic libraries:
00111000-0023c000 r-xp 00000000 00:13 1704681    /usr/Local/matlab2006a_pre/bin/glnx86/libmwservices.so
0023c000-00255000 rw-p 0012a000 00:13 1704681    /usr/Local/matlab2006a_pre/bin/glnx86/libmwservices.so
00255000-00269000 rw-p 00255000 00:00 0 
00269000-00279000 r-xp 00000000 00:13 1704675    /usr/Local/matlab2006a_pre/bin/glnx86/libmwmvalue.so
00279000-0027c000 rw-p 0000f000 00:13 1704675    /usr/Local/matlab2006a_pre/bin/glnx86/libmwmvalue.so
0027c000-00284000 r-xp 00000000 00:13 2934748    /usr/Local/matlab2006a_pre/sys/os/glnx86/libgcc_s.so.1
00284000-00285000 rw-p 00007000 00:13 2934748    /usr/Local/matlab2006a_pre/sys/os/glnx86/libgcc_s.so.1
00285000-0028d000 r-xp 00000000 fd:00 4767819    /lib/tls/librt-2.3.4.so
0028d000-0028f000 rw-p 00007000 fd:00 4767819    /lib/tls/librt-2.3.4.so
0028f000-00299000 rw-p 0028f000 00:00 0 
00299000-002a2000 r-xp 00000000 00:13 1163833    /usr/Local/matlab2006a_pre/bin/glnx86/libicuio.so.32
002a2000-002a4000 rw-p 00008000 00:13 1163833    /usr/Local/matlab2006a_pre/bin/glnx86/libicuio.so.32
002a4000-002b1000 r-xp 00000000 00:13 1188631    /usr/Local/matlab2006a_pre/bin/glnx86/libz.so
002b1000-002b3000 rw-p 0000d000 00:13 1188631    /usr/Local/matlab2006a_pre/bin/glnx86/libz.so
002b3000-002b6000 r-xp 00000000 00:13 1814654    /usr/Local/matlab2006a_pre/sys/os/glnx86/libtermcap.so
002b6000-002b7000 rw-p 00002000 00:13 1814654    /usr/Local/matlab2006a_pre/sys/os/glnx86/libtermcap.so
002b7000-002bf000 r-xp 00000000 00:13 1163838    /usr/Local/matlab2006a_pre/bin/glnx86/libmat.so
002bf000-002c1000 rw-p 00007000 00:13 1163838    /usr/Local/matlab2006a_pre/bin/glnx86/libmat.so
002c1000-002c7000 r-xp 00000000 00:13 1704689    /usr/Local/matlab2006a_pre/bin/glnx86/libmwuinone.so
002c7000-002c8000 rw-p 00005000 00:13 1704689    /usr/Local/matlab2006a_pre/bin/glnx86/libmwuinone.so
002c8000-002e1000 r-xp 00000000 00:13 2361470    /usr/Local/matlab2006a_pre/bin/glnx86/libmwdatasvcs.so
002e1000-002e5000 rw-p 00018000 00:13 2361470    /usr/Local/matlab2006a_pre/bin/glnx86/libmwdatasvcs.so
002e5000-002e6000 r--p 002e5000 00:00 0 
002e6000-0038a000 r-xp 00000000 00:13 86455      /usr/Local/matlab2006a_pre/bin/glnx86/libmwm_dispatcher.so
0038a000-00399000 rw-p 000a4000 00:13 86455      /usr/Local/matlab2006a_pre/bin/glnx86/libmwm_dispatcher.so
00399000-0039a000 rw-p 00399000 00:00 0 
0039a000-0044a000 r-xp 00000000 00:13 1814652    /usr/Local/matlab2006a_pre/sys/os/glnx86/libstdc++.so.6
0044a000-00462000 rw-p 000af000 00:13 1814652    /usr/Local/matlab2006a_pre/sys/os/glnx86/libstdc++.so.6
00462000-00467000 rw-p 00462000 00:00 0 
00467000-0052a000 r-xp 00000000 00:13 1163836    /usr/Local/matlab2006a_pre/bin/glnx86/libicuuc.so.32
0052a000-0053d000 rw-p 000c2000 00:13 1163836    /usr/Local/matlab2006a_pre/bin/glnx86/libicuuc.so.32
0053d000-0053e000 rw-p 0053d000 00:00 0 
0053e000-0063c000 r-xp 00000000 00:13 1163830    /usr/Local/matlab2006a_pre/bin/glnx86/libicui18n.so.32
0063c000-0065a000 rw-p 000fd000 00:13 1163830    /usr/Local/matlab2006a_pre/bin/glnx86/libicui18n.so.32
0065a000-0065b000 rw-p 0065a000 00:00 0 
0065b000-006e2000 r-xp 00000000 00:13 2183569    /usr/Local/matlab2006a_pre/bin/glnx86/libmwmathutil.so
006e2000-006e9000 rw-p 00086000 00:13 2183569    /usr/Local/matlab2006a_pre/bin/glnx86/libmwmathutil.so
006e9000-006ea000 rw-p 006e9000 00:00 0 
006ea000-006eb000 r-xp 00000000 00:13 140767     /usr/Local/matlab2006a_pre/bin/glnx86/libMTwister.so
006eb000-006ec000 rw-p 00001000 00:13 140767     /usr/Local/matlab2006a_pre/bin/glnx86/libMTwister.so
006ec000-006f6000 r-xp 00000000 00:13 86447      /usr/Local/matlab2006a_pre/bin/glnx86/libmwir_xfmr.so
006f6000-006f7000 rw-p 0000a000 00:13 86447      /usr/Local/matlab2006a_pre/bin/glnx86/libmwir_xfmr.so
006f7000-006f8000 r-xp 00000000 fd:00 3965897    /usr/X11R6/lib/X11/locale/lib/common/xlcUTF8Load.so.2
006f8000-006f9000 rw-p 00000000 fd:00 3965897    /usr/X11R6/lib/X11/locale/lib/common/xlcUTF8Load.so.2
006f9000-006fa000 r-xp 00000000 00:13 3283445    /usr/Local/matlab2006a_pre/bin/glnx86/libnativeservices.so
006fa000-006fb000 rw-p 00000000 00:13 3283445    /usr/Local/matlab2006a_pre/bin/glnx86/libnativeservices.so
006fb000-00719000 r-xp 00000000 00:13 2183573    /usr/Local/matlab2006a_pre/bin/glnx86/libmwmcr.so
00719000-0071d000 rw-p 0001d000 00:13 2183573    /usr/Local/matlab2006a_pre/bin/glnx86/libmwmcr.so
0071d000-0071f000 rw-p 0071d000 00:00 0 
0071f000-007b2000 r-xp 00000000 00:13 1704685    /usr/Local/matlab2006a_pre/bin/glnx86/libmwudd.so
007b2000-007d3000 rw-p 00092000 00:13 1704685    /usr/Local/matlab2006a_pre/bin/glnx86/libmwudd.so
007d3000-007d4000 rw-p 007d3000 00:00 0 
007d4000-007fd000 r-xp 00000000 00:13 1188622    /usr/Local/matlab2006a_pre/bin/glnx86/libuij.so
007fd000-00804000 rw-p 00028000 00:13 1188622    /usr/Local/matlab2006a_pre/bin/glnx86/libuij.so
00804000-00830000 r-xp 00000000 00:13 86441      /usr/Local/matlab2006a_pre/bin/glnx86/libmwhardcopy.so
00830000-00834000 rw-p 0002b000 00:13 86441      /usr/Local/matlab2006a_pre/bin/glnx86/libmwhardcopy.so
00834000-00835000 rw-p 00834000 00:00 0 
00835000-00842000 r-xp 00000000 fd:00 3863186    /usr/X11R6/lib/libXext.so.6.4
00842000-00843000 rw-p 0000c000 fd:00 3863186    /usr/X11R6/lib/libXext.so.6.4
00843000-0084a000 r-xp 00000000 fd:00 3857961    /usr/X11R6/lib/libXp.so.6.2
0084a000-0084b000 rw-p 00006000 fd:00 3857961    /usr/X11R6/lib/libXp.so.6.2
0084b000-0084f000 r-xp 00000000 00:13 2361468    /usr/Local/matlab2006a_pre/bin/glnx86/libmwcolamd.so
0084f000-00850000 rw-p 00003000 00:13 2361468    /usr/Local/matlab2006a_pre/bin/glnx86/libmwcolamd.so
00850000-00852000 r-xp 00000000 00:13 3283439    /usr/Local/matlab2006a_pre/bin/glnx86/libnativejava.so
00852000-00853000 rw-p 00001000 00:13 3283439    /usr/Local/matlab2006a_pre/bin/glnx86/libnativejava.so
00854000-00869000 r-xp 00000000 fd:00 4767758    /lib/ld-2.3.4.so
00869000-0086a000 r--p 00015000 fd:00 4767758    /lib/ld-2.3.4.so
0086a000-0086b000 rw-p 00016000 fd:00 4767758    /lib/ld-2.3.4.so
0086b000-0086c000 r-xp 00000000 00:13 3283443    /usr/Local/matlab2006a_pre/bin/glnx86/libnativemlint.so
0086c000-0086d000 rw-p 00000000 00:13 3283443    /usr/Local/matlab2006a_pre/bin/glnx86/libnativemlint.so
0086d000-00991000 r-xp 00000000 fd:00 4767771    /lib/tls/libc-2.3.4.so
00991000-00992000 r--p 00124000 fd:00 4767771    /lib/tls/libc-2.3.4.so
00992000-00995000 rw-p 00125000 fd:00 4767771    /lib/tls/libc-2.3.4.so
00995000-00997000 rw-p 00995000 00:00 0 
00997000-00998000 r-xp 00000000 00:13 2676866    /usr/Local/matlab2006a_pre/sys/java/jre/glnx86/jre1.5.0/lib/i386/libjawt.so
00998000-00999000 rw-p 00000000 00:13 2676866    /usr/Local/matlab2006a_pre/sys/java/jre/glnx86/jre1.5.0/lib/i386/libjawt.so
00999000-0099b000 r-xp 00000000 fd:00 4767777    /lib/libdl-2.3.4.so
0099b000-0099d000 rw-p 00001000 fd:00 4767777    /lib/libdl-2.3.4.so
0099d000-0099e000 r-xp 00000000 00:17 1361002    /home/matlabML/at/at/simulator/element/IdentityPass.mexglx
0099e000-0099f000 rw-p 00000000 00:17 1361002    /home/matlabML/at/at/simulator/element/IdentityPass.mexglx
0099f000-009c0000 r-xp 00000000 fd:00 4767794    /lib/tls/libm-2.3.4.so
009c0000-009c2000 rw-p 00020000 fd:00 4767794    /lib/tls/libm-2.3.4.so
009c2000-009c6000 r-xp 00000000 00:13 2361456    /usr/Local/matlab2006a_pre/bin/glnx86/libmwamd.so
009c6000-009c7000 rw-p 00003000 00:13 2361456    /usr/Local/matlab2006a_pre/bin/glnx86/libmwamd.so
009c7000-009c8000 r-xp 00000000 00:13 1163827    /usr/Local/matlab2006a_pre/bin/glnx86/libicudata.so.32
009c8000-009c9000 rw-p 00000000 00:13 1163827    /usr/Local/matlab2006a_pre/bin/glnx86/libicudata.so.32
009c9000-009d1000 r-xp 00000000 fd:00 3855258    /usr/X11R6/lib/libSM.so.6.0
009d1000-009d2000 rw-p 00007000 fd:00 3855258    /usr/X11R6/lib/libSM.so.6.0
009d2000-009d9000 r-xp 00000000 fd:00 3863197    /usr/X11R6/lib/libXrender.so.1.2.2
009d9000-009da000 rw-p 00006000 fd:00 3863197    /usr/X11R6/lib/libXrender.so.1.2.2
009da000-009ed000 r-xp 00000000 00:13 2183567    /usr/Local/matlab2006a_pre/bin/glnx86/libmwm_pcodeio.so
009ed000-009ef000 rw-p 00013000 00:13 2183567    /usr/Local/matlab2006a_pre/bin/glnx86/libmwm_pcodeio.so
009ef000-00a1c000 r-xp 00000000 00:13 86453      /usr/Local/matlab2006a_pre/bin/glnx86/libmwlapack.so
00a1c000-00a1f000 rw-p 0002c000 00:13 86453      /usr/Local/matlab2006a_pre/bin/glnx86/libmwlapack.so
00a1f000-00a28000 r-xp 00000000 fd:00 4767792    /lib/libnss_files-2.3.4.so
00a28000-00a2a000 rw-p 00008000 fd:00 4767792    /lib/libnss_files-2.3.4.so
00a30000-00a3a000 r-xp 00000000 00:13 1163840    /usr/Local/matlab2006a_pre/bin/glnx86/libmex.so
00a3a000-00a3c000 rw-p 0000a000 00:13 1163840    /usr/Local/matlab2006a_pre/bin/glnx86/libmex.so
00a3c000-00a44000 r-xp 00000000 fd:00 3863210    /usr/X11R6/lib/libXcursor.so.1.0.2
00a44000-00a45000 rw-p 00007000 fd:00 3863210    /usr/X11R6/lib/libXcursor.so.1.0.2
00a45000-00a4b000 r-xp 00000000 00:13 2619407    /usr/Local/matlab2006a_pre/sys/java/jre/glnx86/jre1.5.0/lib/i386/native_threads/libhpi.so
00a4b000-00a4c000 rw-p 00006000 00:13 2619407    /usr/Local/matlab2006a_pre/sys/java/jre/glnx86/jre1.5.0/lib/i386/native_threads/libhpi.so
00a4c000-00a4d000 r-xp 00000000 00:17 1360994    /home/matlabML/at/at/simulator/element/DriftPass.mexglx
00a4d000-00a4e000 rw-p 00000000 00:17 1360994    /home/matlabML/at/at/simulator/element/DriftPass.mexglx
00a4e000-00a62000 r-xp 00000000 00:13 2183565    /usr/Local/matlab2006a_pre/bin/glnx86/libmwm_pcodegen.so
00a62000-00a65000 rw-p 00013000 00:13 2183565    /usr/Local/matlab2006a_pre/bin/glnx86/libmwm_pcodegen.so
00a65000-00a7a000 r-xp 00000000 fd:00 3855167    /usr/X11R6/lib/libICE.so.6.3
00a7a000-00a7b000 rw-p 00014000 fd:00 3855167    /usr/X11R6/lib/libICE.so.6.3
00a7b000-00a7d000 rw-p 00a7b000 00:00 0 
00a7d000-00a88000 r-xp 00000000 00:13 2619402    /usr/Local/matlab2006a_pre/sys/java/jre/glnx86/jre1.5.0/lib/i386/libverify.so
00a88000-00a89000 rw-p 0000b000 00:13 2619402    /usr/Local/matlab2006a_pre/sys/java/jre/glnx86/jre1.5.0/lib/i386/libverify.so
00a89000-00a9e000 r-xp 00000000 00:13 2183578    /usr/Local/matlab2006a_pre/bin/glnx86/libmwmpath.so
00a9e000-00aa1000 rw-p 00015000 00:13 2183578    /usr/Local/matlab2006a_pre/bin/glnx86/libmwmpath.so
00aa1000-00aa3000 rw-p 00aa1000 00:00 0 
00aa3000-00aa4000 r-xp 00000000 00:17 1360990    /home/matlabML/at/at/simulator/element/CorrectorPass.mexglx
00aa4000-00aa5000 rw-p 00001000 00:17 1360990    /home/matlabML/at/at/simulator/element/CorrectorPass.mexglx
00aa5000-00ab3000 r-xp 00000000 fd:00 4767817    /lib/tls/libpthread-2.3.4.so
00ab3000-00ab5000 rw-p 0000d000 fd:00 4767817    /lib/tls/libpthread-2.3.4.so
00ab5000-00ab7000 rw-p 00ab5000 00:00 0 
00ab7000-00b9e000 r-xp 00000000 00:13 2183571    /usr/Local/matlab2006a_pre/bin/glnx86/libmwmcos.so
00b9e000-00bc2000 rw-p 000e6000 00:13 2183571    /usr/Local/matlab2006a_pre/bin/glnx86/libmwmcos.so
00bc2000-00bd4000 r-xp 00000000 fd:00 4767773    /lib/libnsl-2.3.4.so
00bd4000-00bd6000 rw-p 00011000 fd:00 4767773    /lib/libnsl-2.3.4.so
00bd6000-00bd8000 rw-p 00bd6000 00:00 0 
00bd8000-00bda000 r-xp 00000000 00:13 2312817    /usr/Local/matlab2006a_pre/toolbox/matlab/timefun/datevecmx.mexglx
00bda000-00bdb000 rw-p 00001000 00:13 2312817    /usr/Local/matlab2006a_pre/toolbox/matlab/timefun/datevecmx.mexglx
00bdb000-00bfc000 r-xp 00000000 00:13 2361460    /usr/Local/matlab2006a_pre/bin/glnx86/libmwbridge.so
00bfc000-00c02000 rw-p 00021000 00:13 2361460    /usr/Local/matlab2006a_pre/bin/glnx86/libmwbridge.so
00c02000-00c0b000 rw-p 00c02000 00:00 0 
00c0b000-00cd0000 r-xp 00000000 00:13 2183563    /usr/Local/matlab2006a_pre/bin/glnx86/libmwm_parser.so
00cd0000-00df8000 rw-p 000c4000 00:13 2183563    /usr/Local/matlab2006a_pre/bin/glnx86/libmwm_parser.so
00df8000-00e12000 r-xp 00000000 00:13 2934746    /usr/Local/matlab2006a_pre/sys/os/glnx86/libg2c.so.0
00e12000-00e14000 rw-p 00019000 00:13 2934746    /usr/Local/matlab2006a_pre/sys/os/glnx86/libg2c.so.0
00e14000-00e16000 rw-p 00e14000 00:00 0 
00e17000-00e46000 r-xp 00000000 00:13 86449      /usr/Local/matlab2006a_pre/bin/glnx86/libmwjmi.so
00e46000-00e4d000 rw-p 0002f000 00:13 86449      /usr/Local/matlab2006a_pre/bin/glnx86/libmwjmi.so
00e4d000-00e4e000 rw-p 00e4d000 00:00 0 
00e4e000-00e61000 r-xp 00000000 00:13 2619403    /usr/Local/matlab2006a_pre/sys/java/jre/glnx86/jre1.5.0/lib/i386/libzip.so
00e61000-00e63000 rw-p 00012000 00:13 2619403    /usr/Local/matlab2006a_pre/sys/java/jre/glnx86/jre1.5.0/lib/i386/libzip.so
00e63000-00e66000 r-xp 00000000 00:13 2312822    /usr/Local/matlab2006a_pre/toolbox/matlab/timefun/private/dtstr2dtnummx.mexglx
00e66000-00e67000 rw-p 00002000 00:13 2312822    /usr/Local/matlab2006a_pre/toolbox/matlab/timefun/private/dtstr2dtnummx.mexglx
00e67000-00e68000 r-xp 00000000 00:17 479978     /home/matlabML/at/at/simulator/element/AperturePass.mexglx
00e68000-00e69000 rw-p 00000000 00:17 479978     /home/matlabML/at/at/simulator/element/AperturePass.mexglx
00e69000-00eb1000 r-xp 00000000 00:13 3283435    /usr/Local/matlab2006a_pre/bin/glnx86/libmx.so
00eb1000-00eb7000 rw-p 00048000 00:13 3283435    /usr/Local/matlab2006a_pre/bin/glnx86/libmx.so
00eb7000-00eee000 r-xp 00000000 00:13 2361464    /usr/Local/matlab2006a_pre/bin/glnx86/libmwcholmod.so
00eee000-00eef000 rw-p 00037000 00:13 2361464    /usr/Local/matlab2006a_pre/bin/glnx86/libmwcholmod.so
00eef000-00ef5000 r-xp 00000000 00:13 2619399    /usr/Local/matlab2006a_pre/sys/java/jre/glnx86/jre1.5.0/lib/i386/libnio.so
00ef5000-00ef6000 rw-p 00005000 00:13 2619399    /usr/Local/matlab2006a_pre/sys/java/jre/glnx86/jre1.5.0/lib/i386/libnio.so
00ef7000-00f9e000 r-xp 00000000 00:13 1188624    /usr/Local/matlab2006a_pre/bin/glnx86/libut.so
00f9e000-00fb5000 rw-p 000a7000 00:13 1188624    /usr/Local/matlab2006a_pre/bin/glnx86/libut.so
00fb5000-00fe4000 rw-p 00fb5000 00:00 0 
00fe4000-013e4000 r-xp 00000000 00:13 2183559    /usr/Local/matlab2006a_pre/bin/glnx86/libmwm_interpreter.so
013e4000-0144f000 rw-p 00400000 00:13 2183559    /usr/Local/matlab2006a_pre/bin/glnx86/libmwm_interpreter.so
0144f000-014a4000 rw-p 0144f000 00:00 0 
014a4000-0151e000 r-xp 00000000 00:13 2183561    /usr/Local/matlab2006a_pre/bin/glnx86/libmwm_ir.so
0151e000-0153a000 rw-p 0007a000 00:13 2183561    /usr/Local/matlab2006a_pre/bin/glnx86/libmwm_ir.so
0153a000-01545000 rw-p 0153a000 00:00 0 
01545000-015cc000 r-xp 00000000 00:13 140773     /usr/Local/matlab2006a_pre/bin/glnx86/libfftw3.so.3
015cc000-015d5000 rw-p 00087000 00:13 140773     /usr/Local/matlab2006a_pre/bin/glnx86/libfftw3.so.3
015d5000-0165b000 r-xp 00000000 00:13 140776     /usr/Local/matlab2006a_pre/bin/glnx86/libfftw3f.so.3
0165b000-01664000 rw-p 00085000 00:13 140776     /usr/Local/matlab2006a_pre/bin/glnx86/libfftw3f.so.3
01664000-016b3000 r-xp 00000000 00:13 1704693    /usr/Local/matlab2006a_pre/bin/glnx86/libmwumfpack.so
016b3000-016b5000 rw-p 0004e000 00:13 1704693    /usr/Local/matlab2006a_pre/bin/glnx86/libmwumfpack.so
016b5000-016fa000 r-xp 00000000 00:13 2361451    /usr/Local/matlab2006a_pre/bin/glnx86/libmkl.so
016fa000-016fb000 rw-p 00044000 00:13 2361451    /usr/Local/matlab2006a_pre/bin/glnx86/libmkl.so
016fb000-01708000 rw-p 016fb000 00:00 0 
01708000-01af2000 r-xp 00000000 00:13 2757173    /usr/Local/matlab2006a_pre/bin/glnx86/lapack.so
01af2000-01af4000 rw-p 003e9000 00:13 2757173    /usr/Local/matlab2006a_pre/bin/glnx86/lapack.so
01af4000-01bf8000 rw-p 01af4000 00:00 0 
01bf8000-01c01000 rwxp 01bf8000 00:00 0 
01c01000-01c04000 rwxp 01c01000 00:00 0 
01c04000-01c1c000 rwxp 01c04000 00:00 0 
01c1c000-01c28000 rwxp 01c1c000 00:00 0 
01c28000-01c33000 rwxp 01c28000 00:00 0 
01c33000-01c38000 rwxp 01c33000 00:00 0 
01c38000-01c39000 rwxp 01c38000 00:00 0 
01c39000-01c3a000 ---p 01c39000 00:00 0 
01c3a000-01cba000 rwxp 01c3a000 00:00 0 
01cba000-01cbd000 ---p 01cba000 00:00 0 
01cbd000-01d3b000 rwxp 01cbd000 00:00 0 
01d3b000-01d3e000 ---p 01d3b000 00:00 0 
01d3e000-01dbc000 rwxp 01d3e000 00:00 0 
01dbc000-01dbd000 ---p 01dbc000 00:00 0 
01dbd000-01e3d000 rwxp 01dbd000 00:00 0 
01e3d000-01eb1000 r-xp 00000000 00:13 2676850    /usr/Local/matlab2006a_pre/sys/java/jre/glnx86/jre1.5.0/lib/i386/libawt.so
01eb1000-01eb7000 rw-p 00074000 00:13 2676850    /usr/Local/matlab2006a_pre/sys/java/jre/glnx86/jre1.5.0/lib/i386/libawt.so
01eb7000-01edb000 rw-p 01eb7000 00:00 0 
01edb000-01eef000 r-xp 00000000 00:13 2619398    /usr/Local/matlab2006a_pre/sys/java/jre/glnx86/jre1.5.0/lib/i386/libnet.so
01eef000-01ef0000 rw-p 00013000 00:13 2619398    /usr/Local/matlab2006a_pre/sys/java/jre/glnx86/jre1.5.0/lib/i386/libnet.so
01ef0000-01ef6000 r-xp 00000000 00:13 3283441    /usr/Local/matlab2006a_pre/bin/glnx86/libnativelex.so
01ef6000-01ef7000 rw-p 00005000 00:13 3283441    /usr/Local/matlab2006a_pre/bin/glnx86/libnativelex.so
01f0b000-01f11000 r-xp 00000000 00:13 3283437    /usr/Local/matlab2006a_pre/bin/glnx86/libnativehg.so
01f11000-01f12000 rw-p 00005000 00:13 3283437    /usr/Local/matlab2006a_pre/bin/glnx86/libnativehg.so
01f12000-01f18000 r-xp 00000000 00:13 2718620    /usr/Local/matlab2006a_pre/toolbox/matlab/graph2d/private/lineseriesmex.mexglx
01f18000-01f1a000 rw-p 00005000 00:13 2718620    /usr/Local/matlab2006a_pre/toolbox/matlab/graph2d/private/lineseriesmex.mexglx
01f1a000-01f23000 r-xp 00000000 fd:00 3965449    /usr/X11R6/lib/X11/locale/lib/common/xomGeneric.so.2
01f23000-01f24000 rw-p 00008000 fd:00 3965449    /usr/X11R6/lib/X11/locale/lib/common/xomGeneric.so.2
01f24000-01f27000 r-xp 00000000 00:13 2312824    /usr/Local/matlab2006a_pre/toolbox/matlab/timefun/private/dtstr2dtvecmx.mexglx
01f27000-01f28000 rw-p 00002000 00:13 2312824    /usr/Local/matlab2006a_pre/toolbox/matlab/timefun/private/dtstr2dtvecmx.mexglx
01f28000-01f2a000 r-xp 00000000 00:13 2312828    /usr/Local/matlab2006a_pre/toolbox/matlab/timefun/private/getmonthnamesmx.mexglx
01f2a000-01f2b000 rw-p 00001000 00:13 2312828    /usr/Local/matlab2006a_pre/toolbox/matlab/timefun/private/getmonthnamesmx.mexglx
01f2b000-01f2d000 r-xp 00000000 00:17 1464036    /home/matlabML/at/at/simulator/element/QuadLinearPass.mexglx
01f2d000-01f2e000 rw-p 00001000 00:17 1464036    /home/matlabML/at/at/simulator/element/QuadLinearPass.mexglx
01f2e000-01f30000 r-xp 00000000 00:13 3209587    /usr/Local/matlab2006a_pre/toolbox/matlab/datafun/sortcellchar.mexglx
01f30000-01f31000 rw-p 00001000 00:13 3209587    /usr/Local/matlab2006a_pre/toolbox/matlab/datafun/sortcellchar.mexglx
01f31000-01f33000 r-xp 00000000 00:17 1464044    /home/matlabML/at/at/simulator/element/StrMPoleSymplectic4Pass.mexglx
01f33000-01f34000 rw-p 00001000 00:17 1464044    /home/matlabML/at/at/simulator/element/StrMPoleSymplectic4Pass.mexglx
01f34000-01f36000 r-xp 00000000 00:17 479994     /home/matlabML/at/at/simulator/element/CavityPass.mexglx
01f36000-01f37000 rw-p 00001000 00:17 479994     /home/matlabML/at/at/simulator/element/CavityPass.mexglx
01f3f000-01f42000 ---p 01f3f000 00:00 0 
01f42000-01fc0000 rwxp 01f42000 00:00 0 
01fc0000-02086000 r-xp 00000000 00:13 2619396    /usr/Local/matlab2006a_pre/sys/java/jre/glnx86/jre1.5.0/lib/i386/libmlib_image.so
02086000-02087000 rw-p 000c5000 00:13 2619396    /usr/Local/matlab2006a_pre/sys/java/jre/glnx86/jre1.5.0/lib/i386/libmlib_image.so
02087000-0208a000 ---p 02087000 00:00 0 
0208a000-02108000 rwxp 0208a000 00:00 0 
02108000-0210b000 ---p 02108000 00:00 0 
0210b000-02189000 rwxp 0210b000 00:00 0 
02189000-021a1000 r-xp 00000000 00:13 2676852    /usr/Local/matlab2006a_pre/sys/java/jre/glnx86/jre1.5.0/lib/i386/libdcpr.so
021a1000-021b4000 rw-p 00018000 00:13 2676852    /usr/Local/matlab2006a_pre/sys/java/jre/glnx86/jre1.5.0/lib/i386/libdcpr.so
021ba000-02347000 r-xp 00000000 00:13 2934744    /usr/Local/matlab2006a_pre/sys/os/glnx86/libXm.so.2
02347000-0235b000 rw-p 0018c000 00:13 2934744    /usr/Local/matlab2006a_pre/sys/os/glnx86/libXm.so.2
0235b000-0235c000 rw-p 0235b000 00:00 0 
0235c000-0235f000 rwxp 0235c000 00:00 0 
0235f000-023dd000 rwxp 0235f000 00:00 0 
023dd000-023e0000 ---p 023dd000 00:00 0 
023e0000-0245e000 rwxp 023e0000 00:00 0 
0245e000-02461000 ---p 0245e000 00:00 0 
02461000-024df000 rwxp 02461000 00:00 0 
024df000-024e2000 ---p 024df000 00:00 0 
024e2000-02560000 rwxp 024e2000 00:00 0 
025ab000-025ae000 ---p 025ab000 00:00 0 
025ae000-0262c000 rwxp 025ae000 00:00 0 
0262c000-0262f000 ---p 0262c000 00:00 0 
0262f000-026ad000 rwxp 0262f000 00:00 0 
026ad000-026b0000 ---p 026ad000 00:00 0 
026b0000-0272e000 rwxp 026b0000 00:00 0 
0277d000-02797000 r-xp 00000000 fd:00 3965442    /usr/X11R6/lib/X11/locale/lib/common/ximcp.so.2
02797000-02799000 rw-p 0001a000 fd:00 3965442    /usr/X11R6/lib/X11/locale/lib/common/ximcp.so.2
02799000-0279c000 ---p 02799000 00:00 0 
0279c000-0281a000 rwxp 0279c000 00:00 0 
0281a000-0281d000 ---p 0281a000 00:00 0 
0281d000-0289b000 rwxp 0281d000 00:00 0 
0289b000-0289e000 ---p 0289b000 00:00 0 
0289e000-0291c000 rwxp 0289e000 00:00 0 
0291c000-0291f000 rwxp 0291c000 00:00 0 
0291f000-0299d000 rwxp 0291f000 00:00 0 
029b2000-02baa000 r-xp 00000000 00:13 1704677    /usr/Local/matlab2006a_pre/bin/glnx86/libmwnumerics.so
02baa000-02bba000 rw-p 001f8000 00:13 1704677    /usr/Local/matlab2006a_pre/bin/glnx86/libmwnumerics.so
02bba000-02c48000 r-xp 00000000 00:13 2361462    /usr/Local/matlab2006a_pre/bin/glnx86/libmwbuiltins.so
02c48000-02c5b000 rw-p 0008e000 00:13 2361462    /usr/Local/matlab2006a_pre/bin/glnx86/libmwbuiltins.so
02c5b000-02c5d000 rw-p 02c5b000 00:00 0 
02d4e000-02d51000 ---p 02d4e000 00:00 0 
02d51000-02dcf000 rwxp 02d51000 00:00 0 
02e18000-02e8b000 r-xp 00000000 00:13 2676855    /usr/Local/matlab2006a_pre/sys/java/jre/glnx86/jre1.5.0/lib/i386/libfontmanager.so
02e8b000-02e95000 rw-p 00073000 00:13 2676855    /usr/Local/matlab2006a_pre/sys/java/jre/glnx86/jre1.5.0/lib/i386/libfontmanager.so
02e95000-02e99000 rw-p 02e95000 00:00 0 
02ef2000-02f63000 r-xp 00000000 00:13 1704695    /usr/Local/matlab2006a_pre/bin/glnx86/libmwxmlcore.so
02f63000-02f74000 rw-p 00071000 00:13 1704695    /usr/Local/matlab2006a_pre/bin/glnx86/libmwxmlcore.so
02f74000-02f77000 ---p 02f74000 00:00 0 
02f77000-02ff5000 rwxp 02f77000 00:00 0 
03074000-03077000 ---p 03074000 00:00 0 
03077000-030f5000 rwxp 03077000 00:00 0 
03261000-03264000 rwxp 03261000 00:00 0 
03264000-032e2000 rwxp 03264000 00:00 0 
032ef000-03303000 rwxp 032ef000 00:00 0 
03303000-0336f000 rwxp 03303000 00:00 0 
03398000-033b9000 r-xp 00000000 00:13 2676861    /usr/Local/matlab2006a_pre/sys/java/jre/glnx86/jre1.5.0/lib/i386/libjava.so
033b9000-033bb000 rw-p 00020000 00:13 2676861    /usr/Local/matlab2006a_pre/sys/java/jre/glnx86/jre1.5.0/lib/i386/libjava.so
035d6000-035d9000 rwxp 035d6000 00:00 0 
035d9000-03657000 rwxp 035d9000 00:00 0 
03657000-0365a000 rwxp 03657000 00:00 0 
0365a000-036d8000 rwxp 0365a000 00:00 0 
036f0000-037cb000 r-xp 00000000 fd:00 3861290    /usr/X11R6/lib/libX11.so.6.2
037cb000-037cf000 rw-p 000db000 fd:00 3861290    /usr/X11R6/lib/libX11.so.6.2
0398d000-03990000 ---p 0398d000 00:00 0 
03990000-03a0e000 rwxp 03990000 00:00 0 
03a0e000-03a11000 rwxp 03a0e000 00:00 0 
03a11000-03a8f000 rwxp 03a11000 00:00 0 
03aa1000-03aac000 rwxp 03aa1000 00:00 0 
03aac000-03ab2000 rwxp 03aac000 00:00 0 
03af1000-03b0a000 rwxp 03af1000 00:00 0 
03b0a000-03b19000 rwxp 03b0a000 00:00 0 
03b19000-03b97000 rwxp 03b19000 00:00 0 
03b97000-03bc0000 r-xp 00000000 00:13 1163822    /usr/Local/matlab2006a_pre/bin/glnx86/libguide.so
03bc0000-03bc2000 rw-p 00028000 00:13 1163822    /usr/Local/matlab2006a_pre/bin/glnx86/libguide.so
03bc2000-03bc7000 rw-p 03bc2000 00:00 0 
03bc7000-03bc8000 ---p 03bc7000 00:00 0 
03bc8000-045c8000 rwxp 03bc8000 00:00 0 
045c8000-045c9000 ---p 045c8000 00:00 0 
045c9000-04fc9000 rwxp 045c9000 00:00 0 
04fc9000-04fcc000 rwxp 04fc9000 00:00 0 
04fcc000-0504a000 rwxp 04fcc000 00:00 0 
0504a000-0504d000 rwxp 0504a000 00:00 0 
0504d000-050cb000 rwxp 0504d000 00:00 0 
050cb000-050ce000 rwxp 050cb000 00:00 0 
050ce000-0514c000 rwxp 050ce000 00:00 0 
0514c000-0514f000 rwxp 0514c000 00:00 0 
0514f000-051cd000 rwxp 0514f000 00:00 0 
051cd000-051d0000 rwxp 051cd000 00:00 0 
051d0000-0524e000 rwxp 051d0000 00:00 0 
0524e000-05251000 ---p 0524e000 00:00 0 
05251000-052cf000 rwxp 05251000 00:00 0 
052eb000-05372000 r-xp 00000000 00:13 86439      /usr/Local/matlab2006a_pre/bin/glnx86/libmwgui.so
05372000-053b1000 rw-p 00087000 00:13 86439      /usr/Local/matlab2006a_pre/bin/glnx86/libmwgui.so
054e6000-054e9000 ---p 054e6000 00:00 0 
054e9000-05567000 rwxp 054e9000 00:00 0 
0561b000-0561d000 r-xp 00000000 00:13 2312815    /usr/Local/matlab2006a_pre/toolbox/matlab/timefun/datenummx.mexglx
0561d000-0561e000 rw-p 00001000 00:13 2312815    /usr/Local/matlab2006a_pre/toolbox/matlab/timefun/datenummx.mexglx
056e0000-056e3000 rwxp 056e0000 00:00 0 
056e3000-05761000 rwxp 056e3000 00:00 0 
05866000-05876000 r-xp 00000000 00:13 86451      /usr/Local/matlab2006a_pre/bin/glnx86/libmwjmi_mi.so
05876000-05879000 rw-p 00010000 00:13 86451      /usr/Local/matlab2006a_pre/bin/glnx86/libmwjmi_mi.so
058b3000-0590d000 r-xp 00000000 00:13 1704687    /usr/Local/matlab2006a_pre/bin/glnx86/libmwudd_mi.so
0590d000-0591b000 rw-p 00059000 00:13 1704687    /usr/Local/matlab2006a_pre/bin/glnx86/libmwudd_mi.so
0591b000-0591c000 rw-p 0591b000 00:00 0 
05b51000-05b9e000 r-xp 00000000 fd:00 3851141    /usr/X11R6/lib/libXt.so.6.0
05b9e000-05ba2000 rw-p 0004c000 fd:00 3851141    /usr/X11R6/lib/libXt.so.6.0
05ba2000-05ec1000 r-xp 00000000 00:13 277594     /usr/Local/matlab2006a_pre/sys/java/jre/glnx86/jre1.5.0/lib/i386/client/libjvm.so
05ec1000-05edf000 rw-p 0031e000 00:13 277594     /usr/Local/matlab2006a_pre/sys/java/jre/glnx86/jre1.5.0/lib/i386/client/libjvm.so
05edf000-062f4000 rw-p 05edf000 00:00 0 
067a7000-067d1000 r-xp 00000000 00:13 2183575    /usr/Local/matlab2006a_pre/bin/glnx86/libmwmlib.so
067d1000-06828000 rw-p 00029000 00:13 2183575    /usr/Local/matlab2006a_pre/bin/glnx86/libmwmlib.so
068da000-068dc000 r-xp 00000000 00:13 2312826    /usr/Local/matlab2006a_pre/toolbox/matlab/timefun/private/getampmtokensmx.mexglx
068dc000-068dd000 rw-p 00001000 00:13 2312826    /usr/Local/matlab2006a_pre/toolbox/matlab/timefun/private/getampmtokensmx.mexglx
069ca000-06ca8000 r-xp 00000000 00:13 1188627    /usr/Local/matlab2006a_pre/bin/glnx86/libxerces-c.so.26
06ca8000-06d23000 rw-p 002de000 00:13 1188627    /usr/Local/matlab2006a_pre/bin/glnx86/libxerces-c.so.26
06e24000-06fc4000 r-xp 00000000 00:13 86443      /usr/Local/matlab2006a_pre/bin/glnx86/libmwhg.so
06fc4000-07016000 rw-p 0019f000 00:13 86443      /usr/Local/matlab2006a_pre/bin/glnx86/libmwhg.so
07016000-07019000 rw-p 07016000 00:00 0 
07129000-0712c000 ---p 07129000 00:00 0 
0712c000-071aa000 rwxp 0712c000 00:00 0 
0720c000-0720f000 ---p 0720c000 00:00 0 
0720f000-0728d000 rwxp 0720f000 00:00 0 
073d2000-073d5000 ---p 073d2000 00:00 0 
073d5000-07453000 rwxp 073d5000 00:00 0 
07472000-07475000 ---p 07472000 00:00 0 
07475000-074f3000 rwxp 07475000 00:00 0 
0768b000-076af000 r-xp 00000000 00:13 2183577    /usr/Local/matlab2006a_pre/bin/glnx86/libmwmlint.so
076af000-076b4000 rw-p 00023000 00:13 2183577    /usr/Local/matlab2006a_pre/bin/glnx86/libmwmlint.so
076b4000-076bb000 rw-p 076b4000 00:00 0 
077e9000-077ec000 ---p 077e9000 00:00 0 
077ec000-0786a000 rwxp 077ec000 00:00 0 
07888000-0788b000 rwxp 07888000 00:00 0 
0788b000-07909000 rwxp 0788b000 00:00 0 
079df000-079e1000 r-xp 00000000 00:17 664653     /home/matlabML/at/at/simulator/track/atpass.mexglx
079e1000-079e2000 rw-p 00001000 00:17 664653     /home/matlabML/at/at/simulator/track/atpass.mexglx
079e7000-079ea000 ---p 079e7000 00:00 0 
079ea000-07a68000 rwxp 079ea000 00:00 0 
07ae3000-07ae6000 r-xp 00000000 00:17 479982     /home/matlabML/at/at/simulator/element/BendLinearPass.mexglx
07ae6000-07ae7000 rw-p 00002000 00:17 479982     /home/matlabML/at/at/simulator/element/BendLinearPass.mexglx
07d40000-07e5e000 r-xp 00000000 00:13 1704691    /usr/Local/matlab2006a_pre/bin/glnx86/libmwuix.so
07e5e000-07e74000 rw-p 0011e000 00:13 1704691    /usr/Local/matlab2006a_pre/bin/glnx86/libmwuix.so
07e74000-07e78000 rw-p 07e74000 00:00 0 
07ebf000-07ef4000 r-xp 00000000 00:13 2619413    /usr/Local/matlab2006a_pre/sys/java/jre/glnx86/jre1.5.0/lib/i386/xawt/libmawt.so
07ef4000-07ef8000 rw-p 00034000 00:13 2619413    /usr/Local/matlab2006a_pre/sys/java/jre/glnx86/jre1.5.0/lib/i386/xawt/libmawt.so
07f5d000-07f60000 ---p 07f5d000 00:00 0 
07f60000-07fde000 rwxp 07f60000 00:00 0 
08048000-0804a000 r-xp 00000000 00:13 2757158    /usr/Local/matlab2006a_pre/bin/glnx86/MATLAB
0804a000-0804b000 rw-p 00001000 00:13 2757158    /usr/Local/matlab2006a_pre/bin/glnx86/MATLAB
0804b000-0804c000 ---p 0804b000 00:00 0 
0804c000-08a4c000 rwxp 0804c000 00:00 0 
08a4c000-08e18000 r-xp 00000000 00:13 2361455    /usr/Local/matlab2006a_pre/bin/glnx86/libmkl_p4p.so
08e18000-08eb6000 rw-p 003cc000 00:13 2361455    /usr/Local/matlab2006a_pre/bin/glnx86/libmkl_p4p.so
08eb6000-08ec3000 rw-p 08eb6000 00:00 0 
0954e000-097c3000 rw-p 0954e000 00:00 0 
097c3000-097c5000 rwxp 097c3000 00:00 0 
097c5000-09875000 rw-p 097c5000 00:00 0 
09875000-09876000 rwxp 09875000 00:00 0 
09876000-09b8a000 rw-p 09876000 00:00 0 
09b8a000-09b8b000 rwxp 09b8a000 00:00 0 
09b8b000-09c2e000 rw-p 09b8b000 00:00 0 
09c2e000-09c2f000 rwxp 09c2e000 00:00 0 
09c2f000-09c52000 rw-p 09c2f000 00:00 0 
09c52000-09c53000 rwxp 09c52000 00:00 0 
09c53000-09cb0000 rw-p 09c53000 00:00 0 
09cb0000-09cb1000 rwxp 09cb0000 00:00 0 
09cb1000-09cd7000 rw-p 09cb1000 00:00 0 
09cd7000-09cd8000 rwxp 09cd7000 00:00 0 
09cd8000-09cf2000 rw-p 09cd8000 00:00 0 
09cf2000-09cf3000 rwxp 09cf2000 00:00 0 
09cf3000-09cf6000 rw-p 09cf3000 00:00 0 
09cf6000-09cf7000 rwxp 09cf6000 00:00 0 
09cf7000-09d59000 rw-p 09cf7000 00:00 0 
09d59000-09d5a000 rwxp 09d59000 00:00 0 
09d5a000-09d7d000 rw-p 09d5a000 00:00 0 
09d7d000-09d7f000 rwxp 09d7d000 00:00 0 
09d7f000-09da8000 rw-p 09d7f000 00:00 0 
09da8000-09da9000 rwxp 09da8000 00:00 0 
09da9000-09ea6000 rw-p 09da9000 00:00 0 
09ea6000-09ea8000 rwxp 09ea6000 00:00 0 
09ea8000-09ebd000 rw-p 09ea8000 00:00 0 
09ebd000-09ec0000 rwxp 09ebd000 00:00 0 
09ec0000-09ec3000 rw-p 09ec0000 00:00 0 
09ec3000-09ec6000 rwxp 09ec3000 00:00 0 
09ec6000-0a036000 rw-p 09ec6000 00:00 0 
0a036000-0a037000 rwxp 0a036000 00:00 0 
0a037000-0a12a000 rw-p 0a037000 00:00 0 
0a12a000-0a12b000 rwxp 0a12a000 00:00 0 
0a12b000-0a150000 rw-p 0a12b000 00:00 0 
0a150000-0a152000 rwxp 0a150000 00:00 0 
0a152000-0a19b000 rw-p 0a152000 00:00 0 
0a19b000-0a19c000 rwxp 0a19b000 00:00 0 
0a19c000-0a211000 rw-p 0a19c000 00:00 0 
0a211000-0a212000 rwxp 0a211000 00:00 0 
0a212000-0a213000 rw-p 0a212000 00:00 0 
0a213000-0a214000 rwxp 0a213000 00:00 0 
0a214000-0a222000 rw-p 0a214000 00:00 0 
0a222000-0a22e000 rwxp 0a222000 00:00 0 
0a22e000-0a2a6000 rw-p 0a22e000 00:00 0 
0a2a6000-0a2a8000 rwxp 0a2a6000 00:00 0 
0a2a8000-0a3cf000 rw-p 0a2a8000 00:00 0 
0a3cf000-0a3d1000 rwxp 0a3cf000 00:00 0 
0a3d1000-0a3d2000 rw-p 0a3d1000 00:00 0 
0a3d2000-0a3d3000 rwxp 0a3d2000 00:00 0 
0a3d3000-0a3d4000 rw-p 0a3d3000 00:00 0 
0a3d4000-0a3d6000 rwxp 0a3d4000 00:00 0 
0a3d6000-0a3e2000 rw-p 0a3d6000 00:00 0 
0a3e2000-0a3e4000 rwxp 0a3e2000 00:00 0 
0a3e4000-0a455000 rw-p 0a3e4000 00:00 0 
0a455000-0a456000 rwxp 0a455000 00:00 0 
0a456000-0a459000 rw-p 0a456000 00:00 0 
0a459000-0a45b000 rwxp 0a459000 00:00 0 
0a45b000-0a5c5000 rw-p 0a45b000 00:00 0 
0a5c5000-0a5c8000 rwxp 0a5c5000 00:00 0 
0a5c8000-0a5e0000 rw-p 0a5c8000 00:00 0 
0a5e0000-0a5e2000 rwxp 0a5e0000 00:00 0 
0a5e2000-0a5e4000 rw-p 0a5e2000 00:00 0 
0a5e4000-0a5e5000 rwxp 0a5e4000 00:00 0 
0a5e5000-0a5ec000 rw-p 0a5e5000 00:00 0 
0a5ec000-0a5ed000 rwxp 0a5ec000 00:00 0 
0a5ed000-0a5f2000 rw-p 0a5ed000 00:00 0 
0a5f2000-0a5f3000 rwxp 0a5f2000 00:00 0 
0a5f3000-0a629000 rw-p 0a5f3000 00:00 0 
0a629000-0a62a000 rwxp 0a629000 00:00 0 
0a62a000-0a659000 rw-p 0a62a000 00:00 0 
0a659000-0a65b000 rwxp 0a659000 00:00 0 
0a65b000-0a69e000 rw-p 0a65b000 00:00 0 
0a69e000-0a69f000 rwxp 0a69e000 00:00 0 
0a69f000-0a6bd000 rw-p 0a69f000 00:00 0 
0a6bd000-0a6bf000 rwxp 0a6bd000 00:00 0 
0a6bf000-0a6c1000 rw-p 0a6bf000 00:00 0 
0a6c1000-0a6c2000 rwxp 0a6c1000 00:00 0 
0a6c2000-0a6c4000 rw-p 0a6c2000 00:00 0 
0a6c4000-0a6c5000 rwxp 0a6c4000 00:00 0 
0a6c5000-0a6ca000 rw-p 0a6c5000 00:00 0 
0a6ca000-0a6cb000 rwxp 0a6ca000 00:00 0 
0a6cb000-0a6d6000 rw-p 0a6cb000 00:00 0 
0a6d6000-0a6d8000 rwxp 0a6d6000 00:00 0 
0a6d8000-0a716000 rw-p 0a6d8000 00:00 0 
0a716000-0a718000 rwxp 0a716000 00:00 0 
0a718000-0a71d000 rw-p 0a718000 00:00 0 
0a71d000-0a71f000 rwxp 0a71d000 00:00 0 
0a71f000-0a728000 rw-p 0a71f000 00:00 0 
0a728000-0a729000 rwxp 0a728000 00:00 0 
0a729000-0a733000 rw-p 0a729000 00:00 0 
0a733000-0a736000 rwxp 0a733000 00:00 0 
0a736000-0a74b000 rw-p 0a736000 00:00 0 
0a74b000-0a74c000 rwxp 0a74b000 00:00 0 
0a74c000-0a777000 rw-p 0a74c000 00:00 0 
0a777000-0a778000 rwxp 0a777000 00:00 0 
0a778000-0a77d000 rw-p 0a778000 00:00 0 
0a77d000-0a781000 rwxp 0a77d000 00:00 0 
0a781000-0a8b5000 rw-p 0a781000 00:00 0 
a6d40000-a6d58000 rw-p a6d40000 00:00 0 
a6d58000-a6d5a000 rwxp a6d58000 00:00 0 
a6d5a000-a6db7000 rw-p a6d5a000 00:00 0 
a6db7000-a6db8000 rwxp a6db7000 00:00 0 
a6db8000-a6dcf000 rw-p a6db8000 00:00 0 
a6dcf000-a6dd0000 rwxp a6dcf000 00:00 0 
a6dd0000-a6e09000 rw-p a6dd0000 00:00 0 
a6e09000-a6e0a000 rwxp a6e09000 00:00 0 
a6e0a000-a6e0e000 rw-p a6e0a000 00:00 0 
a6e0e000-a6e0f000 rwxp a6e0e000 00:00 0 
a6e0f000-a6e1e000 rw-p a6e0f000 00:00 0 
a6e1e000-a6e20000 rwxp a6e1e000 00:00 0 
a6e20000-a6ed0000 rw-p a6e20000 00:00 0 
a6ed0000-a6f00000 ---p a6ed0000 00:00 0 
a6f28000-a6ffe000 rw-p a6f28000 00:00 0 
a6ffe000-a6fff000 rwxp a6ffe000 00:00 0 
a6fff000-a7008000 rw-p a6fff000 00:00 0 
a7008000-a7009000 rwxp a7008000 00:00 0 
a7009000-a7019000 rw-p a7009000 00:00 0 
a7019000-a701b000 rwxp a7019000 00:00 0 
a701b000-a7027000 rw-p a701b000 00:00 0 
a7027000-a7028000 rwxp a7027000 00:00 0 
a7028000-a702c000 rw-p a7028000 00:00 0 
a702c000-a702e000 rwxp a702c000 00:00 0 
a702e000-a7037000 rw-p a702e000 00:00 0 
a7037000-a7038000 rwxp a7037000 00:00 0 
a7038000-a7064000 rw-p a7038000 00:00 0 
a7064000-a7065000 rwxp a7064000 00:00 0 
a7065000-a707f000 rw-p a7065000 00:00 0 
a707f000-a7080000 rwxp a707f000 00:00 0 
a7080000-a7085000 rw-p a7080000 00:00 0 
a7085000-a7086000 rwxp a7085000 00:00 0 
a7086000-a708d000 rw-p a7086000 00:00 0 
a708d000-a708e000 rwxp a708d000 00:00 0 
a708e000-a70ea000 rw-p a708e000 00:00 0 
a7112000-a713f000 rw-p a7112000 00:00 0 
a713f000-a7141000 rwxp a713f000 00:00 0 
a7141000-a7152000 rw-p a7141000 00:00 0 
a7190000-a7193000 rw-p a7190000 00:00 0 
a7193000-a7195000 rwxp a7193000 00:00 0 
a7195000-a71aa000 rw-p a7195000 00:00 0 
a71aa000-a71ac000 rwxp a71aa000 00:00 0 
a71ac000-a71d2000 rw-p a71ac000 00:00 0 
a71d2000-a71d9000 rwxp a71d2000 00:00 0 
a71d9000-a71de000 rw-p a71d9000 00:00 0 
a71de000-a71e2000 rwxp a71de000 00:00 0 
a71e2000-a7208000 rw-p a71e2000 00:00 0 
a7208000-a7209000 rwxp a7208000 00:00 0 
a7209000-a7212000 rw-p a7209000 00:00 0 
a7239000-a7281000 rw-p a7239000 00:00 0 
a7281000-a7282000 rwxp a7281000 00:00 0 
a7282000-a7285000 rw-p a7282000 00:00 0 
a7285000-a728b000 rwxp a7285000 00:00 0 
a728b000-a728c000 rw-p a728b000 00:00 0 
a728c000-a7293000 rwxp a728c000 00:00 0 
a7293000-a7295000 rw-p a7293000 00:00 0 
a7295000-a7296000 rwxp a7295000 00:00 0 
a7296000-a7299000 rw-p a7296000 00:00 0 
a7299000-a729d000 rwxp a7299000 00:00 0 
a729d000-a729e000 rw-p a729d000 00:00 0 
a729e000-a72a1000 rwxp a729e000 00:00 0 
a72a1000-a72a3000 rw-p a72a1000 00:00 0 
a72a3000-a72a6000 rwxp a72a3000 00:00 0 
a72a6000-a72fb000 rw-p a72a6000 00:00 0 
a733c000-a7344000 rw-p a733c000 00:00 0 
a7344000-a7345000 rwxp a7344000 00:00 0 
a7345000-a738b000 rw-p a7345000 00:00 0 
a738b000-a738d000 rwxp a738b000 00:00 0 
a738d000-a73fe000 rw-p a738d000 00:00 0 
a73fe000-a73ff000 rwxp a73fe000 00:00 0 
a73ff000-a7411000 rw-p a73ff000 00:00 0 
a7411000-a7413000 rwxp a7411000 00:00 0 
a7413000-a7419000 rw-p a7413000 00:00 0 
a7419000-a741a000 rwxp a7419000 00:00 0 
a741a000-a743d000 rw-p a741a000 00:00 0 
a743d000-a7457000 rwxp a743d000 00:00 0 
a7457000-a748b000 rw-p a7457000 00:00 0 
a748b000-a748c000 rwxp a748b000 00:00 0 
a748c000-a749e000 rw-p a748c000 00:00 0 
a749e000-a74a0000 rwxp a749e000 00:00 0 
a74a0000-a74bf000 rw-p a74a0000 00:00 0 
a74bf000-a74c0000 rwxp a74bf000 00:00 0 
a74c0000-a74c2000 rw-p a74c0000 00:00 0 
a74c2000-a74c4000 rwxp a74c2000 00:00 0 
a74c4000-a74ca000 rw-p a74c4000 00:00 0 
a74ca000-a74cc000 rwxp a74ca000 00:00 0 
a74cc000-a74db000 rw-p a74cc000 00:00 0 
a74db000-a74e1000 rwxp a74db000 00:00 0 
a74e1000-a74e2000 rw-p a74e1000 00:00 0 
a74e2000-a74e7000 rwxp a74e2000 00:00 0 
a74e7000-a74e9000 rw-p a74e7000 00:00 0 
a74e9000-a74ea000 rwxp a74e9000 00:00 0 
a74ea000-a74ec000 rw-p a74ea000 00:00 0 
a74ec000-a74ee000 rwxp a74ec000 00:00 0 
a74ee000-a753e000 rw-p a74ee000 00:00 0 
a753e000-a7542000 rwxp a753e000 00:00 0 
a7542000-a7543000 rw-p a7542000 00:00 0 
a7543000-a7547000 rwxp a7543000 00:00 0 
a7547000-a7548000 rw-p a7547000 00:00 0 
a7548000-a7549000 rwxp a7548000 00:00 0 
a7549000-a754b000 rw-p a7549000 00:00 0 
a754b000-a754d000 rwxp a754b000 00:00 0 
a754d000-a7551000 rw-p a754d000 00:00 0 
a7551000-a7553000 rwxp a7551000 00:00 0 
a7553000-a7554000 rw-p a7553000 00:00 0 
a7554000-a7555000 rwxp a7554000 00:00 0 
a7555000-a7557000 rw-p a7555000 00:00 0 
a7557000-a7558000 rwxp a7557000 00:00 0 
a7558000-a7559000 rw-p a7558000 00:00 0 
a7559000-a755a000 rwxp a7559000 00:00 0 
a755a000-a755b000 rw-p a755a000 00:00 0 
a755b000-a755c000 rwxp a755b000 00:00 0 
a755c000-a7560000 rw-p a755c000 00:00 0 
a7560000-a7562000 rwxp a7560000 00:00 0 
a7562000-a7564000 rw-p a7562000 00:00 0 
a7564000-a7568000 rwxp a7564000 00:00 0 
a7568000-a7569000 rw-p a7568000 00:00 0 
a7569000-a756b000 rwxp a7569000 00:00 0 
a756b000-a756c000 rw-p a756b000 00:00 0 
a756c000-a7572000 rwxp a756c000 00:00 0 
a7572000-a7573000 rw-p a7572000 00:00 0 
a7573000-a7578000 rwxp a7573000 00:00 0 
a7578000-a7579000 rw-p a7578000 00:00 0 
a7579000-a757a000 rwxp a7579000 00:00 0 
a757a000-a759e000 rw-p a757a000 00:00 0 
a759e000-a759f000 rwxp a759e000 00:00 0 
a759f000-a75c6000 rw-p a759f000 00:00 0 
a75c6000-a75c7000 rwxp a75c6000 00:00 0 
a75c7000-a75dc000 rw-p a75c7000 00:00 0 
a75dc000-a75dd000 rwxp a75dc000 00:00 0 
a75dd000-a75e3000 rw-p a75dd000 00:00 0 
a75e3000-a75e4000 rwxp a75e3000 00:00 0 
a75e4000-a7697000 rw-p a75e4000 00:00 0 
a7697000-a7699000 rwxp a7697000 00:00 0 
a7699000-a76ba000 rw-p a7699000 00:00 0 
a76ba000-a76bb000 rwxp a76ba000 00:00 0 
a76bb000-a76d7000 rw-p a76bb000 00:00 0 
a76d7000-a76d9000 rwxp a76d7000 00:00 0 
a76d9000-a76fe000 rw-p a76d9000 00:00 0 
a76fe000-a7700000 ---p a76fe000 00:00 0 
a773f000-a7745000 rw-p a773f000 00:00 0 
a7745000-a7747000 rwxp a7745000 00:00 0 
a7747000-a7748000 rw-p a7747000 00:00 0 
a7748000-a774a000 rwxp a7748000 00:00 0 
a774a000-a774b000 rw-p a774a000 00:00 0 
a774b000-a774c000 rwxp a774b000 00:00 0 
a774c000-a774d000 rw-p a774c000 00:00 0 
a774d000-a7751000 rwxp a774d000 00:00 0 
a7751000-a7757000 rw-p a7751000 00:00 0 
a7757000-a775a000 rwxp a7757000 00:00 0 
a775a000-a775e000 rw-p a775a000 00:00 0 
a775e000-a7764000 rwxp a775e000 00:00 0 
a7764000-a7767000 rw-p a7764000 00:00 0 
a7767000-a776a000 rwxp a7767000 00:00 0 
a776a000-a776d000 rw-p a776a000 00:00 0 
a776d000-a776e000 rwxp a776d000 00:00 0 
a776e000-a7777000 rw-p a776e000 00:00 0 
a7777000-a777a000 rwxp a7777000 00:00 0 
a777a000-a77b3000 rw-p a777a000 00:00 0 
a77b3000-a77b4000 rwxp a77b3000 00:00 0 
a77b4000-a77cf000 rw-p a77b4000 00:00 0 
a77cf000-a77d0000 rwxp a77cf000 00:00 0 
a77d0000-a78ad000 rw-p a77d0000 00:00 0 
a78ad000-a78ae000 rwxp a78ad000 00:00 0 
a78ae000-a793b000 rw-p a78ae000 00:00 0 
a793b000-a7a00000 ---p a793b000 00:00 0 
a7a24000-a7a65000 rw-p a7a24000 00:00 0 
a7a6d000-a7a83000 rw-p a7a6d000 00:00 0 
a7a83000-a7a84000 rwxp a7a83000 00:00 0 
a7a84000-a7b0f000 rw-p a7a84000 00:00 0 
a7b1c000-a7b30000 rw-p a7b1c000 00:00 0 
a7b30000-a7b31000 rwxp a7b30000 00:00 0 
a7b31000-a7b40000 rw-p a7b31000 00:00 0 
a7b40000-a7b42000 rwxp a7b40000 00:00 0 
a7b42000-a7b76000 rw-p a7b42000 00:00 0 
a7b76000-a7b77000 rwxp a7b76000 00:00 0 
a7b77000-a7bdc000 rw-p a7b77000 00:00 0 
a7bdc000-a7c07000 rwxp a7bdc000 00:00 0 
a7c07000-a7c0c000 rw-p a7c07000 00:00 0 
a7c0c000-a7c0d000 rwxp a7c0c000 00:00 0 
a7c0d000-a7c0e000 rw-p a7c0d000 00:00 0 
a7c0e000-a7c11000 rwxp a7c0e000 00:00 0 
a7c11000-a7c12000 rw-p a7c11000 00:00 0 
a7c12000-a7c13000 rwxp a7c12000 00:00 0 
a7c13000-a7c14000 rw-p a7c13000 00:00 0 
a7c14000-a7c15000 rwxp a7c14000 00:00 0 
a7c15000-a7c16000 rw-p a7c15000 00:00 0 
a7c16000-a7c17000 rwxp a7c16000 00:00 0 
a7c17000-a7c18000 rw-p a7c17000 00:00 0 
a7c18000-a7c19000 rwxp a7c18000 00:00 0 
a7c19000-a7c1a000 rw-p a7c19000 00:00 0 
a7c1a000-a7c1c000 rwxp a7c1a000 00:00 0 
a7c1c000-a7c1f000 rw-p a7c1c000 00:00 0 
a7c1f000-a7c20000 rwxp a7c1f000 00:00 0 
a7c20000-a7c44000 rw-p a7c20000 00:00 0 
a7c44000-a7c45000 rwxp a7c44000 00:00 0 
a7c45000-a7c53000 rw-p a7c45000 00:00 0 
a7c53000-a7c54000 rwxp a7c53000 00:00 0 
a7c54000-a7c5f000 rw-p a7c54000 00:00 0 
a7c5f000-a7c60000 rwxp a7c5f000 00:00 0 
a7c60000-a7c68000 rw-p a7c60000 00:00 0 
a7c68000-a7c69000 rwxp a7c68000 00:00 0 
a7c69000-a7c70000 rw-p a7c69000 00:00 0 
a7c70000-a7c71000 rwxp a7c70000 00:00 0 
a7c71000-a7c83000 rw-p a7c71000 00:00 0 
a7c83000-a7c85000 rwxp a7c83000 00:00 0 
a7c85000-a7ccc000 rw-p a7c85000 00:00 0 
a7ccc000-a7ccd000 rwxp a7ccc000 00:00 0 
a7ccd000-a7d1e000 rw-p a7ccd000 00:00 0 
a7d3f000-a7d40000 rw-p a7d3f000 00:00 0 
a7d40000-a7d42000 rwxp a7d40000 00:00 0 
a7d42000-a7d52000 rw-p a7d42000 00:00 0 
a7d52000-a7d53000 rwxp a7d52000 00:00 0 
a7d53000-a7d81000 rw-p a7d53000 00:00 0 
a7d81000-a7d87000 rwxp a7d81000 00:00 0 
a7d87000-a7d89000 rw-p a7d87000 00:00 0 
a7d89000-a7d8b000 rwxp a7d89000 00:00 0 
a7d8b000-a7d91000 rw-p a7d8b000 00:00 0 
a7d91000-a7d94000 rwxp a7d91000 00:00 0 
a7d94000-a7db9000 rw-p a7d94000 00:00 0 
a7db9000-a7dba000 rwxp a7db9000 00:00 0 
a7dba000-a7dbc000 rw-p a7dba000 00:00 0 
a7dbc000-a7dbf000 rwxp a7dbc000 00:00 0 
a7dbf000-a7e12000 rw-p a7dbf000 00:00 0 
a7e12000-a7e13000 rwxp a7e12000 00:00 0 
a7e13000-a7e1a000 rw-p a7e13000 00:00 0 
a7e1a000-a7e1b000 rwxp a7e1a000 00:00 0 
a7e1b000-a7e44000 rw-p a7e1b000 00:00 0 
a7e44000-a7e45000 rwxp a7e44000 00:00 0 
a7e45000-a7e92000 rw-p a7e45000 00:00 0 
a7e92000-a7e93000 rwxp a7e92000 00:00 0 
a7e93000-a7ecd000 rw-p a7e93000 00:00 0 
a7ecd000-a7ece000 rwxp a7ecd000 00:00 0 
a7ece000-a7edb000 rw-p a7ece000 00:00 0 
a7edb000-a7edc000 rwxp a7edb000 00:00 0 
a7edc000-a7ee5000 rw-p a7edc000 00:00 0 
a7ee5000-a7ee6000 rwxp a7ee5000 00:00 0 
a7ee6000-a7efc000 rw-p a7ee6000 00:00 0 
a7efc000-a7efe000 rwxp a7efc000 00:00 0 
a7efe000-a7f16000 rw-p a7efe000 00:00 0 
a7f16000-a7f17000 rwxp a7f16000 00:00 0 
a7f17000-a7ffa000 rw-p a7f17000 00:00 0 
a7ffa000-a8000000 ---p a7ffa000 00:00 0 
a8000000-a800e000 rw-p a8000000 00:00 0 
a800e000-a800f000 rwxp a800e000 00:00 0 
a800f000-a8016000 rw-p a800f000 00:00 0 
a8016000-a8017000 rwxp a8016000 00:00 0 
a8017000-a8032000 rw-p a8017000 00:00 0 
a8032000-a8033000 rwxp a8032000 00:00 0 
a8033000-a809e000 rw-p a8033000 00:00 0 
a809e000-a809f000 rwxp a809e000 00:00 0 
a809f000-a8177000 rw-p a809f000 00:00 0 
a8177000-a8178000 rwxp a8177000 00:00 0 
a8178000-a819a000 rw-p a8178000 00:00 0 
a819a000-a819c000 rwxp a819a000 00:00 0 
a819c000-a819f000 rw-p a819c000 00:00 0 
a819f000-a81a0000 rwxp a819f000 00:00 0 
a81a0000-a81a9000 rw-p a81a0000 00:00 0 
a81a9000-a81aa000 rwxp a81a9000 00:00 0 
a81aa000-a81de000 rw-p a81aa000 00:00 0 
a81de000-a81df000 rwxp a81de000 00:00 0 
a81df000-a81fd000 rw-p a81df000 00:00 0 
a81fd000-a8200000 ---p a81fd000 00:00 0 
a823f000-a8283000 rw-p a823f000 00:00 0 
a8283000-a8284000 rwxp a8283000 00:00 0 
a8284000-a8286000 rw-p a8284000 00:00 0 
a8286000-a8288000 rwxp a8286000 00:00 0 
a8288000-a8291000 rw-p a8288000 00:00 0 
a8291000-a8292000 rwxp a8291000 00:00 0 
a8292000-a829b000 rw-p a8292000 00:00 0 
a829b000-a829d000 rwxp a829b000 00:00 0 
a829d000-a82a3000 rw-p a829d000 00:00 0 
a82a3000-a82a4000 rwxp a82a3000 00:00 0 
a82a4000-a82a5000 rw-p a82a4000 00:00 0 
a82a5000-a82a6000 rwxp a82a5000 00:00 0 
a82a6000-a82aa000 rw-p a82a6000 00:00 0 
a82aa000-a82ab000 rwxp a82aa000 00:00 0 
a82ab000-a82c0000 rw-p a82ab000 00:00 0 
a82c0000-a82c2000 rwxp a82c0000 00:00 0 
a82c2000-a82e3000 rw-p a82c2000 00:00 0 
a82e3000-a82e4000 rwxp a82e3000 00:00 0 
a82e4000-a82f0000 rw-p a82e4000 00:00 0 
a82f0000-a82f2000 rwxp a82f0000 00:00 0 
a82f2000-a833b000 rw-p a82f2000 00:00 0 
a833b000-a833d000 rwxp a833b000 00:00 0 
a833d000-a834c000 rw-p a833d000 00:00 0 
a834c000-a834d000 rwxp a834c000 00:00 0 
a834d000-a8374000 rw-p a834d000 00:00 0 
a8374000-a8376000 rwxp a8374000 00:00 0 
a8376000-a83a4000 rw-p a8376000 00:00 0 
a83a4000-a83a6000 rwxp a83a4000 00:00 0 
a83a6000-a83ae000 rw-p a83a6000 00:00 0 
a83ae000-a83af000 rwxp a83ae000 00:00 0 
a83af000-a83c8000 rw-p a83af000 00:00 0 
a83c8000-a83c9000 rwxp a83c8000 00:00 0 
a83c9000-a83dd000 rw-p a83c9000 00:00 0 
a83dd000-a83de000 rwxp a83dd000 00:00 0 
a83de000-a83e0000 rw-p a83de000 00:00 0 
a83e0000-a83e2000 rwxp a83e0000 00:00 0 
a83e2000-a83e8000 rw-p a83e2000 00:00 0 
a83e8000-a83e9000 rwxp a83e8000 00:00 0 
a83e9000-a83f3000 rw-p a83e9000 00:00 0 
a83f3000-a83f4000 rwxp a83f3000 00:00 0 
a83f4000-a83f5000 rw-p a83f4000 00:00 0 
a83f5000-a83f7000 rwxp a83f5000 00:00 0 
a83f7000-a84f9000 rw-p a83f7000 00:00 0 
a84f9000-a8500000 ---p a84f9000 00:00 0 
a853e000-a8544000 rw-p a853e000 00:00 0 
a8544000-a854a000 rwxp a8544000 00:00 0 
a854a000-a854c000 rw-p a854a000 00:00 0 
a854c000-a8550000 rwxp a854c000 00:00 0 
a8550000-a8554000 rw-p a8550000 00:00 0 
a8554000-a8558000 rwxp a8554000 00:00 0 
a8558000-a8559000 rw-p a8558000 00:00 0 
a8559000-a855a000 rwxp a8559000 00:00 0 
a855a000-a855b000 rw-p a855a000 00:00 0 
a855b000-a8563000 rwxp a855b000 00:00 0 
a8563000-a8564000 rw-p a8563000 00:00 0 
a8564000-a8566000 rwxp a8564000 00:00 0 
a8566000-a8569000 rw-p a8566000 00:00 0 
a8569000-a856a000 rwxp a8569000 00:00 0 
a856a000-a856b000 rw-p a856a000 00:00 0 
a856b000-a8577000 rwxp a856b000 00:00 0 
a8577000-a8578000 rw-p a8577000 00:00 0 
a8578000-a857e000 rwxp a8578000 00:00 0 
a857e000-a8587000 rw-p a857e000 00:00 0 
a8587000-a8589000 rwxp a8587000 00:00 0 
a8589000-a868b000 rw-p a8589000 00:00 0 
a868b000-a868d000 rwxp a868b000 00:00 0 
a868d000-a86d2000 rw-p a868d000 00:00 0 
a86d2000-a86d3000 rwxp a86d2000 00:00 0 
a86d3000-a86f3000 rw-p a86d3000 00:00 0 
a86f3000-a8700000 ---p a86f3000 00:00 0 
a873b000-a877c000 rw-p a873b000 00:00 0 
a877c000-a877d000 rwxp a877c000 00:00 0 
a877d000-a8780000 rw-p a877d000 00:00 0 
a8780000-a8785000 rwxp a8780000 00:00 0 
a8785000-a8787000 rw-p a8785000 00:00 0 
a8787000-a8788000 rwxp a8787000 00:00 0 
a8788000-a878a000 rw-p a8788000 00:00 0 
a878a000-a878d000 rwxp a878a000 00:00 0 
a878d000-a878e000 rw-p a878d000 00:00 0 
a878e000-a878f000 rwxp a878e000 00:00 0 
a878f000-a8790000 rw-p a878f000 00:00 0 
a8790000-a8791000 rwxp a8790000 00:00 0 
a8791000-a8792000 rw-p a8791000 00:00 0 
a8792000-a8793000 rwxp a8792000 00:00 0 
a8793000-a8794000 rw-p a8793000 00:00 0 
a8794000-a8795000 rwxp a8794000 00:00 0 
a8795000-a8796000 rw-p a8795000 00:00 0 
a8796000-a87a3000 rwxp a8796000 00:00 0 
a87a3000-a87a4000 rw-p a87a3000 00:00 0 
a87a4000-a87aa000 rwxp a87a4000 00:00 0 
a87aa000-a87ab000 rw-p a87aa000 00:00 0 
a87ab000-a87b0000 rwxp a87ab000 00:00 0 
a87b0000-a87b1000 rw-p a87b0000 00:00 0 
a87b1000-a87b8000 rwxp a87b1000 00:00 0 
a87b8000-a87ba000 rw-p a87b8000 00:00 0 
a87ba000-a87bb000 rwxp a87ba000 00:00 0 
a87bb000-a8900000 rw-p a87bb000 00:00 0 
a891f000-a8925000 rw-p a891f000 00:00 0 
a8925000-a8928000 rwxp a8925000 00:00 0 
a8928000-a8929000 rw-p a8928000 00:00 0 
a8929000-a892b000 rwxp a8929000 00:00 0 
a892b000-a892e000 rw-p a892b000 00:00 0 
a892e000-a892f000 rwxp a892e000 00:00 0 
a892f000-a8932000 rw-p a892f000 00:00 0 
a8932000-a8934000 rwxp a8932000 00:00 0 
a8934000-a8935000 rw-p a8934000 00:00 0 
a8935000-a8938000 rwxp a8935000 00:00 0 
a8938000-a8939000 rw-p a8938000 00:00 0 
a8939000-a893b000 rwxp a8939000 00:00 0 
a893b000-a893d000 rw-p a893b000 00:00 0 
a893d000-a893f000 rwxp a893d000 00:00 0 
a893f000-a8940000 rw-p a893f000 00:00 0 
a8940000-a8947000 rwxp a8940000 00:00 0 
a8947000-a8948000 rw-p a8947000 00:00 0 
a8948000-a894c000 rwxp a8948000 00:00 0 
a894c000-a894e000 rw-p a894c000 00:00 0 
a894e000-a8951000 rwxp a894e000 00:00 0 
a8951000-a8954000 rw-p a8951000 00:00 0 
a8954000-a8958000 rwxp a8954000 00:00 0 
a8958000-a8959000 rw-p a8958000 00:00 0 
a8959000-a895c000 rwxp a8959000 00:00 0 
a895c000-a8960000 rw-p a895c000 00:00 0 
a8960000-a8b07000 r--s 00000000 00:13 2381405    /usr/Local/matlab2006a_pre/java/jarext/xercesImpl.jar
a8b07000-a8b22000 r--s 00000000 00:13 2381406    /usr/Local/matlab2006a_pre/java/jarext/xml-apis.jar
a8b22000-a8c00000 r--s 00000000 00:13 2381403    /usr/Local/matlab2006a_pre/java/jarext/xalan.jar
a8c00000-a8d00000 rw-p a8c00000 00:00 0 
a8d3e000-a8d59000 r--s 00000000 00:13 2381402    /usr/Local/matlab2006a_pre/java/jarext/wsdl4j.jar
a8d59000-a8d6c000 r--s 00000000 00:13 2381400    /usr/Local/matlab2006a_pre/java/jarext/vb20.jar
a8d6c000-a8e05000 r--s 00000000 00:13 3236182    /usr/Local/matlab2006a_pre/java/jarext/saxon.jar
a8e05000-a8e0a000 r--s 00000000 00:13 3236181    /usr/Local/matlab2006a_pre/java/jarext/saaj.jar
a8e0a000-a8e25000 r--s 00000000 00:13 3236180    /usr/Local/matlab2006a_pre/java/jarext/mwucarunits.jar
a8e25000-a8ed2000 r--s 00000000 00:13 3236179    /usr/Local/matlab2006a_pre/java/jarext/mail.jar
a8ed2000-a8f25000 r--s 00000000 00:13 3236178    /usr/Local/matlab2006a_pre/java/jarext/looks-1.3.2.jar
a8f25000-a8f43000 r--s 00000000 00:13 3236177    /usr/Local/matlab2006a_pre/java/jarext/junit.jar
a8f43000-a8f4c000 r--s 00000000 00:13 3236176    /usr/Local/matlab2006a_pre/java/jarext/jaxrpc.jar
a8f4c000-a8f58000 r--s 00000000 00:13 3236175    /usr/Local/matlab2006a_pre/java/jarext/jaccess-1_4.jar
a8f58000-a8f7f000 r--s 00000000 00:13 2043133    /usr/Local/matlab2006a_pre/java/jarext/J2PrinterWorks.jar
a8f7f000-a8fba000 r--s 00000000 00:13 3236174    /usr/Local/matlab2006a_pre/java/jarext/ice/icessl.jar
a8fba000-a8fbb000 r--s 00000000 00:13 3236173    /usr/Local/matlab2006a_pre/java/jarext/ice/ib6xalan.jar
a8fbb000-a8fd3000 r--s 00000000 00:13 3236172    /usr/Local/matlab2006a_pre/java/jarext/ice/ib6util.jar
a8fd3000-a8fe3000 r--s 00000000 00:13 3236171    /usr/Local/matlab2006a_pre/java/jarext/ice/ib6swing.jar
a8fe3000-a902b000 r--s 00000000 00:13 3236170    /usr/Local/matlab2006a_pre/java/jarext/ice/ib6js.jar
a902b000-a902c000 r--s 00000000 00:13 3236169    /usr/Local/matlab2006a_pre/java/jarext/ice/ib6https.jar
a902c000-a9045000 r--s 00000000 00:13 3236168    /usr/Local/matlab2006a_pre/java/jarext/ice/ib6http.jar
a9045000-a9059000 r--s 00000000 00:13 3236167    /usr/Local/matlab2006a_pre/java/jarext/ice/ib6extra.jar
a9059000-a90e3000 r--s 00000000 00:13 3236166    /usr/Local/matlab2006a_pre/java/jarext/ice/ib6core.jar
a90e3000-a9100000 r--s 00000000 00:13 3236164    /usr/Local/matlab2006a_pre/java/jarext/commons-net-1.0.0.jar
a9100000-a91fd000 rw-p a9100000 00:00 0 
a91fd000-a9200000 ---p a91fd000 00:00 0 
a9205000-a920d000 r--s 00000000 00:13 2043152    /usr/Local/matlab2006a_pre/java/jarext/commons-logging.jar
a920d000-a921f000 r--s 00000000 00:13 2043150    /usr/Local/matlab2006a_pre/java/jarext/commons-discovery.jar
a921f000-a9226000 r--s 00000000 00:13 2043149    /usr/Local/matlab2006a_pre/java/jarext/commapi/comm.jar
a9226000-a9266000 r--s 00000000 00:13 2043147    /usr/Local/matlab2006a_pre/java/jarext/collections.jar
a9266000-a9394000 r--s 00000000 00:13 2043145    /usr/Local/matlab2006a_pre/java/jarext/axis.jar
a9394000-a93a4000 r--s 00000000 00:13 2043143    /usr/Local/matlab2006a_pre/java/jarext/avalon.jar
a93a4000-a93ab000 r--s 00000000 00:13 2043142    /usr/Local/matlab2006a_pre/java/jarext/audio.jar
a93ab000-a94a8000 r--s 00000000 00:13 2043137    /usr/Local/matlab2006a_pre/java/jarext/ant.jar
a94a8000-a94c3000 r--s 00000000 00:13 2043135    /usr/Local/matlab2006a_pre/java/jarext/activation.jar
a94c3000-a94cc000 r--s 00000000 00:13 2043134    /usr/Local/matlab2006a_pre/java/jarext/access-bridge.jar
a94cc000-a94d0000 r--s 00000000 00:13 818784     /usr/Local/matlab2006a_pre/java/jar/xml.jar
a94d0000-a94ec000 r--s 00000000 00:13 818781     /usr/Local/matlab2006a_pre/java/jar/toolbox/timeseries.jar
a94ec000-a9519000 r--s 00000000 00:13 818780     /usr/Local/matlab2006a_pre/java/jar/toolbox/testmeas.jar
a9519000-a9534000 r--s 00000000 00:13 818779     /usr/Local/matlab2006a_pre/java/jar/toolbox/rptgencore.jar
a9534000-a966e000 r--s 00000000 00:13 818778     /usr/Local/matlab2006a_pre/java/jar/toolbox/instrument.jar
a966e000-a96a9000 r--s 00000000 00:13 818777     /usr/Local/matlab2006a_pre/java/jar/toolbox/control.jar
a96a9000-a96af000 r--s 00000000 00:13 818775     /usr/Local/matlab2006a_pre/java/jar/timer.jar
a96af000-a96be000 r--s 00000000 00:13 818774     /usr/Local/matlab2006a_pre/java/jar/services.jar
a96be000-a9825000 r--s 00000000 00:13 818773     /usr/Local/matlab2006a_pre/java/jar/page.jar
a9825000-a982a000 r--s 00000000 00:13 818772     /usr/Local/matlab2006a_pre/java/jar/org/openide.jar
a982a000-a9944000 r--s 00000000 00:13 818771     /usr/Local/matlab2006a_pre/java/jar/org/netbeans.jar
a9944000-a9a07000 r--s 00000000 00:13 818769     /usr/Local/matlab2006a_pre/java/jar/mwt.jar
a9a07000-a9b32000 r--s 00000000 00:13 1279970    /usr/Local/matlab2006a_pre/java/jar/mwswing.jar
a9b32000-a9c35000 r--s 00000000 00:13 1279969    /usr/Local/matlab2006a_pre/java/jar/mlwidgets.jar
a9c35000-a9c44000 r--s 00000000 00:13 1279968    /usr/Local/matlab2006a_pre/java/jar/mlservices.jar
a9c44000-a9da7000 r--s 00000000 00:13 1279967    /usr/Local/matlab2006a_pre/java/jar/mde.jar
a9da7000-a9dda000 r--s 00000000 00:13 1279966    /usr/Local/matlab2006a_pre/java/jar/jmi.jar
a9dda000-a9e9a000 r--s 00000000 00:13 1279965    /usr/Local/matlab2006a_pre/java/jar/ide.jar
a9e9a000-a9f43000 r--s 00000000 00:13 1279964    /usr/Local/matlab2006a_pre/java/jar/ice.jar
a9f43000-a9fce000 r--s 00000000 00:13 1279963    /usr/Local/matlab2006a_pre/java/jar/hg.jar
a9fce000-a9fea000 r--s 00000000 00:13 1279962    /usr/Local/matlab2006a_pre/java/jar/beans.jar
a9fea000-aa019000 r--s 00000000 00:13 1279961    /usr/Local/matlab2006a_pre/java/jar/activation.jar
aa019000-aa0d0000 r--s 00000000 00:13 818783     /usr/Local/matlab2006a_pre/java/jar/widgets.jar
aa0d0000-aa0ec000 r--s 00000000 00:13 818782     /usr/Local/matlab2006a_pre/java/jar/util.jar
aa0ec000-aa117000 r--s 00000000 00:13 2911922    /usr/Local/matlab2006a_pre/sys/java/jre/glnx86/jre1.5.0/lib/ext/sunpkcs11.jar
aa117000-aa13d000 r--s 00000000 00:13 2911921    /usr/Local/matlab2006a_pre/sys/java/jre/glnx86/jre1.5.0/lib/ext/sunjce_provider.jar
aa13d000-aa200000 r--s 00000000 00:13 2911920    /usr/Local/matlab2006a_pre/sys/java/jre/glnx86/jre1.5.0/lib/ext/localedata.jar
aa200000-aa2fd000 rw-p aa200000 00:00 0 
aa2fd000-aa300000 ---p aa2fd000 00:00 0 
aa30e000-aa30f000 rw-p aa30e000 00:00 0 
aa30f000-aa310000 rwxp aa30f000 00:00 0 
aa310000-aa314000 rw-p aa310000 00:00 0 
aa314000-aa316000 rwxp aa314000 00:00 0 
aa316000-aa319000 rw-p aa316000 00:00 0 
aa319000-aa31c000 rwxp aa319000 00:00 0 
aa31c000-aa31e000 rw-p aa31c000 00:00 0 
aa31e000-aa31f000 rwxp aa31e000 00:00 0 
aa31f000-aa320000 rw-p aa31f000 00:00 0 
aa320000-aa322000 rwxp aa320000 00:00 0 
aa322000-aa324000 rw-p aa322000 00:00 0 
aa324000-aa325000 rwxp aa324000 00:00 0 
aa325000-aa327000 rw-p aa325000 00:00 0 
aa327000-aa328000 rwxp aa327000 00:00 0 
aa328000-aa329000 rw-p aa328000 00:00 0 
aa329000-aa32a000 rwxp aa329000 00:00 0 
aa32a000-aa32e000 rw-p aa32a000 00:00 0 
aa32e000-aa334000 rwxp aa32e000 00:00 0 
aa334000-aa336000 rw-p aa334000 00:00 0 
aa336000-aa337000 rwxp aa336000 00:00 0 
aa337000-aa33a000 rw-p aa337000 00:00 0 
aa33a000-aa33e000 rwxp aa33a000 00:00 0 
aa33e000-aa342000 rw-p aa33e000 00:00 0 
aa342000-aa343000 rwxp aa342000 00:00 0 
aa343000-aa34e000 rw-p aa343000 00:00 0 
aa34e000-aa350000 r--s 00000000 00:13 2911919    /usr/Local/matlab2006a_pre/sys/java/jre/glnx86/jre1.5.0/lib/ext/dnsns.jar
aa350000-ab370000 rwxp aa350000 00:00 0 
ab370000-abb50000 rwxp ab370000 00:00 0 
abb50000-aeb50000 rwxp abb50000 00:00 0 
aeb50000-b0350000 rwxp aeb50000 00:00 0 
b0350000-b17d0000 rwxp b0350000 00:00 0 
b17d0000-b2350000 rwxp b17d0000 00:00 0 
b2358000-b2820000 rwxp b2358000 00:00 0 
b2820000-b4358000 rwxp b2820000 00:00 0 
b4358000-b4b76000 r--s 00000000 00:13 2911908    /usr/Local/matlab2006a_pre/sys/java/jre/glnx86/jre1.5.0/lib/charsets.jar
b4b76000-b4b8a000 r--s 00000000 00:13 2373043    /usr/Local/matlab2006a_pre/sys/java/jre/glnx86/jre1.5.0/lib/jce.jar
b4b8a000-b4c03000 r--s 00000000 00:13 2373044    /usr/Local/matlab2006a_pre/sys/java/jre/glnx86/jre1.5.0/lib/jsse.jar
b4c03000-b4c6b000 rw-p b4c03000 00:00 0 
b4c6b000-b6e26000 r--s 00000000 00:13 1067866    /usr/Local/matlab2006a_pre/sys/java/jre/glnx86/jre1.5.0/lib/rt.jar
b6e26000-b6e2e000 rw-s 00000000 fd:00 1130580    /tmp/hsperfdata_operateur/25356 (deleted)
b6e2e000-b6e2f000 ---p b6e2e000 00:00 0 
b6e2f000-b6e32000 rw-p b6e2f000 00:00 0 
b6e32000-b6e34000 rwxp b6e32000 00:00 0 
b6e34000-b6e35000 rw-p b6e34000 00:00 0 
b6e35000-b6e38000 rwxp b6e35000 00:00 0 
b6e38000-b6e3a000 rw-p b6e38000 00:00 0 
b6e3a000-b6e3b000 rwxp b6e3a000 00:00 0 
b6e3b000-b6e3d000 rw-p b6e3b000 00:00 0 
b6e3d000-b6e42000 rwxp b6e3d000 00:00 0 
b6e42000-b6e72000 rw-p b6e42000 00:00 0 
b6e72000-b6e7c000 rwxp b6e72000 00:00 0 
b6e7c000-b6e7d000 rw-p b6e7c000 00:00 0 
b6e7d000-b6e82000 rwxp b6e7d000 00:00 0 
b6e82000-b6eb1000 rw-p b6e82000 00:00 0 
b6eb1000-b6ee6000 r--s 00000000 fd:00 740386     /var/db/nscd/hosts
b6ee6000-b6f1b000 r--s 00000000 fd:00 740208     /var/db/nscd/passwd
b6f1b000-b6f21000 r--s 00000000 fd:00 3883218    /usr/lib/gconv/gconv-modules.cache
b6f29000-b6f2b000 rw-p b6f29000 00:00 0 
b6f2b000-b6f2c000 rwxp b6f2b000 00:00 0 
b6f2c000-b6f60000 rw-p b6f2c000 00:00 0 
b6f60000-b6f62000 rwxp b6f60000 00:00 0 
b6f62000-b6f6c000 rw-p b6f62000 00:00 0 
b6f6c000-b6f6f000 rwxp b6f6c000 00:00 0 
b6f6f000-b6f70000 rw-p b6f6f000 00:00 0 
b6f70000-b6f72000 rwxp b6f70000 00:00 0 
b6f72000-b6f73000 rw-p b6f72000 00:00 0 
b6f73000-b6f78000 rwxp b6f73000 00:00 0 
b6f78000-b6f89000 rw-p b6f78000 00:00 0 
b6f89000-b6f8e000 rwxp b6f89000 00:00 0 
b6f8e000-b6fc6000 rw-p b6f8e000 00:00 0 
b6fc6000-b6fc7000 rwxp b6fc6000 00:00 0 
b6fc7000-b6fde000 rw-p b6fc7000 00:00 0 
b6fde000-b6fdf000 rwxp b6fde000 00:00 0 
b6fdf000-b6feb000 rw-p b6fdf000 00:00 0 
b6feb000-b6ff3000 rwxp b6feb000 00:00 0 
b6ff3000-b6ff5000 rw-p b6ff3000 00:00 0 
b6ff5000-b7022000 rwxp b6ff5000 00:00 0 
b7022000-b7042000 rw-p b7022000 00:00 0 
b7042000-b7045000 rwxp b7042000 00:00 0 
b7045000-b704b000 rw-p b7045000 00:00 0 
b704b000-b704d000 rwxp b704b000 00:00 0 
b704d000-b7054000 rw-p b704d000 00:00 0 
b7054000-b7055000 rwxp b7054000 00:00 0 
b7055000-b705d000 rw-p b7055000 00:00 0 
b705d000-b705f000 rwxp b705d000 00:00 0 
b705f000-b7061000 rw-p b705f000 00:00 0 
b7061000-b7068000 rwxp b7061000 00:00 0 
b7068000-b7069000 rw-p b7068000 00:00 0 
b7069000-b706a000 r--p 00250000 fd:00 3861299    /usr/lib/locale/locale-archive
b706a000-b7142000 r--p 00158000 fd:00 3861299    /usr/lib/locale/locale-archive
b7142000-b7342000 r--p 00000000 fd:00 3861299    /usr/lib/locale/locale-archive
b7342000-b7366000 rw-p b7342000 00:00 0 
b7366000-b736d000 rwxp b7366000 00:00 0 
b736d000-b736e000 rw-p b736d000 00:00 0 
b736e000-b7375000 rwxp b736e000 00:00 0 
b7375000-b7376000 rw-p b7375000 00:00 0 
b7376000-b7382000 rwxp b7376000 00:00 0 
b7382000-b739d000 rw-p b7382000 00:00 0 
b739d000-b739e000 rwxp b739d000 00:00 0 
b739e000-b73fb000 rw-p b739e000 00:00 0 
b73fb000-b73fc000 rwxp b73fb000 00:00 0 
b73fc000-b73fd000 rw-p b73fc000 00:00 0 
b73fd000-b73fe000 rwxp b73fd000 00:00 0 
b73fe000-b7402000 rw-p b73fe000 00:00 0 
b7402000-b7403000 rwxp b7402000 00:00 0 
b7403000-b740b000 rw-p b7403000 00:00 0 
b740b000-b740c000 rwxp b740b000 00:00 0 
b740c000-b740e000 rw-p b740c000 00:00 0 
b740e000-b7411000 rwxp b740e000 00:00 0 
b7411000-b7414000 rw-p b7411000 00:00 0 
b7414000-b7417000 rwxp b7414000 00:00 0 
b7417000-b7418000 rw-p b7417000 00:00 0 
b7418000-b7419000 rwxp b7418000 00:00 0 
b7419000-b741a000 rw-p b7419000 00:00 0 
b741a000-b741c000 rwxp b741a000 00:00 0 
b741c000-b741d000 rw-p b741c000 00:00 0 
b741d000-b7421000 rwxp b741d000 00:00 0 
b7421000-b7444000 rw-p b7421000 00:00 0 
b7444000-b744b000 rwxp b7444000 00:00 0 
b744b000-b744c000 rw-p b744b000 00:00 0 
b744c000-b7450000 rwxp b744c000 00:00 0 
b7450000-b7452000 rw-p b7450000 00:00 0 
b7452000-b745e000 rwxp b7452000 00:00 0 
b745e000-b745f000 rw-p b745e000 00:00 0 
b745f000-b746b000 rwxp b745f000 00:00 0 
b746b000-b7472000 rw-p b746b000 00:00 0 
b7472000-b7476000 rwxp b7472000 00:00 0 
b7476000-b7477000 rw-p b7476000 00:00 0 
b7477000-b747a000 rwxp b7477000 00:00 0 
b747a000-b747e000 rw-p b747a000 00:00 0 
b747e000-b7482000 rwxp b747e000 00:00 0 
b7482000-b7488000 rw-p b7482000 00:00 0 
b7488000-b7489000 rwxp b7488000 00:00 0 
b7489000-b748d000 rw-p b7489000 00:00 0 
b748d000-b748f000 rwxp b748d000 00:00 0 
b748f000-b7493000 rw-p b748f000 00:00 0 
b7493000-b7499000 rwxp b7493000 00:00 0 
b7499000-b749b000 rw-p b7499000 00:00 0 
b749b000-b749f000 rwxp b749b000 00:00 0 
b749f000-b74a2000 rw-p b749f000 00:00 0 
b74a2000-b74a4000 rwxp b74a2000 00:00 0 
b74a4000-b74a5000 rw-p b74a4000 00:00 0 
b74a5000-b74a9000 rwxp b74a5000 00:00 0 
b74a9000-b74aa000 rw-p b74a9000 00:00 0 
b74aa000-b74ab000 rwxp b74aa000 00:00 0 
b74ab000-b74e6000 rw-p b74ab000 00:00 0 
b74e6000-b74e7000 rwxp b74e6000 00:00 0 
b74e7000-b74e9000 rw-p b74e7000 00:00 0 
b74e9000-b74ea000 rwxp b74e9000 00:00 0 
b74ea000-b74eb000 rw-p b74ea000 00:00 0 
b74eb000-b74ec000 rwxp b74eb000 00:00 0 
b74ec000-b74f1000 rw-p b74ec000 00:00 0 
b74f1000-b74f2000 rwxp b74f1000 00:00 0 
b74f2000-b74ff000 rw-p b74f2000 00:00 0 
b74ff000-b7500000 rwxp b74ff000 00:00 0 
b7500000-b768a000 rw-p b7500000 00:00 0 
b768a000-b7fdd000 r--s 00000000 00:13 2757172    /usr/Local/matlab2006a_pre/bin/glnx86/icudt32l.dat
b7fdd000-b7fec000 rw-p b7fdd000 00:00 0 
b7ffe000-b8000000 rw-p b7ffe000 00:00 0 
bfdbc000-bfdbf000 ---p bfdbc000 00:00 0 
bfdbf000-bffbc000 rwxp bfdbf000 00:00 0 
bffbc000-c0000000 rw-p bffbc000 00:00 0 
ffffe000-fffff000 ---p 00000000 00:00 0 

VM Arguments:
jvm_args: -Xms64m -Xmx96m -XX:NewRatio=3 -XX:MaxPermSize=32M -Djava.util.prefs.PreferencesFactory=com.mathworks.util.DisabledPreferencesFactory -Djava.library.path=/usr/Local/matlab2006a_pre/bin/glnx86 vfprintf abort
java_command: <unknown>

Environment Variables:
PATH=/usr/Local/soleil-root/tango/bin:/usr/Local/tightvnc:/usr/Local/smartcvs/bin:/usr/Local/matlab/bin:/usr/Local/java/j2re1.4.2_07/bin/:/usr/Local/soleil-root/tango/bin:/usr/Local/tightvnc:/usr/Local/smartcvs/bin:/usr/Local/matlab/bin:/usr/Local/java/j2re1.4.2_07/bin/:/usr/kerberos/bin:/usr/local/bin:/usr/bin:/bin:/usr/X11R6/bin:/home/operateur/bin:.
LD_LIBRARY_PATH=/usr/Local/matlab2006a_pre/sys/os/glnx86:/usr/Local/matlab2006a_pre/bin/glnx86:/usr/Local/matlab2006a_pre/extern/lib/glnx86:/usr/Local/matlab2006a_pre/sys/java/jre/glnx86/jre1.5.0/lib/i386/native_threads:/usr/Local/matlab2006a_pre/sys/java/jre/glnx86/jre1.5.0/lib/i386/client:/usr/Local/matlab2006a_pre/sys/java/jre/glnx86/jre1.5.0/lib/i386::/usr/Local/soleil-root/tango/lib:/usr/Local/soleil-root/omniorb/lib:/usr/Local/soleil-root/bindings/python/python23:/usr/Local/soleil-root/tango/lib:/usr/Local/soleil-root/omniorb/lib:/usr/Local/soleil-root/bindings/python/python23
SHELL=/bin/bash
DISPLAY=co11-tx1.RCM:0.0
ARCH=glnx86


---------------  S Y S T E M  ---------------

OS:Red Hat Enterprise Linux ES release 4 (Nahant Update 3)

uname:Linux 2.6.9-22.0.2.ELsmp #1 SMP Thu Jan 5 17:13:01 EST 2006 i686
libc:glibc 2.3.4 NPTL 2.3.4 
rlimit: STACK 10240k, CORE 0k, NPROC 81920, NOFILE 1024, AS infinity
load average:1.09 1.39 1.57

CPU:total 4 family 15, cmov, cx8, fxsr, mmx, sse, sse2, ht

Memory: 4k page, physical 1012k(19k free), swap 1007k(1007k free)

vm_info: Java HotSpot(TM) Client VM (1.5.0-b64) for linux-x86, built on Sep 15 2004 03:56:41 by java_re with gcc 3.2.1-7a (J2SE release)

