#
# An unexpected error has been detected by HotSpot Virtual Machine:
#
#  Internal Error (53414645504F494E540E43505001C0), pid=7112, tid=145013680
#
# Java VM: Java HotSpot(TM) Client VM (1.5.0-b64 mixed mode)

---------------  T H R E A D  ---------------

Current thread is native thread

Stack: [0xbfd12000,0xbff12000),  sp=0xbff0e8f0,  free space=2034k
Native frames: (J=compiled Java code, j=interpreted, Vv=VM code, C=native code)
V  [libjvm.so+0x2dcf73]
V  [libjvm.so+0x119dd9]
V  [libjvm.so+0x281716]
V  [libjvm.so+0x2b1a19]
V  [libjvm.so+0x17199e]
C  [libmwjmi.so+0xbca1]  _ZN22mljLocalReferenceFrameC1EP7JNIEnv_i+0x21
C  [libnativejmi.so+0x9b09]  _ZN18NameEvalIqmRequest15CEvalIqmRequest24DoPostInterpretOperationE17inExecutionStatus+0x49
C  [libmwiqm.so+0x3c90]
C  [libmwbridge.so+0xc480]  mnParser+0x4c0
C  [libmwmcr.so+0x1bf24]  _ZN11mcrInstance8mnParserEv+0x34
C  [MATLAB+0x11c8]  __gxx_personality_v0+0x2ec
C  [libmwmcr.so+0x17556]  _Z12mcr_run_mainPFiiPPcEiS0_+0x16
C  [MATLAB+0x126c]  __gxx_personality_v0+0x390
C  [libc.so.6+0x14de3]  __libc_start_main+0xd3


---------------  P R O C E S S  ---------------

Java Threads: ( => current thread )
  0x0a015ef8 JavaThread "Thread-47" [_thread_blocked, id=8676]
  0xa6648a90 JavaThread "Prefs Updater" [_thread_blocked, id=8294]
  0xa68bba80 JavaThread "Active Reference Queue Daemon" daemon [_thread_blocked, id=7190]
  0xa688fcd8 JavaThread "Timer-1" daemon [_thread_blocked, id=7189]
  0x0957a6a8 JavaThread "TimerQueue" daemon [_thread_blocked, id=7188]
  0x0951a9c0 JavaThread "AWT-EventQueue-0" [_thread_blocked, id=7184]
  0x0951c880 JavaThread "AWT-Shutdown" [_thread_blocked, id=7183]
  0x0950dd30 JavaThread "AWT-XAWT" daemon [_thread_blocked, id=7182]
  0x09504810 JavaThread "Java2D Disposer" daemon [_thread_blocked, id=7181]
  0x09078600 JavaThread "Timer-0" [_thread_blocked, id=7180]
  0x08f4a8c8 JavaThread "Low Memory Detector" daemon [_thread_blocked, id=7178]
  0x08f49328 JavaThread "CompilerThread0" daemon [_thread_blocked, id=7177]
  0x08f48470 JavaThread "Signal Dispatcher" daemon [_thread_blocked, id=7176]
  0x08f3e360 JavaThread "Finalizer" daemon [_thread_blocked, id=7175]
  0x08f3d648 JavaThread "Reference Handler" daemon [_thread_blocked, id=7174]
  0x08ee2218 JavaThread "main" [_thread_in_native_trans, id=7112]

Other Threads:
  0x08f39348 VMThread [id=7173]
  0x08f4bda8 WatcherThread [id=7179]

VM state:synchronizing (normal execution)

VM Mutex/Monitor currently owned by a thread:  ([mutex/lock_event])
[0x08ee1660/0x08ee1688] Threads_lock - owner thread: 0x08f39348

Heap
 def new generation   total 17472K, used 14299K [0xa8840000, 0xa9b30000, 0xaa040000)
  eden space 15552K,  84% used [0xa8840000, 0xa9522868, 0xa9770000)
  from space 1920K,  57% used [0xa9770000, 0xa9884638, 0xa9950000)
  to   space 1920K,   0% used [0xa9950000, 0xa9950000, 0xa9b30000)
 tenured generation   total 57888K, used 36329K [0xaa040000, 0xad8c8000, 0xae840000)
   the space 57888K,  62% used [0xaa040000, 0xac3ba470, 0xac3ba600, 0xad8c8000)
 compacting perm gen  total 25600K, used 25354K [0xae840000, 0xb0140000, 0xb0840000)
   the space 25600K,  99% used [0xae840000, 0xb01029d0, 0xb0102a00, 0xb0140000)
No shared spaces configured.

Dynamic libraries:
00101000-00102000 r-xp 00000000 08:06 303515     /usr/lib/tls/libnvidia-tls.so.1.0.8762
00102000-00103000 rw-p 00000000 08:06 303515     /usr/lib/tls/libnvidia-tls.so.1.0.8762
00111000-00144000 r-xp 00000000 08:05 32864      /usr/local/matlab2007a/bin/glnx86/libmwjmi.so
00144000-0014c000 rw-p 00033000 08:05 32864      /usr/local/matlab2007a/bin/glnx86/libmwjmi.so
0014c000-0014d000 rw-p 0014c000 00:00 0 
0014d000-00190000 r-xp 00000000 08:05 32868      /usr/local/matlab2007a/bin/glnx86/libmwm_dispatcher.so
00190000-00198000 rw-p 00042000 08:05 32868      /usr/local/matlab2007a/bin/glnx86/libmwm_dispatcher.so
00198000-0058e000 r-xp 00000000 08:05 32870      /usr/local/matlab2007a/bin/glnx86/libmwm_interpreter.so
0058e000-00651000 rw-p 003f6000 08:05 32870      /usr/local/matlab2007a/bin/glnx86/libmwm_interpreter.so
00651000-006bf000 rw-p 00651000 00:00 0 
006bf000-006e0000 r-xp 00000000 08:06 196733     /lib/tls/libm-2.3.4.so
006e0000-006e1000 r--p 00020000 08:06 196733     /lib/tls/libm-2.3.4.so
006e1000-006e2000 rw-p 00021000 08:06 196733     /lib/tls/libm-2.3.4.so
006e2000-006ec000 r-xp 00000000 08:05 98792      /usr/local/matlab2007a/sys/os/glnx86/libgcc_s.so.1
006ec000-006ed000 rw-p 00009000 08:05 98792      /usr/local/matlab2007a/sys/os/glnx86/libgcc_s.so.1
006ed000-006f5000 r-xp 00000000 08:06 199146     /lib/tls/librt-2.3.4.so
006f5000-006f6000 r--p 00007000 08:06 199146     /lib/tls/librt-2.3.4.so
006f6000-006f7000 rw-p 00008000 08:06 199146     /lib/tls/librt-2.3.4.so
006f7000-00701000 rw-p 006f7000 00:00 0 
00701000-00703000 r-xp 00000000 08:06 196734     /lib/libdl-2.3.4.so
00703000-00704000 r--p 00001000 08:06 196734     /lib/libdl-2.3.4.so
00704000-00705000 rw-p 00002000 08:06 196734     /lib/libdl-2.3.4.so
00705000-00706000 r-xp 00000000 08:05 32816      /usr/local/matlab2007a/bin/glnx86/libicudata.so.32.0
00706000-00707000 rw-p 00000000 08:05 32816      /usr/local/matlab2007a/bin/glnx86/libicudata.so.32.0
00707000-00711000 r-xp 00000000 08:05 32822      /usr/local/matlab2007a/bin/glnx86/libicuio.so.32.0
00711000-00712000 rw-p 00009000 08:05 32822      /usr/local/matlab2007a/bin/glnx86/libicuio.so.32.0
00712000-00727000 r-xp 00000000 08:05 32892      /usr/local/matlab2007a/bin/glnx86/libmwmpath.so
00727000-0072a000 rw-p 00015000 08:05 32892      /usr/local/matlab2007a/bin/glnx86/libmwmpath.so
0072a000-0072c000 rw-p 0072a000 00:00 0 
0072c000-00735000 r-xp 00000000 08:05 32858      /usr/local/matlab2007a/bin/glnx86/libmwiqm.so
00735000-00737000 rw-p 00008000 08:05 32858      /usr/local/matlab2007a/bin/glnx86/libmwiqm.so
00737000-00738000 r--p 00737000 00:00 0 
00738000-00762000 r-xp 00000000 08:05 32886      /usr/local/matlab2007a/bin/glnx86/libmwmcr.so
00762000-00767000 rw-p 00029000 08:05 32886      /usr/local/matlab2007a/bin/glnx86/libmwmcr.so
00767000-0076c000 rw-p 00767000 00:00 0 
0076c000-0082b000 r-xp 00000000 08:05 98797      /usr/local/matlab2007a/sys/os/glnx86/libstdc++.so.6.0.8
0082b000-00844000 rw-p 000bf000 08:05 98797      /usr/local/matlab2007a/sys/os/glnx86/libstdc++.so.6.0.8
00844000-00849000 rw-p 00844000 00:00 0 
00849000-008ba000 r-xp 00000000 08:05 32882      /usr/local/matlab2007a/bin/glnx86/libmwmathutil.so
008ba000-008bf000 rw-p 00070000 08:05 32882      /usr/local/matlab2007a/bin/glnx86/libmwmathutil.so
008bf000-008ca000 r-xp 00000000 08:05 32828      /usr/local/matlab2007a/bin/glnx86/libmex.so
008ca000-008cc000 rw-p 0000b000 08:05 32828      /usr/local/matlab2007a/bin/glnx86/libmex.so
008cc000-008e5000 r-xp 00000000 08:05 32826      /usr/local/matlab2007a/bin/glnx86/libmat.so
008e5000-008e9000 rw-p 00019000 08:05 32826      /usr/local/matlab2007a/bin/glnx86/libmat.so
008e9000-008ed000 r-xp 00000000 08:05 32910      /usr/local/matlab2007a/bin/glnx86/libmwuinone.so
008ed000-008ee000 rw-p 00004000 08:05 32910      /usr/local/matlab2007a/bin/glnx86/libmwuinone.so
008ee000-00901000 r-xp 00000000 08:05 32844      /usr/local/matlab2007a/bin/glnx86/libmwdatasvcs.so
00901000-00905000 rw-p 00012000 08:05 32844      /usr/local/matlab2007a/bin/glnx86/libmwdatasvcs.so
00905000-0090b000 r-xp 00000000 08:05 32880      /usr/local/matlab2007a/bin/glnx86/libmwmathrng.so
0090b000-0090c000 rw-p 00005000 08:05 32880      /usr/local/matlab2007a/bin/glnx86/libmwmathrng.so
0090c000-0090d000 rw-p 0090c000 00:00 0 
0090d000-00913000 r-xp 00000000 08:05 32894      /usr/local/matlab2007a/bin/glnx86/libmwmtok.so
00913000-00914000 rw-p 00006000 08:05 32894      /usr/local/matlab2007a/bin/glnx86/libmwmtok.so
00915000-0096e000 r-xp 00000000 08:05 32918      /usr/local/matlab2007a/bin/glnx86/libmx.so
0096e000-00976000 rw-p 00059000 08:05 32918      /usr/local/matlab2007a/bin/glnx86/libmx.so
00976000-00a9b000 r-xp 00000000 08:06 196730     /lib/tls/libc-2.3.4.so
00a9b000-00a9d000 r--p 00124000 08:06 196730     /lib/tls/libc-2.3.4.so
00a9d000-00a9f000 rw-p 00126000 08:06 196730     /lib/tls/libc-2.3.4.so
00a9f000-00aa1000 rw-p 00a9f000 00:00 0 
00aa1000-00ad1000 r-xp 00000000 08:05 32943      /usr/local/matlab2007a/bin/glnx86/libuij.so
00ad1000-00ad9000 rw-p 0002f000 08:05 32943      /usr/local/matlab2007a/bin/glnx86/libuij.so
00ad9000-00b2c000 r-xp 00000000 08:05 32908      /usr/local/matlab2007a/bin/glnx86/libmwudd_mi.so
00b2c000-00b3a000 rw-p 00053000 08:05 32908      /usr/local/matlab2007a/bin/glnx86/libmwudd_mi.so
00b3a000-00b3b000 rw-p 00b3a000 00:00 0 
00b3b000-00b44000 r-xp 00000000 08:05 32888      /usr/local/matlab2007a/bin/glnx86/libmwmlib.so
00b44000-00b45000 rw-p 00009000 08:05 32888      /usr/local/matlab2007a/bin/glnx86/libmwmlib.so
00b45000-00b47000 r-xp 00000000 08:05 32957      /usr/local/matlab2007a/bin/glnx86/mklcompat.so
00b47000-00b48000 rw-p 00001000 08:05 32957      /usr/local/matlab2007a/bin/glnx86/mklcompat.so
00b49000-00b5e000 r-xp 00000000 08:06 196695     /lib/ld-2.3.4.so
00b5e000-00b5f000 r--p 00015000 08:06 196695     /lib/ld-2.3.4.so
00b5f000-00b60000 rw-p 00016000 08:06 196695     /lib/ld-2.3.4.so
00b60000-00b79000 r-xp 00000000 08:05 32898      /usr/local/matlab2007a/bin/glnx86/libmwprofiler.so
00b79000-00b7c000 rw-p 00019000 08:05 32898      /usr/local/matlab2007a/bin/glnx86/libmwprofiler.so
00b7c000-00b8e000 r-xp 00000000 08:05 32878      /usr/local/matlab2007a/bin/glnx86/libmwm_pcodeio.so
00b8e000-00b90000 rw-p 00012000 08:05 32878      /usr/local/matlab2007a/bin/glnx86/libmwm_pcodeio.so
00b90000-00b91000 r-xp 00000000 08:06 380251     /usr/X11R6/lib/X11/locale/lib/common/xlcUTF8Load.so.2
00b91000-00b92000 rw-p 00000000 08:06 380251     /usr/X11R6/lib/X11/locale/lib/common/xlcUTF8Load.so.2
00b92000-00b94000 r-xp 00000000 08:05 32924      /usr/local/matlab2007a/bin/glnx86/libnativejava.so
00b94000-00b95000 rw-p 00001000 08:05 32924      /usr/local/matlab2007a/bin/glnx86/libnativejava.so
00b95000-00ba7000 r-xp 00000000 08:05 32834      /usr/local/matlab2007a/bin/glnx86/libmwbridge.so
00ba7000-00bab000 rw-p 00012000 08:05 32834      /usr/local/matlab2007a/bin/glnx86/libmwbridge.so
00bab000-00bb0000 rw-p 00bab000 00:00 0 
00bb0000-00bea000 r-xp 00000000 08:05 32872      /usr/local/matlab2007a/bin/glnx86/libmwm_ir.so
00bea000-00bf3000 rw-p 00039000 08:05 32872      /usr/local/matlab2007a/bin/glnx86/libmwm_ir.so
00bf3000-00c0a000 r-xp 00000000 08:05 32876      /usr/local/matlab2007a/bin/glnx86/libmwm_pcodegen.so
00c0a000-00c0d000 rw-p 00016000 08:05 32876      /usr/local/matlab2007a/bin/glnx86/libmwm_pcodegen.so
00c0d000-00c17000 r-xp 00000000 08:05 32794      /usr/local/matlab2007a/bin/glnx86/libboost_thread-gcc-mt-1_33_1.so.1.33.1
00c17000-00c19000 rw-p 00009000 08:05 32794      /usr/local/matlab2007a/bin/glnx86/libboost_thread-gcc-mt-1_33_1.so.1.33.1
00c1b000-00d58000 r-xp 00000000 08:05 32902      /usr/local/matlab2007a/bin/glnx86/libmwservices.so
00d58000-00d72000 rw-p 0013d000 08:05 32902      /usr/local/matlab2007a/bin/glnx86/libmwservices.so
00d72000-00d87000 rw-p 00d72000 00:00 0 
00d87000-00d95000 r-xp 00000000 08:05 32792      /usr/local/matlab2007a/bin/glnx86/libboost_filesystem-gcc-mt-1_33_1.so.1.33.1
00d95000-00d97000 rw-p 0000e000 08:05 32792      /usr/local/matlab2007a/bin/glnx86/libboost_filesystem-gcc-mt-1_33_1.so.1.33.1
00d97000-00da1000 r-xp 00000000 08:05 32862      /usr/local/matlab2007a/bin/glnx86/libmwir_xfmr.so
00da1000-00da2000 rw-p 0000a000 08:05 32862      /usr/local/matlab2007a/bin/glnx86/libmwir_xfmr.so
00da2000-00daf000 r-xp 00000000 08:06 308319     /usr/X11R6/lib/libXext.so.6.4
00daf000-00db0000 rw-p 0000c000 08:06 308319     /usr/X11R6/lib/libXext.so.6.4
00db0000-00db7000 r-xp 00000000 08:06 305110     /usr/X11R6/lib/libXp.so.6.2
00db7000-00db8000 rw-p 00006000 08:06 305110     /usr/X11R6/lib/libXp.so.6.2
00db8000-00dbe000 r-xp 00000000 08:05 32842      /usr/local/matlab2007a/bin/glnx86/libmwcolamd.so
00dbe000-00dbf000 rw-p 00006000 08:05 32842      /usr/local/matlab2007a/bin/glnx86/libmwcolamd.so
00dbf000-00dc1000 r-xp 00000000 08:05 32932      /usr/local/matlab2007a/bin/glnx86/libnativeservices.so
00dc1000-00dc2000 rw-p 00001000 08:05 32932      /usr/local/matlab2007a/bin/glnx86/libnativeservices.so
00dc2000-00dd0000 r-xp 00000000 08:06 196741     /lib/tls/libpthread-2.3.4.so
00dd0000-00dd1000 r--p 0000d000 08:06 196741     /lib/tls/libpthread-2.3.4.so
00dd1000-00dd2000 rw-p 0000e000 08:06 196741     /lib/tls/libpthread-2.3.4.so
00dd2000-00dd4000 rw-p 00dd2000 00:00 0 
00dd4000-00e5a000 r-xp 00000000 08:05 32906      /usr/local/matlab2007a/bin/glnx86/libmwudd.so
00e5a000-00e7a000 rw-p 00085000 08:05 32906      /usr/local/matlab2007a/bin/glnx86/libmwudd.so
00e7a000-00e7d000 rw-p 00e7a000 00:00 0 
00e7d000-00e80000 r-xp 00000000 08:05 32930      /usr/local/matlab2007a/bin/glnx86/libnativemlint.so
00e80000-00e81000 rw-p 00002000 08:05 32930      /usr/local/matlab2007a/bin/glnx86/libnativemlint.so
00e81000-00e8f000 r-xp 00000000 08:05 32954      /usr/local/matlab2007a/bin/glnx86/libz.so.1.1.4
00e8f000-00e91000 rw-p 0000e000 08:05 32954      /usr/local/matlab2007a/bin/glnx86/libz.so.1.1.4
00e91000-00e98000 r-xp 00000000 08:05 32830      /usr/local/matlab2007a/bin/glnx86/libmwamd.so
00e98000-00e99000 rw-p 00006000 08:05 32830      /usr/local/matlab2007a/bin/glnx86/libmwamd.so
00e99000-00ea1000 r-xp 00000000 08:06 308328     /usr/X11R6/lib/libSM.so.6.0
00ea1000-00ea2000 rw-p 00007000 08:06 308328     /usr/X11R6/lib/libSM.so.6.0
00ea2000-00ea4000 r-xp 00000000 08:05 32928      /usr/local/matlab2007a/bin/glnx86/libnativelex.so
00ea4000-00ea5000 rw-p 00001000 08:05 32928      /usr/local/matlab2007a/bin/glnx86/libnativelex.so
00ea6000-00f42000 r-xp 00000000 08:05 32945      /usr/local/matlab2007a/bin/glnx86/libut.so
00f42000-00f57000 rw-p 0009c000 08:05 32945      /usr/local/matlab2007a/bin/glnx86/libut.so
00f57000-00f88000 rw-p 00f57000 00:00 0 
00f88000-0105e000 r-xp 00000000 08:05 32825      /usr/local/matlab2007a/bin/glnx86/libicuuc.so.32.0
0105e000-01065000 rw-p 000d6000 08:05 32825      /usr/local/matlab2007a/bin/glnx86/libicuuc.so.32.0
01065000-011fc000 r-xp 00000000 08:05 32854      /usr/local/matlab2007a/bin/glnx86/libmwhg.so
011fc000-01246000 rw-p 00196000 08:05 32854      /usr/local/matlab2007a/bin/glnx86/libmwhg.so
01246000-0124a000 rw-p 01246000 00:00 0 
0124a000-0134d000 r-xp 00000000 08:05 32912      /usr/local/matlab2007a/bin/glnx86/libmwuix.so
0134d000-01367000 rw-p 00103000 08:05 32912      /usr/local/matlab2007a/bin/glnx86/libmwuix.so
01367000-0136c000 rw-p 01367000 00:00 0 
0136c000-0149b000 r-xp 00000000 08:05 32813      /usr/local/matlab2007a/bin/glnx86/libhdf5.so.0.0.0
0149b000-014a8000 rw-p 0012e000 08:05 32813      /usr/local/matlab2007a/bin/glnx86/libhdf5.so.0.0.0
014a8000-014a9000 rw-p 014a8000 00:00 0 
014a9000-014be000 r-xp 00000000 08:06 308327     /usr/X11R6/lib/libICE.so.6.3
014be000-014bf000 rw-p 00014000 08:06 308327     /usr/X11R6/lib/libICE.so.6.3
014bf000-014c1000 rw-p 014bf000 00:00 0 
014c1000-014ca000 r-xp 00000000 08:06 196658     /lib/libnss_files-2.3.4.so
014ca000-014cb000 r--p 00008000 08:06 196658     /lib/libnss_files-2.3.4.so
014cb000-014cc000 rw-p 00009000 08:06 196658     /lib/libnss_files-2.3.4.so
014cc000-014d3000 r-xp 00000000 08:06 308320     /usr/X11R6/lib/libXrender.so.1.2.2
014d3000-014d4000 rw-p 00006000 08:06 308320     /usr/X11R6/lib/libXrender.so.1.2.2
014d4000-014e7000 r-xp 00000000 08:05 82061      /usr/local/matlab2007a/sys/java/jre/glnx86/jre1.5.0/lib/i386/libzip.so
014e7000-014e9000 rw-p 00012000 08:05 82061      /usr/local/matlab2007a/sys/java/jre/glnx86/jre1.5.0/lib/i386/libzip.so
014e9000-014f6000 rwxp 014e9000 00:00 0 
014f6000-014fa000 rwxp 014f6000 00:00 0 
014fa000-0150e000 r-xp 00000000 08:05 82056      /usr/local/matlab2007a/sys/java/jre/glnx86/jre1.5.0/lib/i386/libnet.so
0150e000-0150f000 rw-p 00013000 08:05 82056      /usr/local/matlab2007a/sys/java/jre/glnx86/jre1.5.0/lib/i386/libnet.so
0150f000-01515000 r-xp 00000000 08:05 82057      /usr/local/matlab2007a/sys/java/jre/glnx86/jre1.5.0/lib/i386/libnio.so
01515000-01516000 rw-p 00005000 08:05 82057      /usr/local/matlab2007a/sys/java/jre/glnx86/jre1.5.0/lib/i386/libnio.so
01516000-0151a000 r-xp 00000000 08:05 32920      /usr/local/matlab2007a/bin/glnx86/libnativecmdwin.so
0151a000-0151b000 rw-p 00004000 08:05 32920      /usr/local/matlab2007a/bin/glnx86/libnativecmdwin.so
0151b000-0151f000 rw-p 0151b000 00:00 0 
01521000-01583000 r-xp 00000000 08:05 32916      /usr/local/matlab2007a/bin/glnx86/libmwxmlcore.so
01583000-01592000 rw-p 00062000 08:05 32916      /usr/local/matlab2007a/bin/glnx86/libmwxmlcore.so
01592000-01620000 r-xp 00000000 08:05 32802      /usr/local/matlab2007a/bin/glnx86/libfftw3f.so.3.1.1
01620000-01629000 rw-p 0008e000 08:05 32802      /usr/local/matlab2007a/bin/glnx86/libfftw3f.so.3.1.1
01629000-01646000 rwxp 01629000 00:00 0 
01646000-016a9000 rwxp 01646000 00:00 0 
016a9000-016aa000 ---p 016a9000 00:00 0 
016aa000-0172a000 rwxp 016aa000 00:00 0 
0172a000-0172d000 ---p 0172a000 00:00 0 
0172d000-017ab000 rwxp 0172d000 00:00 0 
017ab000-017e6000 r-xp 00000000 08:05 32890      /usr/local/matlab2007a/bin/glnx86/libmwmlint.so
017e6000-017ef000 rw-p 0003a000 08:05 32890      /usr/local/matlab2007a/bin/glnx86/libmwmlint.so
017ef000-01807000 r-xp 00000000 08:05 82033      /usr/local/matlab2007a/sys/java/jre/glnx86/jre1.5.0/lib/i386/libdcpr.so
01807000-0181a000 rw-p 00018000 08:05 82033      /usr/local/matlab2007a/sys/java/jre/glnx86/jre1.5.0/lib/i386/libdcpr.so
01823000-018fe000 r-xp 00000000 08:06 308316     /usr/X11R6/lib/libX11.so.6.2
018fe000-01902000 rw-p 000db000 08:06 308316     /usr/X11R6/lib/libX11.so.6.2
01902000-0222a000 r-xp 00000000 08:05 32956      /usr/local/matlab2007a/bin/glnx86/mkl.so
0222a000-0224c000 rw-p 00928000 08:05 32956      /usr/local/matlab2007a/bin/glnx86/mkl.so
0224c000-0225a000 rw-p 0224c000 00:00 0 
0225a000-0260e000 r-xp 00000000 08:05 32959      /usr/local/matlab2007a/bin/glnx86/mllapack.so
0260e000-0260f000 rw-p 003b3000 08:05 32959      /usr/local/matlab2007a/bin/glnx86/mllapack.so
0260f000-02713000 rw-p 0260f000 00:00 0 
02738000-02744000 r-xp 00000000 08:05 32856      /usr/local/matlab2007a/bin/glnx86/libmwhgbuiltins.so
02744000-02747000 rw-p 0000b000 08:05 32856      /usr/local/matlab2007a/bin/glnx86/libmwhgbuiltins.so
0275a000-02760000 r-xp 00000000 08:05 82065      /usr/local/matlab2007a/sys/java/jre/glnx86/jre1.5.0/lib/i386/native_threads/libhpi.so
02760000-02761000 rw-p 00006000 08:05 82065      /usr/local/matlab2007a/sys/java/jre/glnx86/jre1.5.0/lib/i386/native_threads/libhpi.so
02761000-02764000 ---p 02761000 00:00 0 
02764000-027e2000 rwxp 02764000 00:00 0 
027e2000-027e5000 ---p 027e2000 00:00 0 
027e5000-02863000 rwxp 027e5000 00:00 0 
02863000-02866000 ---p 02863000 00:00 0 
02866000-028e4000 rwxp 02866000 00:00 0 
028e4000-028e5000 ---p 028e4000 00:00 0 
028e5000-02965000 rwxp 028e5000 00:00 0 
02965000-02968000 ---p 02965000 00:00 0 
02968000-029e6000 rwxp 02968000 00:00 0 
029e6000-02a5a000 r-xp 00000000 08:05 82031      /usr/local/matlab2007a/sys/java/jre/glnx86/jre1.5.0/lib/i386/libawt.so
02a5a000-02a60000 rw-p 00074000 08:05 82031      /usr/local/matlab2007a/sys/java/jre/glnx86/jre1.5.0/lib/i386/libawt.so
02a60000-02a84000 rw-p 02a60000 00:00 0 
02a8b000-02a96000 r-xp 00000000 08:05 82060      /usr/local/matlab2007a/sys/java/jre/glnx86/jre1.5.0/lib/i386/libverify.so
02a96000-02a97000 rw-p 0000b000 08:05 82060      /usr/local/matlab2007a/sys/java/jre/glnx86/jre1.5.0/lib/i386/libverify.so
02a97000-02b0a000 r-xp 00000000 08:05 82036      /usr/local/matlab2007a/sys/java/jre/glnx86/jre1.5.0/lib/i386/libfontmanager.so
02b0a000-02b14000 rw-p 00073000 08:05 82036      /usr/local/matlab2007a/sys/java/jre/glnx86/jre1.5.0/lib/i386/libfontmanager.so
02b14000-02b18000 rw-p 02b14000 00:00 0 
02b18000-02b1b000 ---p 02b18000 00:00 0 
02b1b000-02b99000 rwxp 02b1b000 00:00 0 
02b99000-02b9c000 ---p 02b99000 00:00 0 
02b9c000-02c1a000 rwxp 02b9c000 00:00 0 
02c1a000-02c1d000 ---p 02c1a000 00:00 0 
02c1d000-02c9b000 rwxp 02c1d000 00:00 0 
02c9b000-02c9e000 ---p 02c9b000 00:00 0 
02c9e000-02d1c000 rwxp 02c9e000 00:00 0 
02d20000-02d26000 r-xp 00000000 08:05 32922      /usr/local/matlab2007a/bin/glnx86/libnativehg.so
02d26000-02d27000 rw-p 00005000 08:05 32922      /usr/local/matlab2007a/bin/glnx86/libnativehg.so
02d27000-02d2d000 r-xp 00000000 08:05 99166      /usr/local/matlab2007a/toolbox/matlab/graph2d/private/lineseriesmex.mexglx
02d2d000-02d2e000 rw-p 00006000 08:05 99166      /usr/local/matlab2007a/toolbox/matlab/graph2d/private/lineseriesmex.mexglx
02d2e000-02d37000 r-xp 00000000 08:06 380254     /usr/X11R6/lib/X11/locale/lib/common/xomGeneric.so.2
02d37000-02d38000 rw-p 00008000 08:06 380254     /usr/X11R6/lib/X11/locale/lib/common/xomGeneric.so.2
02d38000-02d39000 r-xp 00000000 08:05 82047      /usr/local/matlab2007a/sys/java/jre/glnx86/jre1.5.0/lib/i386/libjawt.so
02d39000-02d3a000 rw-p 00000000 08:05 82047      /usr/local/matlab2007a/sys/java/jre/glnx86/jre1.5.0/lib/i386/libjawt.so
02d48000-02d49000 ---p 02d48000 00:00 0 
02d49000-02d59000 rwxp 02d49000 00:00 0 
02d59000-02d83000 r-xp 00000000 08:05 32781      /usr/local/matlab2007a/bin/glnx86/glren.so
02d83000-02d87000 rw-p 0002a000 08:05 32781      /usr/local/matlab2007a/bin/glnx86/glren.so
02d88000-02da2000 r-xp 00000000 08:06 380247     /usr/X11R6/lib/X11/locale/lib/common/ximcp.so.2
02da2000-02da4000 rw-p 0001a000 08:06 380247     /usr/X11R6/lib/X11/locale/lib/common/ximcp.so.2
02da4000-02da6000 rwxp 00000000 00:0d 1736       /dev/zero
02da6000-02da7000 r-xp 00000000 08:06 327881     /usr/lib/gconv/ISO8859-1.so
02da7000-02da9000 rw-p 00000000 08:06 327881     /usr/lib/gconv/ISO8859-1.so
02dc7000-02de8000 r-xp 00000000 08:05 82042      /usr/local/matlab2007a/sys/java/jre/glnx86/jre1.5.0/lib/i386/libjava.so
02de8000-02dea000 rw-p 00020000 08:05 82042      /usr/local/matlab2007a/sys/java/jre/glnx86/jre1.5.0/lib/i386/libjava.so
02dea000-02ded000 ---p 02dea000 00:00 0 
02ded000-02e6b000 rwxp 02ded000 00:00 0 
02e6b000-02e6e000 rwxp 02e6b000 00:00 0 
02e6e000-02eec000 rwxp 02e6e000 00:00 0 
02eec000-02eef000 rwxp 02eec000 00:00 0 
02eef000-02f6d000 rwxp 02eef000 00:00 0 
02fa9000-02fdc000 r-xp 00000000 08:05 32866      /usr/local/matlab2007a/bin/glnx86/libmwlapack.so
02fdc000-02fe1000 rw-p 00032000 08:05 32866      /usr/local/matlab2007a/bin/glnx86/libmwlapack.so
02fe1000-02fe4000 ---p 02fe1000 00:00 0 
02fe4000-03062000 rwxp 02fe4000 00:00 0 
03062000-03065000 ---p 03062000 00:00 0 
03065000-030e3000 rwxp 03065000 00:00 0 
030e3000-030e6000 ---p 030e3000 00:00 0 
030e6000-03164000 rwxp 030e6000 00:00 0 
03164000-03167000 rwxp 03164000 00:00 0 
03167000-031e5000 rwxp 03167000 00:00 0 
031e5000-031e8000 rwxp 031e5000 00:00 0 
031e8000-03266000 rwxp 031e8000 00:00 0 
03267000-03386000 r-xp 00000000 08:05 32819      /usr/local/matlab2007a/bin/glnx86/libicui18n.so.32.0
03386000-0338b000 rw-p 0011e000 08:05 32819      /usr/local/matlab2007a/bin/glnx86/libicui18n.so.32.0
0338b000-0338e000 rwxp 0338b000 00:00 0 
0338e000-0340c000 rwxp 0338e000 00:00 0 
03466000-0348f000 r-xp 00000000 08:05 32852      /usr/local/matlab2007a/bin/glnx86/libmwhardcopy.so
0348f000-03493000 rw-p 00028000 08:05 32852      /usr/local/matlab2007a/bin/glnx86/libmwhardcopy.so
034e9000-0355f000 r-xp 00000000 08:05 32838      /usr/local/matlab2007a/bin/glnx86/libmwcholmod.so
0355f000-03561000 rw-p 00076000 08:05 32838      /usr/local/matlab2007a/bin/glnx86/libmwcholmod.so
03561000-03564000 rwxp 03561000 00:00 0 
03564000-035e2000 rwxp 03564000 00:00 0 
035e2000-035e5000 rwxp 035e2000 00:00 0 
035e5000-03663000 rwxp 035e5000 00:00 0 
03663000-03666000 rwxp 03663000 00:00 0 
03666000-036e4000 rwxp 03666000 00:00 0 
036e9000-03706000 rwxp 036e9000 00:00 0 
03706000-0370e000 rwxp 03706000 00:00 0 
03774000-03802000 r-xp 00000000 08:05 32799      /usr/local/matlab2007a/bin/glnx86/libfftw3.so.3.1.1
03802000-0380b000 rw-p 0008d000 08:05 32799      /usr/local/matlab2007a/bin/glnx86/libfftw3.so.3.1.1
0380b000-0380e000 rwxp 0380b000 00:00 0 
0380e000-0388c000 rwxp 0380e000 00:00 0 
038af000-03952000 r-xp 00000000 08:05 32914      /usr/local/matlab2007a/bin/glnx86/libmwumfpack.so
03952000-03955000 rw-p 000a2000 08:05 32914      /usr/local/matlab2007a/bin/glnx86/libmwumfpack.so
03955000-03958000 rwxp 03955000 00:00 0 
03958000-039d6000 rwxp 03958000 00:00 0 
039d6000-039d9000 rwxp 039d6000 00:00 0 
039d9000-03a57000 rwxp 039d9000 00:00 0 
03a5f000-03a71000 r-xp 00000000 08:06 196623     /lib/libnsl-2.3.4.so
03a71000-03a72000 r--p 00011000 08:06 196623     /lib/libnsl-2.3.4.so
03a72000-03a73000 rw-p 00012000 08:06 196623     /lib/libnsl-2.3.4.so
03a73000-03a75000 rw-p 03a73000 00:00 0 
03a75000-03a78000 rwxp 03a75000 00:00 0 
03a78000-03af6000 rwxp 03a78000 00:00 0 
03b11000-03b1b000 rwxp 03b11000 00:00 0 
03b1b000-03b1d000 rwxp 03b1b000 00:00 0 
03b1d000-03b3a000 rwxp 03b1d000 00:00 0 
03b3a000-03b41000 rwxp 03b3a000 00:00 0 
03b41000-03b4e000 rwxp 03b41000 00:00 0 
03b4e000-03b5b000 rwxp 03b4e000 00:00 0 
03b5b000-03b5c000 rwxp 03b5b000 00:00 0 
03b7f000-03c45000 r-xp 00000000 08:05 82054      /usr/local/matlab2007a/sys/java/jre/glnx86/jre1.5.0/lib/i386/libmlib_image.so
03c45000-03c46000 rw-p 000c5000 08:05 82054      /usr/local/matlab2007a/sys/java/jre/glnx86/jre1.5.0/lib/i386/libmlib_image.so
03c56000-03c59000 rwxp 03c56000 00:00 0 
03c59000-03cd7000 rwxp 03c59000 00:00 0 
03cd7000-03cda000 rwxp 03cd7000 00:00 0 
03cda000-03d58000 rwxp 03cda000 00:00 0 
03d58000-03d5b000 rwxp 03d58000 00:00 0 
03d5b000-03dd9000 rwxp 03d5b000 00:00 0 
03dd9000-03ddc000 rwxp 03dd9000 00:00 0 
03ddc000-03e5a000 rwxp 03ddc000 00:00 0 
03e80000-03ef2000 r-xp 00000000 08:05 98794      /usr/local/matlab2007a/sys/os/glnx86/libgfortran.so.1.0.0
03ef2000-03ef3000 rw-p 00072000 08:05 98794      /usr/local/matlab2007a/sys/os/glnx86/libgfortran.so.1.0.0
03ef6000-03f2b000 r-xp 00000000 08:05 32810      /usr/local/matlab2007a/bin/glnx86/libguide.so
03f2b000-03f2f000 rw-p 00034000 08:05 32810      /usr/local/matlab2007a/bin/glnx86/libguide.so
03f2f000-03f34000 rw-p 03f2f000 00:00 0 
03f34000-03f37000 rwxp 03f34000 00:00 0 
03f37000-03fb5000 rwxp 03f37000 00:00 0 
03fb5000-03fb8000 rwxp 03fb5000 00:00 0 
03fb8000-04036000 rwxp 03fb8000 00:00 0 
04036000-04039000 rwxp 04036000 00:00 0 
04039000-040b7000 rwxp 04039000 00:00 0 
040b7000-040ba000 rwxp 040b7000 00:00 0 
040ba000-04138000 rwxp 040ba000 00:00 0 
04138000-0413b000 rwxp 04138000 00:00 0 
0413b000-041b9000 rwxp 0413b000 00:00 0 
041b9000-041bc000 rwxp 041b9000 00:00 0 
041bc000-0423a000 rwxp 041bc000 00:00 0 
0423a000-0423d000 rwxp 0423a000 00:00 0 
0423d000-042bb000 rwxp 0423d000 00:00 0 
042bb000-042be000 rwxp 042bb000 00:00 0 
042be000-0433c000 rwxp 042be000 00:00 0 
0433c000-043e5000 r-xp 00000000 08:05 32836      /usr/local/matlab2007a/bin/glnx86/libmwbuiltins.so
043e5000-043fe000 rw-p 000a8000 08:05 32836      /usr/local/matlab2007a/bin/glnx86/libmwbuiltins.so
043fe000-04400000 rw-p 043fe000 00:00 0 
04400000-04403000 ---p 04400000 00:00 0 
04403000-04481000 rwxp 04403000 00:00 0 
04484000-044d1000 r-xp 00000000 08:06 303060     /usr/X11R6/lib/libXt.so.6.0
044d1000-044d5000 rw-p 0004c000 08:06 303060     /usr/X11R6/lib/libXt.so.6.0
044d5000-044d6000 ---p 044d5000 00:00 0 
044d6000-044d8000 rwxp 044d6000 00:00 0 
044d8000-04556000 rwxp 044d8000 00:00 0 
045a3000-045ab000 r-xp 00000000 08:06 308322     /usr/X11R6/lib/libXcursor.so.1.0.2
045ab000-045ac000 rw-p 00007000 08:06 308322     /usr/X11R6/lib/libXcursor.so.1.0.2
045bc000-045bf000 rwxp 045bc000 00:00 0 
045bf000-0463d000 rwxp 045bf000 00:00 0 
046fb000-046fe000 rwxp 046fb000 00:00 0 
046fe000-0477c000 rwxp 046fe000 00:00 0 
04892000-048ca000 r-xp 00000000 08:06 308068     /usr/lib/libncurses.so.5.4
048ca000-048d3000 rw-p 00037000 08:06 308068     /usr/lib/libncurses.so.5.4
04cba000-04d57000 r-xp 00000000 08:05 32850      /usr/local/matlab2007a/bin/glnx86/libmwgui.so
04d57000-04d98000 rw-p 0009d000 08:05 32850      /usr/local/matlab2007a/bin/glnx86/libmwgui.so
04d98000-04d99000 rw-p 04d98000 00:00 0 
04d99000-04e0d000 r-xp 00000000 08:06 303518     /usr/lib/libGL.so.1.0.8762
04e0d000-04e26000 rwxp 00074000 08:06 303518     /usr/lib/libGL.so.1.0.8762
04e26000-04e28000 rwxp 04e26000 00:00 0 
04e5e000-04f53000 r-xp 00000000 08:05 32884      /usr/local/matlab2007a/bin/glnx86/libmwmcos.so
04f53000-04f83000 rw-p 000f5000 08:05 32884      /usr/local/matlab2007a/bin/glnx86/libmwmcos.so
04f83000-04ff8000 r-xp 00000000 08:06 295211     /usr/X11R6/lib/libGLU.so.1.3
04ff8000-04ffa000 rw-p 00075000 08:06 295211     /usr/X11R6/lib/libGLU.so.1.3
0501c000-05051000 r-xp 00000000 08:05 82071      /usr/local/matlab2007a/sys/java/jre/glnx86/jre1.5.0/lib/i386/xawt/libmawt.so
05051000-05055000 rw-p 00034000 08:05 82071      /usr/local/matlab2007a/sys/java/jre/glnx86/jre1.5.0/lib/i386/xawt/libmawt.so
05062000-05065000 ---p 05062000 00:00 0 
05065000-050e3000 rwxp 05065000 00:00 0 
0524f000-05252000 rwxp 0524f000 00:00 0 
05252000-052d0000 rwxp 05252000 00:00 0 
052d0000-052d3000 rwxp 052d0000 00:00 0 
052d3000-05351000 rwxp 052d3000 00:00 0 
05374000-05441000 r-xp 00000000 08:05 32874      /usr/local/matlab2007a/bin/glnx86/libmwm_parser.so
05441000-05572000 rw-p 000cc000 08:05 32874      /usr/local/matlab2007a/bin/glnx86/libmwm_parser.so
0575e000-058eb000 r-xp 00000000 08:05 98791      /usr/local/matlab2007a/sys/os/glnx86/libXm.so.2.1
058eb000-058ff000 rw-p 0018c000 08:05 98791      /usr/local/matlab2007a/sys/os/glnx86/libXm.so.2.1
058ff000-05900000 rw-p 058ff000 00:00 0 
05900000-05901000 ---p 05900000 00:00 0 
05901000-06301000 rwxp 05901000 00:00 0 
0632d000-06341000 r-xp 00000000 08:05 32926      /usr/local/matlab2007a/bin/glnx86/libnativejmi.so
06341000-06344000 rw-p 00013000 08:05 32926      /usr/local/matlab2007a/bin/glnx86/libnativejmi.so
06344000-06347000 rwxp 06344000 00:00 0 
06347000-063c5000 rwxp 06347000 00:00 0 
063c5000-063c8000 rwxp 063c5000 00:00 0 
063c8000-06446000 rwxp 063c8000 00:00 0 
064ae000-066c9000 r-xp 00000000 08:05 32896      /usr/local/matlab2007a/bin/glnx86/libmwnumerics.so
066c9000-066dd000 rw-p 0021a000 08:05 32896      /usr/local/matlab2007a/bin/glnx86/libmwnumerics.so
066dd000-066de000 rw-p 066dd000 00:00 0 
066de000-066df000 ---p 066de000 00:00 0 
066df000-070df000 rwxp 066df000 00:00 0 
070df000-073fe000 r-xp 00000000 08:05 82025      /usr/local/matlab2007a/sys/java/jre/glnx86/jre1.5.0/lib/i386/client/libjvm.so
073fe000-0741c000 rw-p 0031e000 08:05 82025      /usr/local/matlab2007a/sys/java/jre/glnx86/jre1.5.0/lib/i386/client/libjvm.so
0741c000-07831000 rw-p 0741c000 00:00 0 
07831000-07834000 rwxp 07831000 00:00 0 
07834000-078b2000 rwxp 07834000 00:00 0 
0792c000-0792f000 rwxp 0792c000 00:00 0 
0792f000-079ad000 rwxp 0792f000 00:00 0 
07c41000-07f69000 r-xp 00000000 08:05 32949      /usr/local/matlab2007a/bin/glnx86/libxerces-c.so.26.0
07f69000-07f9a000 rw-p 00327000 08:05 32949      /usr/local/matlab2007a/bin/glnx86/libxerces-c.so.26.0
07f9a000-07f9d000 rwxp 07f9a000 00:00 0 
07f9d000-0801b000 rwxp 07f9d000 00:00 0 
08048000-0804a000 r-xp 00000000 08:05 32771      /usr/local/matlab2007a/bin/glnx86/MATLAB
0804a000-0804b000 rw-p 00001000 08:05 32771      /usr/local/matlab2007a/bin/glnx86/MATLAB
0804b000-0804c000 ---p 0804b000 00:00 0 
0804c000-08a4c000 rwxp 0804c000 00:00 0 
08da3000-09985000 rw-p 08da3000 00:00 0 
09985000-09986000 rwxp 09985000 00:00 0 
09986000-09b65000 rw-p 09986000 00:00 0 
09b65000-09b66000 rwxp 09b65000 00:00 0 
09b66000-09e50000 rw-p 09b66000 00:00 0 
09e50000-09e51000 rwxp 09e50000 00:00 0 
09e51000-09e85000 rw-p 09e51000 00:00 0 
09e85000-09e86000 rwxp 09e85000 00:00 0 
09e86000-09e93000 rw-p 09e86000 00:00 0 
09e93000-09e94000 rwxp 09e93000 00:00 0 
09e94000-09e95000 rw-p 09e94000 00:00 0 
09e95000-09e97000 rwxp 09e95000 00:00 0 
09e97000-09e99000 rw-p 09e97000 00:00 0 
09e99000-09e9d000 rwxp 09e99000 00:00 0 
09e9d000-09ea6000 rw-p 09e9d000 00:00 0 
09ea6000-09ea7000 rwxp 09ea6000 00:00 0 
09ea7000-09ec9000 rw-p 09ea7000 00:00 0 
09ec9000-09eca000 rwxp 09ec9000 00:00 0 
09eca000-09eec000 rw-p 09eca000 00:00 0 
09eec000-09eed000 rwxp 09eec000 00:00 0 
09eed000-09f36000 rw-p 09eed000 00:00 0 
09f36000-09f37000 rwxp 09f36000 00:00 0 
09f37000-09f70000 rw-p 09f37000 00:00 0 
09f70000-09f72000 rwxp 09f70000 00:00 0 
09f72000-09f9a000 rw-p 09f72000 00:00 0 
09f9a000-09f9e000 rwxp 09f9a000 00:00 0 
09f9e000-09fbe000 rw-p 09f9e000 00:00 0 
09fbe000-09fbf000 rwxp 09fbe000 00:00 0 
09fbf000-09fda000 rw-p 09fbf000 00:00 0 
09fda000-09fdc000 rwxp 09fda000 00:00 0 
09fdc000-09fef000 rw-p 09fdc000 00:00 0 
09fef000-09ff0000 rwxp 09fef000 00:00 0 
09ff0000-0a03b000 rw-p 09ff0000 00:00 0 
0a03b000-0a03d000 rwxp 0a03b000 00:00 0 
0a03d000-0a049000 rw-p 0a03d000 00:00 0 
0a049000-0a04a000 rwxp 0a049000 00:00 0 
0a04a000-0a051000 rw-p 0a04a000 00:00 0 
0a051000-0a053000 rwxp 0a051000 00:00 0 
0a053000-0a077000 rw-p 0a053000 00:00 0 
0a077000-0a07a000 rwxp 0a077000 00:00 0 
0a07a000-0a090000 rw-p 0a07a000 00:00 0 
0a090000-0a092000 rwxp 0a090000 00:00 0 
0a092000-0a0a1000 rw-p 0a092000 00:00 0 
0a0a1000-0a0a2000 rwxp 0a0a1000 00:00 0 
0a0a2000-0a10e000 rw-p 0a0a2000 00:00 0 
0a10e000-0a10f000 rwxp 0a10e000 00:00 0 
0a10f000-0a12e000 rw-p 0a10f000 00:00 0 
0a12e000-0a130000 rwxp 0a12e000 00:00 0 
0a130000-0a1ca000 rw-p 0a130000 00:00 0 
0a1ca000-0a1cb000 rwxp 0a1ca000 00:00 0 
0a1cb000-0a23d000 rw-p 0a1cb000 00:00 0 
0a23d000-0a23e000 rwxp 0a23d000 00:00 0 
0a23e000-0a243000 rw-p 0a23e000 00:00 0 
0a243000-0a245000 rwxp 0a243000 00:00 0 
0a245000-0a30f000 rw-p 0a245000 00:00 0 
0a30f000-0a310000 rwxp 0a30f000 00:00 0 
0a310000-0a35e000 rw-p 0a310000 00:00 0 
0a35e000-0a361000 rwxp 0a35e000 00:00 0 
0a361000-0a3a5000 rw-p 0a361000 00:00 0 
0a3a5000-0a3a7000 rwxp 0a3a5000 00:00 0 
0a3a7000-0a3aa000 rw-p 0a3a7000 00:00 0 
0a3aa000-0a3ac000 rwxp 0a3aa000 00:00 0 
0a3ac000-0a3bb000 rw-p 0a3ac000 00:00 0 
0a3bb000-0a3bc000 rwxp 0a3bb000 00:00 0 
0a3bc000-0a3f4000 rw-p 0a3bc000 00:00 0 
0a3f4000-0a3f5000 rwxp 0a3f4000 00:00 0 
0a3f5000-0a3f6000 rw-p 0a3f5000 00:00 0 
0a3f6000-0a3f7000 rwxp 0a3f6000 00:00 0 
0a3f7000-0a3f8000 rw-p 0a3f7000 00:00 0 
0a3f8000-0a3fa000 rwxp 0a3f8000 00:00 0 
0a3fa000-0a411000 rw-p 0a3fa000 00:00 0 
0a411000-0a412000 rwxp 0a411000 00:00 0 
0a412000-0a46d000 rw-p 0a412000 00:00 0 
0a46d000-0a470000 rwxp 0a46d000 00:00 0 
0a470000-0a473000 rw-p 0a470000 00:00 0 
0a473000-0a474000 rwxp 0a473000 00:00 0 
0a474000-0a493000 rw-p 0a474000 00:00 0 
0a493000-0a494000 rwxp 0a493000 00:00 0 
0a494000-0a548000 rw-p 0a494000 00:00 0 
0a548000-0a549000 rwxp 0a548000 00:00 0 
0a549000-0a55e000 rw-p 0a549000 00:00 0 
0a55e000-0a55f000 rwxp 0a55e000 00:00 0 
0a55f000-0a58e000 rw-p 0a55f000 00:00 0 
0a58e000-0a58f000 rwxp 0a58e000 00:00 0 
0a58f000-0a5a9000 rw-p 0a58f000 00:00 0 
0a5a9000-0a5aa000 rwxp 0a5a9000 00:00 0 
0a5aa000-0a5c2000 rw-p 0a5aa000 00:00 0 
0a5c2000-0a5c3000 rwxp 0a5c2000 00:00 0 
0a5c3000-0a5ea000 rw-p 0a5c3000 00:00 0 
0a5ea000-0a5eb000 rwxp 0a5ea000 00:00 0 
0a5eb000-0a60b000 rw-p 0a5eb000 00:00 0 
0a60b000-0a60c000 rwxp 0a60b000 00:00 0 
0a60c000-0a60e000 rw-p 0a60c000 00:00 0 
0a60e000-0a612000 rwxp 0a60e000 00:00 0 
0a612000-0a66e000 rw-p 0a612000 00:00 0 
0a66e000-0a670000 rwxp 0a66e000 00:00 0 
0a670000-0a684000 rw-p 0a670000 00:00 0 
0a684000-0a685000 rwxp 0a684000 00:00 0 
0a685000-0a6b0000 rw-p 0a685000 00:00 0 
0a6b0000-0a6b1000 rwxp 0a6b0000 00:00 0 
0a6b1000-0a6b5000 rw-p 0a6b1000 00:00 0 
0a6b5000-0a6b7000 rwxp 0a6b5000 00:00 0 
0a6b7000-0a6ee000 rw-p 0a6b7000 00:00 0 
0a6ee000-0a6f0000 rwxp 0a6ee000 00:00 0 
0a6f0000-0a709000 rw-p 0a6f0000 00:00 0 
0a709000-0a70a000 rwxp 0a709000 00:00 0 
0a70a000-0a716000 rw-p 0a70a000 00:00 0 
0a716000-0a718000 rwxp 0a716000 00:00 0 
0a718000-0a733000 rw-p 0a718000 00:00 0 
0a733000-0a734000 rwxp 0a733000 00:00 0 
0a734000-0a786000 rw-p 0a734000 00:00 0 
0a786000-0a787000 rwxp 0a786000 00:00 0 
0a787000-0a78e000 rw-p 0a787000 00:00 0 
0a78e000-0a78f000 rwxp 0a78e000 00:00 0 
0a78f000-0a81c000 rw-p 0a78f000 00:00 0 
0a81c000-0a81d000 rwxp 0a81c000 00:00 0 
0a81d000-0a8e4000 rw-p 0a81d000 00:00 0 
0a8e4000-0a8e5000 rwxp 0a8e4000 00:00 0 
0a8e5000-0a92d000 rw-p 0a8e5000 00:00 0 
0a92d000-0a92e000 rwxp 0a92d000 00:00 0 
0a92e000-0a995000 rw-p 0a92e000 00:00 0 
0a995000-0a996000 rwxp 0a995000 00:00 0 
0a996000-0a9ea000 rw-p 0a996000 00:00 0 
0a9ea000-0a9eb000 rwxp 0a9ea000 00:00 0 
0a9eb000-0ac3d000 rw-p 0a9eb000 00:00 0 
0ac3d000-0ac3e000 rwxp 0ac3d000 00:00 0 
0ac3e000-0ac44000 rw-p 0ac3e000 00:00 0 
0ac44000-0ac45000 rwxp 0ac44000 00:00 0 
0ac45000-0ac54000 rw-p 0ac45000 00:00 0 
0ac54000-0ac55000 rwxp 0ac54000 00:00 0 
0ac55000-0ac76000 rw-p 0ac55000 00:00 0 
0ac76000-0ac77000 rwxp 0ac76000 00:00 0 
0ac77000-0acaf000 rw-p 0ac77000 00:00 0 
0acaf000-0acb0000 rwxp 0acaf000 00:00 0 
0acb0000-0acc9000 rw-p 0acb0000 00:00 0 
0acc9000-0acca000 rwxp 0acc9000 00:00 0 
0acca000-0ad1b000 rw-p 0acca000 00:00 0 
0ad1b000-0ad1c000 rwxp 0ad1b000 00:00 0 
0ad1c000-0ad43000 rw-p 0ad1c000 00:00 0 
0ad43000-0ad44000 rwxp 0ad43000 00:00 0 
0ad44000-0ad51000 rw-p 0ad44000 00:00 0 
0ad51000-0ad52000 rwxp 0ad51000 00:00 0 
0ad52000-0ad80000 rw-p 0ad52000 00:00 0 
0ad80000-0ad81000 rwxp 0ad80000 00:00 0 
0ad81000-0ad88000 rw-p 0ad81000 00:00 0 
0ad88000-0ad8b000 rwxp 0ad88000 00:00 0 
0ad8b000-0ad97000 rw-p 0ad8b000 00:00 0 
0ad97000-0ad98000 rwxp 0ad97000 00:00 0 
0ad98000-0adb3000 rw-p 0ad98000 00:00 0 
0adb3000-0adb5000 rwxp 0adb3000 00:00 0 
0adb5000-0adf2000 rw-p 0adb5000 00:00 0 
0adf2000-0adf3000 rwxp 0adf2000 00:00 0 
0adf3000-0ae22000 rw-p 0adf3000 00:00 0 
0ae22000-0ae24000 rwxp 0ae22000 00:00 0 
0ae24000-0ae6d000 rw-p 0ae24000 00:00 0 
0ae6d000-0ae6e000 rwxp 0ae6d000 00:00 0 
0ae6e000-0aecb000 rw-p 0ae6e000 00:00 0 
0aecb000-0aecc000 rwxp 0aecb000 00:00 0 
0aecc000-0aee8000 rw-p 0aecc000 00:00 0 
0aee8000-0aee9000 rwxp 0aee8000 00:00 0 
0aee9000-0af02000 rw-p 0aee9000 00:00 0 
0af02000-0af03000 rwxp 0af02000 00:00 0 
0af03000-0af16000 rw-p 0af03000 00:00 0 
0af16000-0af18000 rwxp 0af16000 00:00 0 
0af18000-0af99000 rw-p 0af18000 00:00 0 
0af99000-0af9b000 rwxp 0af99000 00:00 0 
0af9b000-0affe000 rw-p 0af9b000 00:00 0 
0affe000-0afff000 rwxp 0affe000 00:00 0 
0afff000-0b08b000 rw-p 0afff000 00:00 0 
0b08b000-0b08c000 rwxp 0b08b000 00:00 0 
0b08c000-0b205000 rw-p 0b08c000 00:00 0 
0b205000-0b207000 rwxp 0b205000 00:00 0 
0b207000-0b36c000 rw-p 0b207000 00:00 0 
0b36c000-0b36d000 rwxp 0b36c000 00:00 0 
0b36d000-0b49c000 rw-p 0b36d000 00:00 0 
0b49c000-0b49d000 rwxp 0b49c000 00:00 0 
0b49d000-0b639000 rw-p 0b49d000 00:00 0 
0b639000-0b63b000 rwxp 0b639000 00:00 0 
0b63b000-0b8a5000 rw-p 0b63b000 00:00 0 
0b8a5000-0b8a7000 rwxp 0b8a5000 00:00 0 
0b8a7000-0b944000 rw-p 0b8a7000 00:00 0 
0b944000-0b945000 rwxp 0b944000 00:00 0 
0b945000-0b9ff000 rw-p 0b945000 00:00 0 
0b9ff000-0ba00000 rwxp 0b9ff000 00:00 0 
0ba00000-0ba05000 rw-p 0ba00000 00:00 0 
0ba05000-0ba06000 rwxp 0ba05000 00:00 0 
0ba06000-0bb44000 rw-p 0ba06000 00:00 0 
0bb44000-0bb45000 rwxp 0bb44000 00:00 0 
0bb45000-0bb7b000 rw-p 0bb45000 00:00 0 
0bb7b000-0bb7c000 rwxp 0bb7b000 00:00 0 
0bb7c000-0bc1c000 rw-p 0bb7c000 00:00 0 
0bc1c000-0bc1d000 rwxp 0bc1c000 00:00 0 
0bc1d000-0bc36000 rw-p 0bc1d000 00:00 0 
0bc36000-0bc38000 rwxp 0bc36000 00:00 0 
0bc38000-0bc67000 rw-p 0bc38000 00:00 0 
0bc67000-0bc69000 rwxp 0bc67000 00:00 0 
0bc69000-0bcdd000 rw-p 0bc69000 00:00 0 
0bcdd000-0bcde000 rwxp 0bcdd000 00:00 0 
0bcde000-0bd6e000 rw-p 0bcde000 00:00 0 
0bd6e000-0bd70000 rwxp 0bd6e000 00:00 0 
0bd70000-0bd85000 rw-p 0bd70000 00:00 0 
0bd85000-0bd86000 rwxp 0bd85000 00:00 0 
0bd86000-0be01000 rw-p 0bd86000 00:00 0 
0be01000-0be02000 rwxp 0be01000 00:00 0 
0be02000-0be12000 rw-p 0be02000 00:00 0 
0be12000-0be13000 rwxp 0be12000 00:00 0 
0be13000-0be25000 rw-p 0be13000 00:00 0 
0be25000-0be27000 rwxp 0be25000 00:00 0 
0be27000-0bfe1000 rw-p 0be27000 00:00 0 
0bfe1000-0bfe2000 rwxp 0bfe1000 00:00 0 
0bfe2000-0bfe9000 rw-p 0bfe2000 00:00 0 
0bfe9000-0bfea000 rwxp 0bfe9000 00:00 0 
0bfea000-0c02d000 rw-p 0bfea000 00:00 0 
0c02d000-0c02f000 rwxp 0c02d000 00:00 0 
0c02f000-0c03b000 rw-p 0c02f000 00:00 0 
0c03b000-0c03c000 rwxp 0c03b000 00:00 0 
0c03c000-0c067000 rw-p 0c03c000 00:00 0 
0c067000-0c068000 rwxp 0c067000 00:00 0 
0c068000-0c54a000 rw-p 0c068000 00:00 0 
0c54a000-0c54b000 rwxp 0c54a000 00:00 0 
0c54b000-0c5b5000 rw-p 0c54b000 00:00 0 
0c5b5000-0c5b6000 rwxp 0c5b5000 00:00 0 
0c5b6000-121fb000 rw-p 0c5b6000 00:00 0 
121fb000-121fc000 rwxp 121fb000 00:00 0 
121fc000-13288000 rw-p 121fc000 00:00 0 
13288000-1328a000 rwxp 13288000 00:00 0 
1328a000-13e54000 rw-p 1328a000 00:00 0 
13e54000-13e55000 rwxp 13e54000 00:00 0 
13e55000-140bd000 rw-p 13e55000 00:00 0 
140bd000-140be000 rwxp 140bd000 00:00 0 
140be000-15b6e000 rw-p 140be000 00:00 0 
15b6e000-15b6f000 rwxp 15b6e000 00:00 0 
15b6f000-17908000 rw-p 15b6f000 00:00 0 
17908000-17909000 rwxp 17908000 00:00 0 
17909000-1794f000 rw-p 17909000 00:00 0 
1794f000-17951000 rwxp 1794f000 00:00 0 
17951000-17b9f000 rw-p 17951000 00:00 0 
17b9f000-17ba0000 rwxp 17b9f000 00:00 0 
17ba0000-25f95000 rw-p 17ba0000 00:00 0 
25f95000-25f97000 rwxp 25f95000 00:00 0 
25f97000-28fba000 rw-p 25f97000 00:00 0 
28fba000-28fbc000 rwxp 28fba000 00:00 0 
28fbc000-2921d000 rw-p 28fbc000 00:00 0 
2921d000-2921f000 rwxp 2921d000 00:00 0 
2921f000-2d3bc000 rw-p 2921f000 00:00 0 
99400000-994c7000 rw-p 99400000 00:00 0 
994c7000-99500000 ---p 994c7000 00:00 0 
995c0000-99623000 rw-p 995c0000 00:00 0 
99623000-99700000 ---p 99623000 00:00 0 
997d4000-99803000 rw-p 997d4000 00:00 0 
99803000-99805000 rwxp 99803000 00:00 0 
99805000-9980e000 rw-p 99805000 00:00 0 
9980e000-9980f000 rwxp 9980e000 00:00 0 
9980f000-99814000 rw-p 9980f000 00:00 0 
99dee000-99df0000 rw-p 99dee000 00:00 0 
99df0000-99df1000 rwxp 99df0000 00:00 0 
99df1000-99dfa000 rw-p 99df1000 00:00 0 
99dfa000-99dfb000 rwxp 99dfa000 00:00 0 
99dfb000-99dfd000 rw-p 99dfb000 00:00 0 
99dfd000-99dfe000 rwxp 99dfd000 00:00 0 
99dfe000-99e14000 rw-p 99dfe000 00:00 0 
99e14000-99e15000 rwxp 99e14000 00:00 0 
99e15000-99e2f000 rw-p 99e15000 00:00 0 
9a000000-9a0fe000 rw-p 9a000000 00:00 0 
9a0fe000-9a100000 ---p 9a0fe000 00:00 0 
9a100000-9a200000 rw-p 9a100000 00:00 0 
9a200000-9a2ff000 rw-p 9a200000 00:00 0 
9a2ff000-9a300000 ---p 9a2ff000 00:00 0 
9a300000-9a3ff000 rw-p 9a300000 00:00 0 
9a3ff000-9a400000 ---p 9a3ff000 00:00 0 
9a400000-9a4fa000 rw-p 9a400000 00:00 0 
9a4fa000-9a500000 ---p 9a4fa000 00:00 0 
9a500000-9a5ff000 rw-p 9a500000 00:00 0 
9a5ff000-9a600000 ---p 9a5ff000 00:00 0 
9a600000-9a6fe000 rw-p 9a600000 00:00 0 
9a6fe000-9a700000 ---p 9a6fe000 00:00 0 
9a700000-9a7f7000 rw-p 9a700000 00:00 0 
9a7f7000-9a800000 ---p 9a7f7000 00:00 0 
9a800000-9a8fd000 rw-p 9a800000 00:00 0 
9a8fd000-9a900000 ---p 9a8fd000 00:00 0 
9a900000-9a9fd000 rw-p 9a900000 00:00 0 
9a9fd000-9aa00000 ---p 9a9fd000 00:00 0 
9aa00000-9aafd000 rw-p 9aa00000 00:00 0 
9aafd000-9ab00000 ---p 9aafd000 00:00 0 
9ab00000-9abff000 rw-p 9ab00000 00:00 0 
9abff000-9ac00000 ---p 9abff000 00:00 0 
9ac00000-9acfe000 rw-p 9ac00000 00:00 0 
9acfe000-9ad00000 ---p 9acfe000 00:00 0 
9ad00000-9ae00000 rw-p 9ad00000 00:00 0 
9ae00000-9afff000 rw-p 9ae00000 00:00 0 
9afff000-9b000000 ---p 9afff000 00:00 0 
9b000000-9b0fa000 rw-p 9b000000 00:00 0 
9b0fa000-9b100000 ---p 9b0fa000 00:00 0 
9b100000-9b1fe000 rw-p 9b100000 00:00 0 
9b1fe000-9b200000 ---p 9b1fe000 00:00 0 
9b200000-9b2fd000 rw-p 9b200000 00:00 0 
9b2fd000-9b300000 ---p 9b2fd000 00:00 0 
9b300000-9b3ff000 rw-p 9b300000 00:00 0 
9b3ff000-9b400000 ---p 9b3ff000 00:00 0 
9b400000-9b4fe000 rw-p 9b400000 00:00 0 
9b4fe000-9b500000 ---p 9b4fe000 00:00 0 
9b500000-9b5f8000 rw-p 9b500000 00:00 0 
9b5f8000-9b600000 ---p 9b5f8000 00:00 0 
9b600000-9b6fd000 rw-p 9b600000 00:00 0 
9b6fd000-9b700000 ---p 9b6fd000 00:00 0 
9b700000-9b7fe000 rw-p 9b700000 00:00 0 
9b7fe000-9b800000 ---p 9b7fe000 00:00 0 
9b800000-9b8fe000 rw-p 9b800000 00:00 0 
9b8fe000-9b900000 ---p 9b8fe000 00:00 0 
9b900000-9b9fd000 rw-p 9b900000 00:00 0 
9b9fd000-9ba00000 ---p 9b9fd000 00:00 0 
9ba00000-9bbfe000 rw-p 9ba00000 00:00 0 
9bbfe000-9bc00000 ---p 9bbfe000 00:00 0 
9bc00000-9bcfd000 rw-p 9bc00000 00:00 0 
9bcfd000-9bd00000 ---p 9bcfd000 00:00 0 
9bd00000-9bdfe000 rw-p 9bd00000 00:00 0 
9bdfe000-9be00000 ---p 9bdfe000 00:00 0 
9be00000-9befd000 rw-p 9be00000 00:00 0 
9befd000-9bf00000 ---p 9befd000 00:00 0 
9bf00000-9bffb000 rw-p 9bf00000 00:00 0 
9bffb000-9c000000 ---p 9bffb000 00:00 0 
9c000000-9c0fd000 rw-p 9c000000 00:00 0 
9c0fd000-9c100000 ---p 9c0fd000 00:00 0 
9c100000-9c1f7000 rw-p 9c100000 00:00 0 
9c1f7000-9c200000 ---p 9c1f7000 00:00 0 
9c200000-9c2fc000 rw-p 9c200000 00:00 0 
9c2fc000-9c300000 ---p 9c2fc000 00:00 0 
9c300000-9c3f5000 rw-p 9c300000 00:00 0 
9c3f5000-9c400000 ---p 9c3f5000 00:00 0 
9c400000-9c4fd000 rw-p 9c400000 00:00 0 
9c4fd000-9c500000 ---p 9c4fd000 00:00 0 
9c500000-9c600000 rw-p 9c500000 00:00 0 
9c600000-9c6fe000 rw-p 9c600000 00:00 0 
9c6fe000-9c700000 ---p 9c6fe000 00:00 0 
9c700000-9c800000 rw-p 9c700000 00:00 0 
9c800000-9c9fd000 rw-p 9c800000 00:00 0 
9c9fd000-9ca00000 ---p 9c9fd000 00:00 0 
9ca00000-9cafe000 rw-p 9ca00000 00:00 0 
9cafe000-9cb00000 ---p 9cafe000 00:00 0 
9cb00000-9cbfa000 rw-p 9cb00000 00:00 0 
9cbfa000-9cc00000 ---p 9cbfa000 00:00 0 
9cc00000-9ccfd000 rw-p 9cc00000 00:00 0 
9ccfd000-9cd00000 ---p 9ccfd000 00:00 0 
9cd00000-9cdfd000 rw-p 9cd00000 00:00 0 
9cdfd000-9ce00000 ---p 9cdfd000 00:00 0 
9ce00000-9cffc000 rw-p 9ce00000 00:00 0 
9cffc000-9d000000 ---p 9cffc000 00:00 0 
9d000000-9d0fe000 rw-p 9d000000 00:00 0 
9d0fe000-9d100000 ---p 9d0fe000 00:00 0 
9d100000-9d1fd000 rw-p 9d100000 00:00 0 
9d1fd000-9d200000 ---p 9d1fd000 00:00 0 
9d200000-9d2ff000 rw-p 9d200000 00:00 0 
9d2ff000-9d300000 ---p 9d2ff000 00:00 0 
9d300000-9d3ff000 rw-p 9d300000 00:00 0 
9d3ff000-9d400000 ---p 9d3ff000 00:00 0 
9d400000-9d4fe000 rw-p 9d400000 00:00 0 
9d4fe000-9d500000 ---p 9d4fe000 00:00 0 
9d500000-9d5fd000 rw-p 9d500000 00:00 0 
9d5fd000-9d600000 ---p 9d5fd000 00:00 0 
9d600000-9d6fd000 rw-p 9d600000 00:00 0 
9d6fd000-9d700000 ---p 9d6fd000 00:00 0 
9d700000-9d800000 rw-p 9d700000 00:00 0 
9d800000-9d8fe000 rw-p 9d800000 00:00 0 
9d8fe000-9d900000 ---p 9d8fe000 00:00 0 
9d900000-9d9fe000 rw-p 9d900000 00:00 0 
9d9fe000-9da00000 ---p 9d9fe000 00:00 0 
9da00000-9dafd000 rw-p 9da00000 00:00 0 
9dafd000-9db00000 ---p 9dafd000 00:00 0 
9db00000-9dc00000 rw-p 9db00000 00:00 0 
9dc00000-9dcf7000 rw-p 9dc00000 00:00 0 
9dcf7000-9dd00000 ---p 9dcf7000 00:00 0 
9dd00000-9ddfa000 rw-p 9dd00000 00:00 0 
9ddfa000-9de00000 ---p 9ddfa000 00:00 0 
9de00000-9defe000 rw-p 9de00000 00:00 0 
9defe000-9df00000 ---p 9defe000 00:00 0 
9df00000-9e000000 rw-p 9df00000 00:00 0 
9e000000-9e0ff000 rw-p 9e000000 00:00 0 
9e0ff000-9e100000 ---p 9e0ff000 00:00 0 
9e100000-9e1ff000 rw-p 9e100000 00:00 0 
9e1ff000-9e200000 ---p 9e1ff000 00:00 0 
9e200000-9e2ff000 rw-p 9e200000 00:00 0 
9e2ff000-9e300000 ---p 9e2ff000 00:00 0 
9e300000-9e3fe000 rw-p 9e300000 00:00 0 
9e3fe000-9e400000 ---p 9e3fe000 00:00 0 
9e400000-9e4fd000 rw-p 9e400000 00:00 0 
9e4fd000-9e500000 ---p 9e4fd000 00:00 0 
9e500000-9e5fe000 rw-p 9e500000 00:00 0 
9e5fe000-9e600000 ---p 9e5fe000 00:00 0 
9e600000-9e6fe000 rw-p 9e600000 00:00 0 
9e6fe000-9e700000 ---p 9e6fe000 00:00 0 
9e700000-9e7fe000 rw-p 9e700000 00:00 0 
9e7fe000-9e800000 ---p 9e7fe000 00:00 0 
9e800000-9e8fe000 rw-p 9e800000 00:00 0 
9e8fe000-9e900000 ---p 9e8fe000 00:00 0 
9e900000-9e9ff000 rw-p 9e900000 00:00 0 
9e9ff000-9ea00000 ---p 9e9ff000 00:00 0 
9ea00000-9eafb000 rw-p 9ea00000 00:00 0 
9eafb000-9eb00000 ---p 9eafb000 00:00 0 
9eb00000-9ebfe000 rw-p 9eb00000 00:00 0 
9ebfe000-9ec00000 ---p 9ebfe000 00:00 0 
9ec00000-9edfe000 rw-p 9ec00000 00:00 0 
9edfe000-9ee00000 ---p 9edfe000 00:00 0 
9ee00000-9eef6000 rw-p 9ee00000 00:00 0 
9eef6000-9ef00000 ---p 9eef6000 00:00 0 
9ef00000-9effd000 rw-p 9ef00000 00:00 0 
9effd000-9f000000 ---p 9effd000 00:00 0 
9f000000-9f200000 rw-p 9f000000 00:00 0 
9f200000-9f2ff000 rw-p 9f200000 00:00 0 
9f2ff000-9f300000 ---p 9f2ff000 00:00 0 
9f300000-9f3fe000 rw-p 9f300000 00:00 0 
9f3fe000-9f400000 ---p 9f3fe000 00:00 0 
9f400000-9f4fe000 rw-p 9f400000 00:00 0 
9f4fe000-9f500000 ---p 9f4fe000 00:00 0 
9f500000-9f5ff000 rw-p 9f500000 00:00 0 
9f5ff000-9f600000 ---p 9f5ff000 00:00 0 
9f600000-9f6ff000 rw-p 9f600000 00:00 0 
9f6ff000-9f700000 ---p 9f6ff000 00:00 0 
9f700000-9f7fe000 rw-p 9f700000 00:00 0 
9f7fe000-9f800000 ---p 9f7fe000 00:00 0 
9f800000-9f9fe000 rw-p 9f800000 00:00 0 
9f9fe000-9fa00000 ---p 9f9fe000 00:00 0 
9fa00000-9fa3a000 rw-p 9fa00000 00:00 0 
9fa3a000-9fa3b000 rwxp 9fa3a000 00:00 0 
9fa3b000-9fafe000 rw-p 9fa3b000 00:00 0 
9fafe000-9fb00000 ---p 9fafe000 00:00 0 
9fb00000-9fbfd000 rw-p 9fb00000 00:00 0 
9fbfd000-9fc00000 ---p 9fbfd000 00:00 0 
9fc00000-9fcfb000 rw-p 9fc00000 00:00 0 
9fcfb000-9fd00000 ---p 9fcfb000 00:00 0 
9fd00000-9fdfe000 rw-p 9fd00000 00:00 0 
9fdfe000-9fe00000 ---p 9fdfe000 00:00 0 
9fe00000-9fefd000 rw-p 9fe00000 00:00 0 
9fefd000-9ff00000 ---p 9fefd000 00:00 0 
a0000000-a00fb000 rw-p a0000000 00:00 0 
a00fb000-a0100000 ---p a00fb000 00:00 0 
a0100000-a01fe000 rw-p a0100000 00:00 0 
a01fe000-a0200000 ---p a01fe000 00:00 0 
a0200000-a02ff000 rw-p a0200000 00:00 0 
a02ff000-a0300000 ---p a02ff000 00:00 0 
a0300000-a03f9000 rw-p a0300000 00:00 0 
a03f9000-a0400000 ---p a03f9000 00:00 0 
a0400000-a04fe000 rw-p a0400000 00:00 0 
a04fe000-a0500000 ---p a04fe000 00:00 0 
a0500000-a05fe000 rw-p a0500000 00:00 0 
a05fe000-a0600000 ---p a05fe000 00:00 0 
a0600000-a06fd000 rw-p a0600000 00:00 0 
a06fd000-a0700000 ---p a06fd000 00:00 0 
a0700000-a0800000 rw-p a0700000 00:00 0 
a0800000-a08fd000 rw-p a0800000 00:00 0 
a08fd000-a0900000 ---p a08fd000 00:00 0 
a0900000-a09fe000 rw-p a0900000 00:00 0 
a09fe000-a0a00000 ---p a09fe000 00:00 0 
a0a00000-a0afe000 rw-p a0a00000 00:00 0 
a0afe000-a0b00000 ---p a0afe000 00:00 0 
a0b00000-a0bff000 rw-p a0b00000 00:00 0 
a0bff000-a0c00000 ---p a0bff000 00:00 0 
a0c00000-a0cff000 rw-p a0c00000 00:00 0 
a0cff000-a0d00000 ---p a0cff000 00:00 0 
a0d00000-a0dfe000 rw-p a0d00000 00:00 0 
a0dfe000-a0e00000 ---p a0dfe000 00:00 0 
a0e00000-a0ef5000 rw-p a0e00000 00:00 0 
a0ef5000-a0f00000 ---p a0ef5000 00:00 0 
a0f00000-a0ff4000 rw-p a0f00000 00:00 0 
a0ff4000-a1000000 ---p a0ff4000 00:00 0 
a1000000-a11fc000 rw-p a1000000 00:00 0 
a11fc000-a1200000 ---p a11fc000 00:00 0 
a1200000-a12fe000 rw-p a1200000 00:00 0 
a12fe000-a1300000 ---p a12fe000 00:00 0 
a1300000-a13f9000 rw-p a1300000 00:00 0 
a13f9000-a1400000 ---p a13f9000 00:00 0 
a1400000-a14f4000 rw-p a1400000 00:00 0 
a14f4000-a1500000 ---p a14f4000 00:00 0 
a1500000-a1600000 rw-p a1500000 00:00 0 
a1600000-a16fe000 rw-p a1600000 00:00 0 
a16fe000-a1700000 ---p a16fe000 00:00 0 
a175e000-a17e0000 rw-p a175e000 00:00 0 
a180e000-a1811000 rw-p a180e000 00:00 0 
a1811000-a1812000 rwxp a1811000 00:00 0 
a1812000-a1827000 rw-p a1812000 00:00 0 
a1827000-a1828000 rwxp a1827000 00:00 0 
a1828000-a182a000 rw-p a1828000 00:00 0 
a182a000-a182b000 rwxp a182a000 00:00 0 
a182b000-a1879000 rw-p a182b000 00:00 0 
a1879000-a187a000 rwxp a1879000 00:00 0 
a187a000-a18a4000 rw-p a187a000 00:00 0 
a18a4000-a18a5000 rwxp a18a4000 00:00 0 
a18a5000-a18a9000 rw-p a18a5000 00:00 0 
a18a9000-a18ab000 rwxp a18a9000 00:00 0 
a18ab000-a18ac000 rw-p a18ab000 00:00 0 
a18ac000-a18ae000 rwxp a18ac000 00:00 0 
a18ae000-a18b2000 rw-p a18ae000 00:00 0 
a18b2000-a18b3000 rwxp a18b2000 00:00 0 
a18b3000-a18e2000 rw-p a18b3000 00:00 0 
a18e2000-a18e3000 rwxp a18e2000 00:00 0 
a18e3000-a18e8000 rw-p a18e3000 00:00 0 
a18e8000-a18e9000 rwxp a18e8000 00:00 0 
a18e9000-a18f5000 rw-p a18e9000 00:00 0 
a18f5000-a18f7000 rwxp a18f5000 00:00 0 
a18f7000-a18fa000 rw-p a18f7000 00:00 0 
a18fa000-a18fb000 rwxp a18fa000 00:00 0 
a18fb000-a1907000 rw-p a18fb000 00:00 0 
a1907000-a1908000 rwxp a1907000 00:00 0 
a1908000-a190e000 rw-p a1908000 00:00 0 
a192f000-a193b000 rw-p a192f000 00:00 0 
a193b000-a193c000 rwxp a193b000 00:00 0 
a193c000-a1970000 rw-p a193c000 00:00 0 
a19bb000-a19fc000 rw-p a19bb000 00:00 0 
a19fc000-a19fd000 rwxp a19fc000 00:00 0 
a19fd000-a19ff000 rw-p a19fd000 00:00 0 
a19ff000-a1a02000 rwxp a19ff000 00:00 0 
a1a02000-a1a04000 rw-p a1a02000 00:00 0 
a1a04000-a1a0b000 rwxp a1a04000 00:00 0 
a1a0b000-a1a0c000 rw-p a1a0b000 00:00 0 
a1a0c000-a1a0e000 rwxp a1a0c000 00:00 0 
a1a0e000-a1a0f000 rw-p a1a0e000 00:00 0 
a1a0f000-a1a10000 rwxp a1a0f000 00:00 0 
a1a10000-a1a14000 rw-p a1a10000 00:00 0 
a1a14000-a1a25000 rwxp a1a14000 00:00 0 
a1a25000-a1a26000 rw-p a1a25000 00:00 0 
a1a26000-a1a2f000 rwxp a1a26000 00:00 0 
a1a2f000-a1a54000 rw-p a1a2f000 00:00 0 
a1a54000-a1a55000 rwxp a1a54000 00:00 0 
a1a55000-a1a5c000 rw-p a1a55000 00:00 0 
a1a5c000-a1a5d000 rwxp a1a5c000 00:00 0 
a1a5d000-a1a7e000 rw-p a1a5d000 00:00 0 
a1ac0000-a1bfd000 rw-p a1ac0000 00:00 0 
a1bfd000-a1c00000 ---p a1bfd000 00:00 0 
a1c05000-a1c20000 rw-p a1c05000 00:00 0 
a1c20000-a1c21000 rwxp a1c20000 00:00 0 
a1c21000-a1d1a000 rw-p a1c21000 00:00 0 
a1d1a000-a1d1b000 rwxp a1d1a000 00:00 0 
a1d1b000-a1d85000 rw-p a1d1b000 00:00 0 
a1d85000-a1d86000 ---p a1d85000 00:00 0 
a1d86000-a2786000 rwxp a1d86000 00:00 0 
a2786000-a27cb000 rw-p a2786000 00:00 0 
a27cb000-a27cf000 rwxp a27cb000 00:00 0 
a27cf000-a27d0000 rw-p a27cf000 00:00 0 
a27d0000-a27d3000 rwxp a27d0000 00:00 0 
a27d3000-a27d6000 rw-p a27d3000 00:00 0 
a27d6000-a27da000 rwxp a27d6000 00:00 0 
a27da000-a27de000 rw-p a27da000 00:00 0 
a27de000-a27df000 rwxp a27de000 00:00 0 
a27df000-a27e1000 rw-p a27df000 00:00 0 
a27e1000-a27e3000 rwxp a27e1000 00:00 0 
a27e3000-a27e4000 rw-p a27e3000 00:00 0 
a27e4000-a27e5000 rwxp a27e4000 00:00 0 
a27e5000-a27ed000 rw-p a27e5000 00:00 0 
a27ed000-a27ef000 rwxp a27ed000 00:00 0 
a27ef000-a27f0000 rw-p a27ef000 00:00 0 
a27f0000-a27f2000 rwxp a27f0000 00:00 0 
a27f2000-a27f4000 rw-p a27f2000 00:00 0 
a27f4000-a27f6000 rwxp a27f4000 00:00 0 
a27f6000-a27f7000 rw-p a27f6000 00:00 0 
a27f7000-a27fb000 rwxp a27f7000 00:00 0 
a27fb000-a27fe000 rw-p a27fb000 00:00 0 
a27fe000-a2800000 rwxp a27fe000 00:00 0 
a2800000-a2805000 rw-p a2800000 00:00 0 
a2805000-a2806000 rwxp a2805000 00:00 0 
a2806000-a2807000 rw-p a2806000 00:00 0 
a2825000-a2866000 rw-p a2825000 00:00 0 
a286d000-a2879000 rw-p a286d000 00:00 0 
a2879000-a287a000 rwxp a2879000 00:00 0 
a287a000-a287f000 rw-p a287a000 00:00 0 
a287f000-a2880000 rwxp a287f000 00:00 0 
a2880000-a288c000 rw-p a2880000 00:00 0 
a288c000-a288d000 rwxp a288c000 00:00 0 
a288d000-a28ee000 rw-p a288d000 00:00 0 
a28fe000-a29b4000 rw-p a28fe000 00:00 0 
a29b4000-a29b5000 rwxp a29b4000 00:00 0 
a29b5000-a2a1c000 rw-p a29b5000 00:00 0 
a2a1c000-a2a1d000 rwxp a2a1c000 00:00 0 
a2a1d000-a2a23000 rw-p a2a1d000 00:00 0 
a2a23000-a2a24000 rwxp a2a23000 00:00 0 
a2a24000-a2a25000 rw-p a2a24000 00:00 0 
a2a25000-a2a26000 rwxp a2a25000 00:00 0 
a2a26000-a2a77000 rw-p a2a26000 00:00 0 
a2a77000-a2a78000 rwxp a2a77000 00:00 0 
a2a78000-a2a7e000 rw-p a2a78000 00:00 0 
a2a7e000-a2a92000 rwxp a2a7e000 00:00 0 
a2a92000-a2a93000 rw-p a2a92000 00:00 0 
a2a93000-a2a94000 rwxp a2a93000 00:00 0 
a2a94000-a2a95000 rw-p a2a94000 00:00 0 
a2a95000-a2a96000 rwxp a2a95000 00:00 0 
a2a96000-a2a97000 rw-p a2a96000 00:00 0 
a2a97000-a2a98000 rwxp a2a97000 00:00 0 
a2a98000-a2a9a000 rw-p a2a98000 00:00 0 
a2a9a000-a2a9b000 rwxp a2a9a000 00:00 0 
a2a9b000-a2a9e000 rw-p a2a9b000 00:00 0 
a2a9e000-a2a9f000 rwxp a2a9e000 00:00 0 
a2a9f000-a2aa4000 rw-p a2a9f000 00:00 0 
a2aa4000-a2aa7000 rwxp a2aa4000 00:00 0 
a2aa7000-a2aff000 rw-p a2aa7000 00:00 0 
a2b12000-a2b14000 rw-p a2b12000 00:00 0 
a2b14000-a2b17000 rwxp a2b14000 00:00 0 
a2b17000-a2b1c000 rw-p a2b17000 00:00 0 
a2b1c000-a2b1d000 rwxp a2b1c000 00:00 0 
a2b1d000-a2b22000 rw-p a2b1d000 00:00 0 
a2b22000-a2b23000 rwxp a2b22000 00:00 0 
a2b23000-a2b48000 rw-p a2b23000 00:00 0 
a2b48000-a2b49000 rwxp a2b48000 00:00 0 
a2b49000-a2b4f000 rw-p a2b49000 00:00 0 
a2b4f000-a2b51000 rwxp a2b4f000 00:00 0 
a2b51000-a2b52000 rw-p a2b51000 00:00 0 
a312c000-a3130000 rw-p a312c000 00:00 0 
a3130000-a3132000 rwxp a3130000 00:00 0 
a3132000-a3154000 rw-p a3132000 00:00 0 
a3154000-a3155000 rwxp a3154000 00:00 0 
a3155000-a316d000 rw-p a3155000 00:00 0 
a316d000-a316e000 rw-s 00000000 00:06 153419800  /SYSV00000000 (deleted)
a316e000-a316f000 rw-s 00000000 00:06 153387031  /SYSV00000000 (deleted)
a316f000-a326f000 rw-s 110ef000 00:0d 4934       /dev/nvidia0
a326f000-a3273000 rw-s 110e8000 00:0d 4934       /dev/nvidia0
a3273000-a3274000 rw-s d3e7c000 00:0d 4934       /dev/nvidia0
a3274000-a3275000 rw-s 110e7000 00:0d 4934       /dev/nvidia0
a3275000-a3276000 rw-s 110e6000 00:0d 4934       /dev/nvidia0
a3276000-a3277000 rw-s edc00000 00:0d 4934       /dev/nvidia0
a3277000-a3379000 rw-s 10fde000 00:0d 4934       /dev/nvidia0
a3379000-a33ba000 rw-p a3379000 00:00 0 
a33ba000-a341c000 rw-p 00000000 00:0d 1736       /dev/zero
a341c000-a341d000 rw-s ed001000 00:0d 4934       /dev/nvidia0
a341d000-a3963000 rw-s d0000000 00:0d 4934       /dev/nvidia0
a3963000-a397a000 rw-s 00000000 00:06 65537      /SYSV00000000 (deleted)
a397a000-a39db000 rw-p a397a000 00:00 0 
a39db000-a41be000 r-xp 00000000 08:06 303511     /usr/lib/libGLcore.so.1.0.8762
a41be000-a41ee000 rwxp 007e2000 08:06 303511     /usr/lib/libGLcore.so.1.0.8762
a41ee000-a41f2000 rwxp a41ee000 00:00 0 
a4209000-a426d000 rw-p a4209000 00:00 0 
a426d000-a426e000 rwxp a426d000 00:00 0 
a426e000-a4276000 rw-p a426e000 00:00 0 
a4276000-a4277000 rwxp a4276000 00:00 0 
a4277000-a427f000 rw-p a4277000 00:00 0 
a427f000-a4280000 rwxp a427f000 00:00 0 
a4280000-a42da000 rw-p a4280000 00:00 0 
a42da000-a42db000 rwxp a42da000 00:00 0 
a42db000-a448e000 rw-p a42db000 00:00 0 
a448e000-a4490000 rwxp a448e000 00:00 0 
a4490000-a4491000 rw-p a4490000 00:00 0 
a4491000-a4493000 rwxp a4491000 00:00 0 
a4493000-a44af000 rw-p a4493000 00:00 0 
a44af000-a44b0000 rwxp a44af000 00:00 0 
a44b0000-a44b7000 rw-p a44b0000 00:00 0 
a44b7000-a44c9000 rwxp a44b7000 00:00 0 
a44c9000-a44da000 rw-p a44c9000 00:00 0 
a44da000-a44e0000 rwxp a44da000 00:00 0 
a44e0000-a4500000 rw-p a44e0000 00:00 0 
a4500000-a4501000 rwxp a4500000 00:00 0 
a4501000-a4513000 rw-p a4501000 00:00 0 
a4513000-a4514000 rwxp a4513000 00:00 0 
a4514000-a4515000 rw-p a4514000 00:00 0 
a4515000-a4517000 rwxp a4515000 00:00 0 
a4517000-a4518000 rw-p a4517000 00:00 0 
a4518000-a4519000 rwxp a4518000 00:00 0 
a4519000-a4533000 rw-p a4519000 00:00 0 
a4533000-a4534000 rwxp a4533000 00:00 0 
a4534000-a4539000 rw-p a4534000 00:00 0 
a4539000-a453a000 rwxp a4539000 00:00 0 
a453a000-a45e2000 rw-p a453a000 00:00 0 
a45e2000-a45e3000 rwxp a45e2000 00:00 0 
a45e3000-a45f0000 rw-p a45e3000 00:00 0 
a4616000-a4699000 rw-p a4616000 00:00 0 
a4699000-a469b000 rwxp a4699000 00:00 0 
a469b000-a46a0000 rw-p a469b000 00:00 0 
a46a0000-a46a2000 rwxp a46a0000 00:00 0 
a46a2000-a46a8000 rw-p a46a2000 00:00 0 
a46a8000-a46ad000 rwxp a46a8000 00:00 0 
a46ad000-a46b7000 rw-p a46ad000 00:00 0 
a46b7000-a46b9000 rwxp a46b7000 00:00 0 
a46b9000-a46c8000 rw-p a46b9000 00:00 0 
a46c8000-a46cb000 rwxp a46c8000 00:00 0 
a46cb000-a46d3000 rw-p a46cb000 00:00 0 
a46d3000-a46d4000 rwxp a46d3000 00:00 0 
a46d4000-a4798000 rw-p a46d4000 00:00 0 
a4798000-a47b3000 rwxp a4798000 00:00 0 
a47b3000-a47b4000 rw-p a47b3000 00:00 0 
a47b4000-a47b8000 rwxp a47b4000 00:00 0 
a47b8000-a47b9000 rw-p a47b8000 00:00 0 
a47b9000-a47bb000 rwxp a47b9000 00:00 0 
a47bb000-a47bd000 rw-p a47bb000 00:00 0 
a47bd000-a47be000 rwxp a47bd000 00:00 0 
a47be000-a47d8000 rw-p a47be000 00:00 0 
a47d8000-a47de000 rwxp a47d8000 00:00 0 
a47de000-a47e1000 rw-p a47de000 00:00 0 
a47e1000-a47e6000 rwxp a47e1000 00:00 0 
a47e6000-a47e7000 rw-p a47e6000 00:00 0 
a47e7000-a47e8000 rwxp a47e7000 00:00 0 
a47e8000-a47ea000 rw-p a47e8000 00:00 0 
a47ea000-a47eb000 rwxp a47ea000 00:00 0 
a47eb000-a47ef000 rw-p a47eb000 00:00 0 
a47ef000-a47f0000 rwxp a47ef000 00:00 0 
a47f0000-a47f2000 rw-p a47f0000 00:00 0 
a47f2000-a47f3000 rwxp a47f2000 00:00 0 
a47f3000-a47f4000 rw-p a47f3000 00:00 0 
a47f4000-a47f5000 rwxp a47f4000 00:00 0 
a47f5000-a47f8000 rw-p a47f5000 00:00 0 
a47f8000-a47f9000 rwxp a47f8000 00:00 0 
a47f9000-a47fd000 rw-p a47f9000 00:00 0 
a47fd000-a47fe000 rwxp a47fd000 00:00 0 
a47fe000-a4803000 rw-p a47fe000 00:00 0 
a4803000-a4804000 rwxp a4803000 00:00 0 
a4804000-a4805000 rw-p a4804000 00:00 0 
a4805000-a480b000 rwxp a4805000 00:00 0 
a480b000-a480c000 rw-p a480b000 00:00 0 
a480c000-a4818000 rwxp a480c000 00:00 0 
a4818000-a484c000 rw-p a4818000 00:00 0 
a484c000-a484d000 rwxp a484c000 00:00 0 
a484d000-a489a000 rw-p a484d000 00:00 0 
a48bb000-a48fc000 rw-p a48bb000 00:00 0 
a48fc000-a48fd000 rwxp a48fc000 00:00 0 
a48fd000-a48fe000 rw-p a48fd000 00:00 0 
a48fe000-a48ff000 rwxp a48fe000 00:00 0 
a48ff000-a4903000 rw-p a48ff000 00:00 0 
a4903000-a4904000 rwxp a4903000 00:00 0 
a4904000-a4906000 rw-p a4904000 00:00 0 
a4906000-a4908000 rwxp a4906000 00:00 0 
a4908000-a491a000 rw-p a4908000 00:00 0 
a491a000-a491c000 rwxp a491a000 00:00 0 
a491c000-a491d000 rw-p a491c000 00:00 0 
a491d000-a4920000 rwxp a491d000 00:00 0 
a4920000-a4926000 rw-p a4920000 00:00 0 
a4926000-a4928000 rwxp a4926000 00:00 0 
a4928000-a4929000 rw-p a4928000 00:00 0 
a4929000-a492c000 rwxp a4929000 00:00 0 
a492c000-a497d000 rw-p a492c000 00:00 0 
a497d000-a497e000 rwxp a497d000 00:00 0 
a497e000-a497f000 rw-p a497e000 00:00 0 
a497f000-a4983000 rwxp a497f000 00:00 0 
a4983000-a4985000 rw-p a4983000 00:00 0 
a4985000-a4988000 rwxp a4985000 00:00 0 
a4988000-a49a2000 rw-p a4988000 00:00 0 
a49a2000-a49ab000 rwxp a49a2000 00:00 0 
a49ab000-a49e4000 rw-p a49ab000 00:00 0 
a49e4000-a49e5000 rwxp a49e4000 00:00 0 
a49e5000-a49f7000 rw-p a49e5000 00:00 0 
a49f7000-a49f8000 rwxp a49f7000 00:00 0 
a49f8000-a4a3c000 rw-p a49f8000 00:00 0 
a4a5e000-a4aa7000 rw-p a4a5e000 00:00 0 
a4aa7000-a4aaa000 rwxp a4aa7000 00:00 0 
a4aaa000-a4ab1000 rw-p a4aaa000 00:00 0 
a4ab1000-a4ab2000 rwxp a4ab1000 00:00 0 
a4ab2000-a4ab4000 rw-p a4ab2000 00:00 0 
a4ab4000-a4ab8000 rwxp a4ab4000 00:00 0 
a4ab8000-a4ab9000 rw-p a4ab8000 00:00 0 
a4ab9000-a4aba000 rwxp a4ab9000 00:00 0 
a4aba000-a4abb000 rw-p a4aba000 00:00 0 
a4abb000-a4abd000 rwxp a4abb000 00:00 0 
a4abd000-a4ac2000 rw-p a4abd000 00:00 0 
a4ac2000-a4ac5000 rwxp a4ac2000 00:00 0 
a4ac5000-a4ac6000 rw-p a4ac5000 00:00 0 
a4ac6000-a4ac7000 rwxp a4ac6000 00:00 0 
a4ac7000-a4acc000 rw-p a4ac7000 00:00 0 
a4acc000-a4acd000 rwxp a4acc000 00:00 0 
a4acd000-a4ace000 rw-p a4acd000 00:00 0 
a4ace000-a4ad0000 rwxp a4ace000 00:00 0 
a4ad0000-a4ad1000 rw-p a4ad0000 00:00 0 
a4ad1000-a4ad6000 rwxp a4ad1000 00:00 0 
a4ad6000-a4ad9000 rw-p a4ad6000 00:00 0 
a4ad9000-a4ada000 rwxp a4ad9000 00:00 0 
a4ada000-a4adc000 rw-p a4ada000 00:00 0 
a4adc000-a4add000 rwxp a4adc000 00:00 0 
a4add000-a4b20000 rw-p a4add000 00:00 0 
a4b20000-a4b23000 rwxp a4b20000 00:00 0 
a4b23000-a4b25000 rw-p a4b23000 00:00 0 
a4b25000-a4b28000 rwxp a4b25000 00:00 0 
a4b28000-a4b29000 rw-p a4b28000 00:00 0 
a4b29000-a4b2e000 rwxp a4b29000 00:00 0 
a4b2e000-a4b31000 rw-p a4b2e000 00:00 0 
a4b31000-a4b32000 rwxp a4b31000 00:00 0 
a4b32000-a4b33000 rw-p a4b32000 00:00 0 
a4b33000-a4b3b000 rwxp a4b33000 00:00 0 
a4b3b000-a4b3c000 rw-p a4b3b000 00:00 0 
a4b3c000-a4b3e000 rwxp a4b3c000 00:00 0 
a4b3e000-a4b5f000 rw-p a4b3e000 00:00 0 
a4b5f000-a4b67000 rwxp a4b5f000 00:00 0 
a4b67000-a4b6d000 rw-p a4b67000 00:00 0 
a4b6d000-a4b6e000 rwxp a4b6d000 00:00 0 
a4b6e000-a4b71000 rw-p a4b6e000 00:00 0 
a4b71000-a4b72000 rwxp a4b71000 00:00 0 
a4b72000-a4b7b000 rw-p a4b72000 00:00 0 
a4b7b000-a4b7c000 rwxp a4b7b000 00:00 0 
a4b7c000-a4b88000 rw-p a4b7c000 00:00 0 
a4b88000-a4b8a000 rwxp a4b88000 00:00 0 
a4b8a000-a4b8b000 rw-p a4b8a000 00:00 0 
a4b8b000-a4b8c000 rwxp a4b8b000 00:00 0 
a4b8c000-a4b8d000 rw-p a4b8c000 00:00 0 
a4b8d000-a4b9b000 rwxp a4b8d000 00:00 0 
a4b9b000-a4b9d000 rw-p a4b9b000 00:00 0 
a4b9d000-a4b9e000 rwxp a4b9d000 00:00 0 
a4b9e000-a4bcf000 rw-p a4b9e000 00:00 0 
a4bcf000-a4bd1000 rwxp a4bcf000 00:00 0 
a4bd1000-a4be0000 rw-p a4bd1000 00:00 0 
a4be0000-a4be2000 rwxp a4be0000 00:00 0 
a4be2000-a4be5000 rw-p a4be2000 00:00 0 
a4be5000-a4be9000 rwxp a4be5000 00:00 0 
a4be9000-a4bf0000 rw-p a4be9000 00:00 0 
a4bf0000-a4bf5000 rwxp a4bf0000 00:00 0 
a4bf5000-a4bf8000 rw-p a4bf5000 00:00 0 
a4bf8000-a4bfd000 rwxp a4bf8000 00:00 0 
a4bfd000-a4bfe000 rw-p a4bfd000 00:00 0 
a4bfe000-a4c00000 rwxp a4bfe000 00:00 0 
a4c00000-a4c01000 rw-p a4c00000 00:00 0 
a4c01000-a4c02000 rwxp a4c01000 00:00 0 
a4c02000-a4c04000 rw-p a4c02000 00:00 0 
a4c04000-a4c05000 rwxp a4c04000 00:00 0 
a4c05000-a4c3b000 rw-p a4c05000 00:00 0 
a4c3b000-a4c3c000 rwxp a4c3b000 00:00 0 
a4c3c000-a4c54000 rw-p a4c3c000 00:00 0 
a4c54000-a4c57000 rwxp a4c54000 00:00 0 
a4c57000-a4c58000 rw-p a4c57000 00:00 0 
a4c58000-a4c59000 rwxp a4c58000 00:00 0 
a4c59000-a4cfa000 rw-p a4c59000 00:00 0 
a4cfa000-a4cfb000 rwxp a4cfa000 00:00 0 
a4cfb000-a4d08000 rw-p a4cfb000 00:00 0 
a4d08000-a4d09000 rwxp a4d08000 00:00 0 
a4d09000-a4da9000 rw-p a4d09000 00:00 0 
a4da9000-a4daa000 rwxp a4da9000 00:00 0 
a4daa000-a4db7000 rw-p a4daa000 00:00 0 
a4db7000-a4db8000 rwxp a4db7000 00:00 0 
a4db8000-a4de3000 rw-p a4db8000 00:00 0 
a4de3000-a4de8000 rwxp a4de3000 00:00 0 
a4de8000-a4de9000 rw-p a4de8000 00:00 0 
a4de9000-a4def000 rwxp a4de9000 00:00 0 
a4def000-a4df0000 rw-p a4def000 00:00 0 
a4df0000-a4e08000 rwxp a4df0000 00:00 0 
a4e08000-a4e0a000 rw-p a4e08000 00:00 0 
a4e0a000-a4e11000 rwxp a4e0a000 00:00 0 
a4e11000-a4e13000 rw-p a4e11000 00:00 0 
a4e13000-a4e14000 rwxp a4e13000 00:00 0 
a4e14000-a4e15000 rw-p a4e14000 00:00 0 
a4e15000-a4e17000 rwxp a4e15000 00:00 0 
a4e17000-a4e19000 rw-p a4e17000 00:00 0 
a4e19000-a4e1b000 rwxp a4e19000 00:00 0 
a4e1b000-a4e42000 rw-p a4e1b000 00:00 0 
a4e42000-a4e43000 rwxp a4e42000 00:00 0 
a4e43000-a4eb6000 rw-p a4e43000 00:00 0 
a4eb6000-a4eb7000 rwxp a4eb6000 00:00 0 
a4eb7000-a4eb8000 rw-p a4eb7000 00:00 0 
a4eb8000-a4ebd000 rwxp a4eb8000 00:00 0 
a4ebd000-a4f2e000 rw-p a4ebd000 00:00 0 
a4f2e000-a4f2f000 rwxp a4f2e000 00:00 0 
a4f2f000-a4f47000 rw-p a4f2f000 00:00 0 
a4f47000-a4f48000 rwxp a4f47000 00:00 0 
a4f48000-a4f64000 rw-p a4f48000 00:00 0 
a4f64000-a4f65000 rwxp a4f64000 00:00 0 
a4f65000-a4f69000 rw-p a4f65000 00:00 0 
a4f69000-a4f74000 rwxp a4f69000 00:00 0 
a4f74000-a4f75000 rw-p a4f74000 00:00 0 
a4f75000-a4f76000 rwxp a4f75000 00:00 0 
a4f76000-a4f77000 rw-p a4f76000 00:00 0 
a4f77000-a4f78000 rwxp a4f77000 00:00 0 
a4f78000-a4f7a000 rw-p a4f78000 00:00 0 
a4f7a000-a4f7c000 rwxp a4f7a000 00:00 0 
a4f7c000-a4f7e000 rw-p a4f7c000 00:00 0 
a4f7e000-a4f83000 rwxp a4f7e000 00:00 0 
a4f83000-a4f86000 rw-p a4f83000 00:00 0 
a4f86000-a4f89000 rwxp a4f86000 00:00 0 
a4f89000-a4f8a000 rw-p a4f89000 00:00 0 
a4f8a000-a4f8b000 rwxp a4f8a000 00:00 0 
a4f8b000-a4f8e000 rw-p a4f8b000 00:00 0 
a4f8e000-a4f94000 rwxp a4f8e000 00:00 0 
a4f94000-a4fb1000 rw-p a4f94000 00:00 0 
a4fb1000-a4fb2000 rwxp a4fb1000 00:00 0 
a4fb2000-a4fc5000 rw-p a4fb2000 00:00 0 
a4fc5000-a4fc6000 rwxp a4fc5000 00:00 0 
a4fc6000-a4fc9000 rw-p a4fc6000 00:00 0 
a4fc9000-a4fcc000 rwxp a4fc9000 00:00 0 
a4fcc000-a4fcd000 rw-p a4fcc000 00:00 0 
a4fcd000-a4fce000 rwxp a4fcd000 00:00 0 
a4fce000-a5064000 rw-p a4fce000 00:00 0 
a5064000-a5065000 rwxp a5064000 00:00 0 
a5065000-a50a6000 rw-p a5065000 00:00 0 
a50b6000-a50c4000 rw-p a50b6000 00:00 0 
a50c4000-a50c5000 rwxp a50c4000 00:00 0 
a50c5000-a50f6000 rw-p a50c5000 00:00 0 
a51f6000-a5210000 rw-p a51f6000 00:00 0 
a5210000-a5212000 rwxp a5210000 00:00 0 
a5212000-a5224000 rw-p a5212000 00:00 0 
a5224000-a5225000 rwxp a5224000 00:00 0 
a5225000-a5227000 rw-p a5225000 00:00 0 
a5227000-a5228000 rwxp a5227000 00:00 0 
a5228000-a5229000 rw-p a5228000 00:00 0 
a5229000-a522a000 rwxp a5229000 00:00 0 
a522a000-a522c000 rw-p a522a000 00:00 0 
a522c000-a522d000 rwxp a522c000 00:00 0 
a522d000-a522e000 rw-p a522d000 00:00 0 
a522e000-a522f000 rwxp a522e000 00:00 0 
a522f000-a5236000 rw-p a522f000 00:00 0 
a5236000-a5241000 rwxp a5236000 00:00 0 
a5241000-a5243000 rw-p a5241000 00:00 0 
a5243000-a5249000 rwxp a5243000 00:00 0 
a5249000-a524a000 rw-p a5249000 00:00 0 
a524a000-a5252000 rwxp a524a000 00:00 0 
a5252000-a5253000 rw-p a5252000 00:00 0 
a5253000-a525c000 rwxp a5253000 00:00 0 
a525c000-a525f000 rw-p a525c000 00:00 0 
a525f000-a5268000 rwxp a525f000 00:00 0 
a5268000-a5269000 rw-p a5268000 00:00 0 
a5269000-a526a000 rwxp a5269000 00:00 0 
a526a000-a526b000 rw-p a526a000 00:00 0 
a526b000-a526d000 rwxp a526b000 00:00 0 
a526d000-a526e000 rw-p a526d000 00:00 0 
a526e000-a5276000 rwxp a526e000 00:00 0 
a5276000-a5277000 rw-p a5276000 00:00 0 
a5278000-a5282000 rw-p a5278000 00:00 0 
a5282000-a5283000 rwxp a5282000 00:00 0 
a5283000-a528d000 rw-p a5283000 00:00 0 
a528d000-a528e000 rwxp a528d000 00:00 0 
a528e000-a5291000 rw-p a528e000 00:00 0 
a5291000-a5292000 rwxp a5291000 00:00 0 
a5292000-a5296000 rw-p a5292000 00:00 0 
a5296000-a5297000 rwxp a5296000 00:00 0 
a5297000-a53bf000 rw-p a5297000 00:00 0 
a53bf000-a53c0000 rwxp a53bf000 00:00 0 
a53c0000-a53f9000 rw-p a53c0000 00:00 0 
a5439000-a543a000 rwxp a5439000 00:00 0 
a543a000-a5440000 rw-p a543a000 00:00 0 
a5440000-a5441000 rwxp a5440000 00:00 0 
a5441000-a5448000 rw-p a5441000 00:00 0 
a5448000-a544b000 rwxp a5448000 00:00 0 
a544b000-a5453000 rw-p a544b000 00:00 0 
a5453000-a5454000 rwxp a5453000 00:00 0 
a5454000-a5458000 rw-p a5454000 00:00 0 
a5458000-a545c000 rwxp a5458000 00:00 0 
a545c000-a545e000 rw-p a545c000 00:00 0 
a545e000-a545f000 rwxp a545e000 00:00 0 
a545f000-a5460000 rw-p a545f000 00:00 0 
a5460000-a5464000 rwxp a5460000 00:00 0 
a5464000-a5466000 rw-p a5464000 00:00 0 
a5466000-a5467000 rwxp a5466000 00:00 0 
a5467000-a5469000 rw-p a5467000 00:00 0 
a5469000-a546b000 rwxp a5469000 00:00 0 
a546b000-a546c000 rw-p a546b000 00:00 0 
a546c000-a546d000 rwxp a546c000 00:00 0 
a546d000-a546e000 rw-p a546d000 00:00 0 
a546e000-a546f000 rwxp a546e000 00:00 0 
a546f000-a5470000 rw-p a546f000 00:00 0 
a5470000-a5473000 rwxp a5470000 00:00 0 
a5473000-a5474000 rw-p a5473000 00:00 0 
a5474000-a5475000 rwxp a5474000 00:00 0 
a5475000-a5479000 rw-p a5475000 00:00 0 
a5479000-a547a000 rwxp a5479000 00:00 0 
a547a000-a547f000 rw-p a547a000 00:00 0 
a547f000-a5482000 rwxp a547f000 00:00 0 
a5482000-a5499000 rw-p a5482000 00:00 0 
a5499000-a549b000 rwxp a5499000 00:00 0 
a549b000-a54a4000 rw-p a549b000 00:00 0 
a54a4000-a54a5000 rwxp a54a4000 00:00 0 
a54a5000-a54a6000 rw-p a54a5000 00:00 0 
a54a6000-a54aa000 rwxp a54a6000 00:00 0 
a54aa000-a54b7000 rw-p a54aa000 00:00 0 
a54b7000-a54b8000 rwxp a54b7000 00:00 0 
a54b8000-a54b9000 rw-p a54b8000 00:00 0 
a5539000-a5550000 rw-p a5539000 00:00 0 
a5550000-a5551000 rwxp a5550000 00:00 0 
a5551000-a555e000 rw-p a5551000 00:00 0 
a555e000-a555f000 rwxp a555e000 00:00 0 
a555f000-a556d000 rw-p a555f000 00:00 0 
a556d000-a556e000 rwxp a556d000 00:00 0 
a556e000-a5585000 rw-p a556e000 00:00 0 
a5585000-a5586000 rwxp a5585000 00:00 0 
a5586000-a55b9000 rw-p a5586000 00:00 0 
a56b9000-a5718000 rw-p a56b9000 00:00 0 
a5718000-a5719000 rwxp a5718000 00:00 0 
a5719000-a5739000 rw-p a5719000 00:00 0 
a5739000-a573a000 rwxp a5739000 00:00 0 
a573a000-a5779000 rw-p a573a000 00:00 0 
a5839000-a583b000 rwxp a5839000 00:00 0 
a583b000-a5845000 rw-p a583b000 00:00 0 
a5845000-a5846000 rwxp a5845000 00:00 0 
a5846000-a5847000 rw-p a5846000 00:00 0 
a5847000-a584a000 rwxp a5847000 00:00 0 
a584a000-a5852000 rw-p a584a000 00:00 0 
a5852000-a5853000 rwxp a5852000 00:00 0 
a5853000-a5854000 rw-p a5853000 00:00 0 
a5854000-a5856000 rwxp a5854000 00:00 0 
a5856000-a5858000 rw-p a5856000 00:00 0 
a5858000-a585a000 rwxp a5858000 00:00 0 
a585a000-a5863000 rw-p a585a000 00:00 0 
a5863000-a5864000 rwxp a5863000 00:00 0 
a5864000-a586c000 rw-p a5864000 00:00 0 
a586c000-a586d000 rwxp a586c000 00:00 0 
a586d000-a586f000 rw-p a586d000 00:00 0 
a586f000-a5870000 rwxp a586f000 00:00 0 
a5870000-a5872000 rw-p a5870000 00:00 0 
a5872000-a5874000 rwxp a5872000 00:00 0 
a5874000-a5875000 rw-p a5874000 00:00 0 
a5875000-a5876000 rwxp a5875000 00:00 0 
a5876000-a5877000 rw-p a5876000 00:00 0 
a5877000-a5879000 rwxp a5877000 00:00 0 
a5879000-a587a000 rw-p a5879000 00:00 0 
a593a000-a5973000 rw-p a593a000 00:00 0 
a5973000-a5974000 rwxp a5973000 00:00 0 
a5974000-a59ab000 rw-p a5974000 00:00 0 
a5a6b000-a5a6f000 rw-p a5a6b000 00:00 0 
a5a6f000-a5a70000 rwxp a5a6f000 00:00 0 
a5a70000-a5a8a000 rw-p a5a70000 00:00 0 
a5a8a000-a5a8b000 rwxp a5a8a000 00:00 0 
a5a8b000-a5a8d000 rw-p a5a8b000 00:00 0 
a5a8d000-a5a8e000 rwxp a5a8d000 00:00 0 
a5a8e000-a5a99000 rw-p a5a8e000 00:00 0 
a5a99000-a5a9a000 rwxp a5a99000 00:00 0 
a5a9a000-a5aa8000 rw-p a5a9a000 00:00 0 
a5aa8000-a5aa9000 rwxp a5aa8000 00:00 0 
a5aa9000-a5aaa000 rw-p a5aa9000 00:00 0 
a5aaa000-a5aab000 rwxp a5aaa000 00:00 0 
a5aab000-a5aac000 rw-p a5aab000 00:00 0 
a5aac000-a5aae000 rwxp a5aac000 00:00 0 
a5aae000-a5ab0000 rw-p a5aae000 00:00 0 
a5ab0000-a5ab2000 rwxp a5ab0000 00:00 0 
a5ab2000-a5ab4000 rw-p a5ab2000 00:00 0 
a5ab4000-a5ab5000 rwxp a5ab4000 00:00 0 
a5ab5000-a5ab6000 rw-p a5ab5000 00:00 0 
a5ab6000-a5ab7000 rwxp a5ab6000 00:00 0 
a5ab7000-a5ab9000 rw-p a5ab7000 00:00 0 
a5ab9000-a5abc000 rwxp a5ab9000 00:00 0 
a5abc000-a5abd000 rw-p a5abc000 00:00 0 
a5abd000-a5abe000 rwxp a5abd000 00:00 0 
a5abe000-a5ac0000 rw-p a5abe000 00:00 0 
a5ac0000-a5ac8000 rwxp a5ac0000 00:00 0 
a5ac8000-a5acc000 rw-p a5ac8000 00:00 0 
a5acc000-a5acd000 rwxp a5acc000 00:00 0 
a5acd000-a5ad0000 rw-p a5acd000 00:00 0 
a5ad0000-a5ad2000 rwxp a5ad0000 00:00 0 
a5ad2000-a5ad6000 rw-p a5ad2000 00:00 0 
a5ad6000-a5adc000 rwxp a5ad6000 00:00 0 
a5adc000-a5ade000 rw-p a5adc000 00:00 0 
a5ade000-a5adf000 rwxp a5ade000 00:00 0 
a5adf000-a5ae2000 rw-p a5adf000 00:00 0 
a5ae2000-a5ae3000 rwxp a5ae2000 00:00 0 
a5ae3000-a5ae5000 rw-p a5ae3000 00:00 0 
a5ae5000-a5aec000 rwxp a5ae5000 00:00 0 
a5aec000-a5aed000 rw-p a5aec000 00:00 0 
a5b38000-a5b39000 rw-p a5b38000 00:00 0 
a5b39000-a5b3a000 rwxp a5b39000 00:00 0 
a5b3a000-a5b3b000 rw-p a5b3a000 00:00 0 
a5b3b000-a5b3c000 rwxp a5b3b000 00:00 0 
a5b3c000-a5b4c000 rw-p a5b3c000 00:00 0 
a5b4c000-a5b4d000 rwxp a5b4c000 00:00 0 
a5b4d000-a5b63000 rw-p a5b4d000 00:00 0 
a5b63000-a5b64000 rwxp a5b63000 00:00 0 
a5b64000-a5b75000 rw-p a5b64000 00:00 0 
a5b75000-a5b76000 rwxp a5b75000 00:00 0 
a5b76000-a5b79000 rw-p a5b76000 00:00 0 
a5bba000-a5bd6000 rw-p a5bba000 00:00 0 
a5bd6000-a5bd7000 rwxp a5bd6000 00:00 0 
a5bd7000-a5be4000 rw-p a5bd7000 00:00 0 
a5be4000-a5be5000 rwxp a5be4000 00:00 0 
a5be5000-a5be6000 rw-p a5be5000 00:00 0 
a5be6000-a5be7000 rwxp a5be6000 00:00 0 
a5be7000-a5bec000 rw-p a5be7000 00:00 0 
a5bec000-a5bed000 rwxp a5bec000 00:00 0 
a5bed000-a5bf7000 rw-p a5bed000 00:00 0 
a5bf7000-a5bf8000 rwxp a5bf7000 00:00 0 
a5bf8000-a5c26000 rw-p a5bf8000 00:00 0 
a5c26000-a5c27000 rwxp a5c26000 00:00 0 
a5c27000-a5c3c000 rw-p a5c27000 00:00 0 
a5c7c000-a5c7d000 rwxp a5c7c000 00:00 0 
a5c7d000-a5c85000 rw-p a5c7d000 00:00 0 
a5c85000-a5c86000 rwxp a5c85000 00:00 0 
a5c86000-a5c8a000 rw-p a5c86000 00:00 0 
a5c8a000-a5c8b000 rwxp a5c8a000 00:00 0 
a5c8b000-a5c97000 rw-p a5c8b000 00:00 0 
a5c97000-a5c98000 rwxp a5c97000 00:00 0 
a5c98000-a5ca5000 rw-p a5c98000 00:00 0 
a5ca5000-a5ca6000 rwxp a5ca5000 00:00 0 
a5ca6000-a5cbb000 rw-p a5ca6000 00:00 0 
a5cbb000-a5cbc000 rwxp a5cbb000 00:00 0 
a5cbc000-a5cbd000 rw-p a5cbc000 00:00 0 
a5cbd000-a5cda000 rwxp a5cbd000 00:00 0 
a5cda000-a5cdf000 rw-p a5cda000 00:00 0 
a5cdf000-a5ce1000 rwxp a5cdf000 00:00 0 
a5ce1000-a5ce2000 rw-p a5ce1000 00:00 0 
a5ce2000-a5ce8000 rwxp a5ce2000 00:00 0 
a5ce8000-a5ce9000 rw-p a5ce8000 00:00 0 
a5ce9000-a5cf0000 rwxp a5ce9000 00:00 0 
a5cf0000-a5cf1000 rw-p a5cf0000 00:00 0 
a5cf1000-a5cf2000 rwxp a5cf1000 00:00 0 
a5cf2000-a5cf3000 rw-p a5cf2000 00:00 0 
a5cf3000-a5cfe000 rwxp a5cf3000 00:00 0 
a5d3e000-a5d47000 rw-p a5d3e000 00:00 0 
a5d47000-a5d48000 rwxp a5d47000 00:00 0 
a5d48000-a5d6a000 rw-p a5d48000 00:00 0 
a5d6a000-a5d6b000 rwxp a5d6a000 00:00 0 
a5d6b000-a5d72000 rw-p a5d6b000 00:00 0 
a5d72000-a5d73000 rwxp a5d72000 00:00 0 
a5d73000-a5d7f000 rw-p a5d73000 00:00 0 
a5dbf000-a5dd6000 rwxp a5dbf000 00:00 0 
a5dd6000-a5dd7000 rw-p a5dd6000 00:00 0 
a5dd7000-a5dd9000 rwxp a5dd7000 00:00 0 
a5dd9000-a5dda000 rw-p a5dd9000 00:00 0 
a5dda000-a5dff000 rwxp a5dda000 00:00 0 
a5dff000-a5e45000 rw-p a5dff000 00:00 0 
a5e45000-a5e46000 rwxp a5e45000 00:00 0 
a5e46000-a5f00000 rw-p a5e46000 00:00 0 
a5f21000-a5f3f000 r--p 00000000 08:06 327699     /usr/share/locale/fr/LC_MESSAGES/libc.mo
a5fbf000-a5ff2000 rw-p a5fbf000 00:00 0 
a5ff2000-a5ff5000 rwxp a5ff2000 00:00 0 
a5ff5000-a5ff6000 rw-p a5ff5000 00:00 0 
a5ff6000-a5ff9000 rwxp a5ff6000 00:00 0 
a5ff9000-a5ffa000 rw-p a5ff9000 00:00 0 
a5ffa000-a5ffb000 rwxp a5ffa000 00:00 0 
a5ffb000-a5ffc000 rw-p a5ffb000 00:00 0 
a5ffc000-a5fff000 rwxp a5ffc000 00:00 0 
a5fff000-a6100000 rw-p a5fff000 00:00 0 
a610e000-a6140000 rw-p a610e000 00:00 0 
a6140000-a615d000 rwxp a6140000 00:00 0 
a615d000-a615e000 rw-p a615d000 00:00 0 
a615e000-a617c000 rwxp a615e000 00:00 0 
a617c000-a6195000 rw-p a617c000 00:00 0 
a6195000-a6196000 rwxp a6195000 00:00 0 
a6196000-a619b000 rw-p a6196000 00:00 0 
a619b000-a619e000 rwxp a619b000 00:00 0 
a619e000-a61a8000 rw-p a619e000 00:00 0 
a61a8000-a61a9000 rwxp a61a8000 00:00 0 
a61a9000-a61af000 rw-p a61a9000 00:00 0 
a61af000-a61b0000 rwxp a61af000 00:00 0 
a61b0000-a61b5000 rw-p a61b0000 00:00 0 
a61b5000-a61b7000 rwxp a61b5000 00:00 0 
a61b7000-a61ba000 rw-p a61b7000 00:00 0 
a61ba000-a61bb000 rwxp a61ba000 00:00 0 
a61bb000-a6300000 rw-p a61bb000 00:00 0 
a6307000-a6319000 rw-p a6307000 00:00 0 
a6319000-a631e000 rwxp a6319000 00:00 0 
a631e000-a631f000 rw-p a631e000 00:00 0 
a631f000-a6320000 rwxp a631f000 00:00 0 
a6320000-a6321000 rw-p a6320000 00:00 0 
a6321000-a6322000 rwxp a6321000 00:00 0 
a6322000-a6323000 rw-p a6322000 00:00 0 
a6323000-a6325000 rwxp a6323000 00:00 0 
a6325000-a632a000 rw-p a6325000 00:00 0 
a632a000-a632b000 rwxp a632a000 00:00 0 
a632b000-a632e000 rw-p a632b000 00:00 0 
a632e000-a632f000 rwxp a632e000 00:00 0 
a632f000-a633a000 rw-p a632f000 00:00 0 
a633a000-a633e000 rwxp a633a000 00:00 0 
a633e000-a6340000 rw-p a633e000 00:00 0 
a6340000-a6341000 rwxp a6340000 00:00 0 
a6341000-a6358000 rw-p a6341000 00:00 0 
a6358000-a635a000 rwxp a6358000 00:00 0 
a635a000-a63a3000 rw-p a635a000 00:00 0 
a63a3000-a63a5000 rwxp a63a3000 00:00 0 
a63a5000-a6466000 rw-p a63a5000 00:00 0 
a6466000-a6467000 rwxp a6466000 00:00 0 
a6467000-a6487000 rw-p a6467000 00:00 0 
a6488000-a6494000 rw-p a6488000 00:00 0 
a6494000-a6495000 rwxp a6494000 00:00 0 
a6495000-a64c8000 rw-p a6495000 00:00 0 
a6508000-a6546000 rw-p a6508000 00:00 0 
a6546000-a6547000 rwxp a6546000 00:00 0 
a6547000-a6548000 rw-p a6547000 00:00 0 
a6549000-a658e000 rw-p a6549000 00:00 0 
a658e000-a658f000 rwxp a658e000 00:00 0 
a658f000-a6592000 rw-p a658f000 00:00 0 
a6592000-a6594000 rwxp a6592000 00:00 0 
a6594000-a66fe000 rw-p a6594000 00:00 0 
a66fe000-a6700000 ---p a66fe000 00:00 0 
a6700000-a6724000 rw-p a6700000 00:00 0 
a6724000-a6725000 rwxp a6724000 00:00 0 
a6725000-a6800000 rw-p a6725000 00:00 0 
a6800000-a68fd000 rw-p a6800000 00:00 0 
a68fd000-a6900000 ---p a68fd000 00:00 0 
a6915000-a691c000 rw-s 00000000 00:06 164003860  /SYSV00000000 (deleted)
a6922000-a6966000 rw-p a6922000 00:00 0 
a6966000-a6968000 rwxp a6966000 00:00 0 
a6968000-a6969000 rw-p a6968000 00:00 0 
a6969000-a696c000 rwxp a6969000 00:00 0 
a696c000-a6970000 rw-p a696c000 00:00 0 
a6970000-a6971000 rwxp a6970000 00:00 0 
a6971000-a6972000 rw-p a6971000 00:00 0 
a6972000-a6975000 rwxp a6972000 00:00 0 
a6975000-a6977000 rw-p a6975000 00:00 0 
a6977000-a6979000 rwxp a6977000 00:00 0 
a6979000-a697a000 rw-p a6979000 00:00 0 
a697a000-a6988000 rwxp a697a000 00:00 0 
a6988000-a6989000 rw-p a6988000 00:00 0 
a6989000-a698a000 rwxp a6989000 00:00 0 
a698a000-a698b000 rw-p a698a000 00:00 0 
a698b000-a698f000 rwxp a698b000 00:00 0 
a698f000-a6990000 rw-p a698f000 00:00 0 
a6990000-a6993000 rwxp a6990000 00:00 0 
a6993000-a6994000 rw-p a6993000 00:00 0 
a6994000-a6997000 rwxp a6994000 00:00 0 
a6997000-a6998000 rw-p a6997000 00:00 0 
a6998000-a699c000 rwxp a6998000 00:00 0 
a699c000-a699d000 rw-p a699c000 00:00 0 
a699d000-a69a0000 rwxp a699d000 00:00 0 
a69a0000-a69a9000 rw-p a69a0000 00:00 0 
a69a9000-a69ab000 rwxp a69a9000 00:00 0 
a69ab000-a69af000 rw-p a69ab000 00:00 0 
a69af000-a69b1000 rwxp a69af000 00:00 0 
a69b1000-a69ba000 rw-p a69b1000 00:00 0 
a69ba000-a69bb000 rwxp a69ba000 00:00 0 
a69bb000-a69c4000 rw-p a69bb000 00:00 0 
a69c4000-a69c9000 rwxp a69c4000 00:00 0 
a69c9000-a69cb000 rw-p a69c9000 00:00 0 
a69cb000-a69d1000 rwxp a69cb000 00:00 0 
a69d1000-a69d4000 rw-p a69d1000 00:00 0 
a69d4000-a69d5000 rwxp a69d4000 00:00 0 
a69d5000-a69d6000 rw-p a69d5000 00:00 0 
a69d6000-a69d9000 rwxp a69d6000 00:00 0 
a69d9000-a69dc000 rw-p a69d9000 00:00 0 
a69dc000-a69e1000 rwxp a69dc000 00:00 0 
a69e1000-a69e2000 rw-p a69e1000 00:00 0 
a69e2000-a6b89000 r--s 00000000 08:05 16982      /usr/local/matlab2007a/java/jarext/xercesImpl.jar
a6b89000-a6ba4000 r--s 00000000 08:05 16983      /usr/local/matlab2007a/java/jarext/xml-apis.jar
a6ba4000-a6c82000 r--s 00000000 08:05 16980      /usr/local/matlab2007a/java/jarext/xalan.jar
a6c82000-a6ca1000 r--s 00000000 08:05 16979      /usr/local/matlab2007a/java/jarext/wsdl4j.jar
a6ca1000-a6d05000 r--s 00000000 08:05 16977      /usr/local/matlab2007a/java/jarext/webrenderer.jar
a6d05000-a6d18000 r--s 00000000 08:05 16976      /usr/local/matlab2007a/java/jarext/vb20.jar
a6d18000-a704f000 r--s 00000000 08:05 16975      /usr/local/matlab2007a/java/jarext/saxon8.jar
a704f000-a7059000 r--s 00000000 08:05 16974      /usr/local/matlab2007a/java/jarext/saxon8-xpath.jar
a7059000-a7064000 r--s 00000000 08:05 16973      /usr/local/matlab2007a/java/jarext/saxon8-dom.jar
a7064000-a70fd000 r--s 00000000 08:05 16971      /usr/local/matlab2007a/java/jarext/saxon.jar
a70fd000-a7102000 r--s 00000000 08:05 16970      /usr/local/matlab2007a/java/jarext/saaj.jar
a7102000-a711c000 r--s 00000000 08:05 16969      /usr/local/matlab2007a/java/jarext/nekohtml.jar
a711c000-a7137000 r--s 00000000 08:05 16968      /usr/local/matlab2007a/java/jarext/mwucarunits.jar
a7137000-a71e4000 r--s 00000000 08:05 16967      /usr/local/matlab2007a/java/jarext/mail.jar
a71e4000-a7247000 r--s 00000000 08:05 16966      /usr/local/matlab2007a/java/jarext/lucene-core-2.0.0.jar
a7247000-a7256000 r--s 00000000 08:05 16965      /usr/local/matlab2007a/java/jarext/lucene-analyzers-2.0.0.jar
a7256000-a7274000 r--s 00000000 08:05 16964      /usr/local/matlab2007a/java/jarext/junit.jar
a7274000-a72fc000 r--s 00000000 08:05 16963      /usr/local/matlab2007a/java/jarext/jide/jide-grids.jar
a72fc000-a731b000 r--s 00000000 08:05 16961      /usr/local/matlab2007a/java/jarext/jide/jide-dialogs.jar
a731b000-a7350000 r--s 00000000 08:05 16960      /usr/local/matlab2007a/java/jarext/jide/jide-designer.jar
a7350000-a7372000 r--s 00000000 08:05 16959      /usr/local/matlab2007a/java/jarext/jide/jide-components.jar
a7372000-a739b000 r--s 00000000 08:05 16962      /usr/local/matlab2007a/java/jarext/jide/jide-dock.jar
a739b000-a74e0000 r--s 00000000 08:05 16958      /usr/local/matlab2007a/java/jarext/jide/jide-common.jar
a74e0000-a7501000 r--s 00000000 08:05 16957      /usr/local/matlab2007a/java/jarext/jide/jide-action.jar
a7501000-a755c000 r--s 00000000 08:05 16955      /usr/local/matlab2007a/java/jarext/jgoodies-looks.jar
a755c000-a7572000 r--s 00000000 08:05 16954      /usr/local/matlab2007a/java/jarext/jgoodies-forms.jar
a7572000-a757a000 r--s 00000000 08:05 16953      /usr/local/matlab2007a/java/jarext/jaxrpc.jar
a757a000-a758a000 r--s 00000000 08:05 16951      /usr/local/matlab2007a/java/jarext/jakarta-oro-2.0.8.jar
a758a000-a7596000 r--s 00000000 08:05 16950      /usr/local/matlab2007a/java/jarext/jaccess-1_4.jar
a7596000-a75bd000 r--s 00000000 08:05 16917      /usr/local/matlab2007a/java/jarext/J2PrinterWorks.jar
a75bd000-a75f8000 r--s 00000000 08:05 16949      /usr/local/matlab2007a/java/jarext/ice/icessl.jar
a75f8000-a75f9000 r--s 00000000 08:05 16948      /usr/local/matlab2007a/java/jarext/ice/ib6xalan.jar
a75f9000-a7611000 r--s 00000000 08:05 16947      /usr/local/matlab2007a/java/jarext/ice/ib6util.jar
a7611000-a7621000 r--s 00000000 08:05 16946      /usr/local/matlab2007a/java/jarext/ice/ib6swing.jar
a7621000-a7669000 r--s 00000000 08:05 16945      /usr/local/matlab2007a/java/jarext/ice/ib6js.jar
a7669000-a766a000 r--s 00000000 08:05 16944      /usr/local/matlab2007a/java/jarext/ice/ib6https.jar
a766a000-a7683000 r--s 00000000 08:05 16943      /usr/local/matlab2007a/java/jarext/ice/ib6http.jar
a7683000-a7697000 r--s 00000000 08:05 16942      /usr/local/matlab2007a/java/jarext/ice/ib6extra.jar
a7697000-a7721000 r--s 00000000 08:05 16941      /usr/local/matlab2007a/java/jarext/ice/ib6core.jar
a7721000-a774e000 r--s 00000000 08:05 16938      /usr/local/matlab2007a/java/jarext/commons-net-1.4.1.jar
a774e000-a7758000 r--s 00000000 08:05 16936      /usr/local/matlab2007a/java/jarext/commons-logging.jar
a7758000-a776a000 r--s 00000000 08:05 16934      /usr/local/matlab2007a/java/jarext/commons-discovery.jar
a776a000-a7779000 r--s 00000000 08:05 16933      /usr/local/matlab2007a/java/jarext/commapi/comm.jar
a7779000-a77b9000 r--s 00000000 08:05 16931      /usr/local/matlab2007a/java/jarext/collections.jar
a77b9000-a77e3000 r--s 00000000 08:05 16930      /usr/local/matlab2007a/java/jarext/batik-svggen.jar
a77e3000-a7972000 r--s 00000000 08:05 16928      /usr/local/matlab2007a/java/jarext/axis.jar
a7972000-a7982000 r--s 00000000 08:05 16926      /usr/local/matlab2007a/java/jarext/avalon.jar
a7982000-a7a7f000 r--s 00000000 08:05 16921      /usr/local/matlab2007a/java/jarext/ant.jar
a7a7f000-a7a9a000 r--s 00000000 08:05 16919      /usr/local/matlab2007a/java/jarext/activation.jar
a7a9a000-a7aa6000 r--s 00000000 08:05 16918      /usr/local/matlab2007a/java/jarext/access-bridge.jar
a7aa6000-a7aaa000 r--s 00000000 08:05 16915      /usr/local/matlab2007a/java/jar/xml.jar
a7aaa000-a7ad2000 r--s 00000000 08:05 16912      /usr/local/matlab2007a/java/jar/toolbox/timeseries.jar
a7ad2000-a7b01000 r--s 00000000 08:05 16911      /usr/local/matlab2007a/java/jar/toolbox/testmeas.jar
a7b01000-a7b1c000 r--s 00000000 08:05 16910      /usr/local/matlab2007a/java/jar/toolbox/rptgencore.jar
a7b1c000-a7b99000 r--s 00000000 08:05 16909      /usr/local/matlab2007a/java/jar/toolbox/matlab/guide.jar
a7b99000-a7ba0000 r--s 00000000 08:05 16908      /usr/local/matlab2007a/java/jar/toolbox/matlab/audiovideo.jar
a7ba0000-a7cd3000 r--s 00000000 08:05 16906      /usr/local/matlab2007a/java/jar/toolbox/instrument.jar
a7cd3000-a7d24000 r--s 00000000 08:05 16905      /usr/local/matlab2007a/java/jar/toolbox/control.jar
a7d24000-a7d2a000 r--s 00000000 08:05 16903      /usr/local/matlab2007a/java/jar/timer.jar
a7d2a000-a7d39000 r--s 00000000 08:05 16902      /usr/local/matlab2007a/java/jar/services.jar
a7d39000-a7de5000 r--s 00000000 08:05 16901      /usr/local/matlab2007a/java/jar/page.jar
a7de5000-a7df6000 r--s 00000000 08:05 16900      /usr/local/matlab2007a/java/jar/org/openide.jar
a7df6000-a7f14000 r--s 00000000 08:05 16899      /usr/local/matlab2007a/java/jar/org/netbeans.jar
a7f14000-a7fd5000 r--s 00000000 08:05 16897      /usr/local/matlab2007a/java/jar/mwt.jar
a7fd5000-a8126000 r--s 00000000 08:05 16896      /usr/local/matlab2007a/java/jar/mwswing.jar
a8126000-a826f000 r--s 00000000 08:05 16895      /usr/local/matlab2007a/java/jar/mlwidgets.jar
a826f000-a8286000 r--s 00000000 08:05 16894      /usr/local/matlab2007a/java/jar/mlwebservices.jar
a8286000-a8295000 r--s 00000000 08:05 16893      /usr/local/matlab2007a/java/jar/mlservices.jar
a8295000-a8414000 r--s 00000000 08:05 16892      /usr/local/matlab2007a/java/jar/mde.jar
a8414000-a844b000 r--s 00000000 08:05 16891      /usr/local/matlab2007a/java/jar/jmi.jar
a844b000-a845a000 r--s 00000000 08:05 16890      /usr/local/matlab2007a/java/jar/instwiz.jar
a845a000-a84a0000 r--s 00000000 08:05 16889      /usr/local/matlab2007a/java/jar/ide.jar
a84a0000-a8549000 r--s 00000000 08:05 16888      /usr/local/matlab2007a/java/jar/ice.jar
a8549000-a85da000 r--s 00000000 08:05 16887      /usr/local/matlab2007a/java/jar/hg.jar
a85da000-a85f5000 r--s 00000000 08:05 16886      /usr/local/matlab2007a/java/jar/beans.jar
a85f5000-a8641000 r--s 00000000 08:05 16885      /usr/local/matlab2007a/java/jar/bde.jar
a8641000-a870f000 r--s 00000000 08:05 16914      /usr/local/matlab2007a/java/jar/widgets.jar
a870f000-a872c000 r--s 00000000 08:05 16913      /usr/local/matlab2007a/java/jar/util.jar
a872c000-a8757000 r--s 00000000 08:05 81987      /usr/local/matlab2007a/sys/java/jre/glnx86/jre1.5.0/lib/ext/sunpkcs11.jar
a8757000-a881a000 r--s 00000000 08:05 81985      /usr/local/matlab2007a/sys/java/jre/glnx86/jre1.5.0/lib/ext/localedata.jar
a881a000-a8840000 r--s 00000000 08:05 81986      /usr/local/matlab2007a/sys/java/jre/glnx86/jre1.5.0/lib/ext/sunjce_provider.jar
a8840000-a9b30000 rwxp a8840000 00:00 0 
a9b30000-aa040000 rwxp a9b30000 00:00 0 
aa040000-ad8c8000 rwxp aa040000 00:00 0 
ad8c8000-ae840000 rwxp ad8c8000 00:00 0 
ae840000-b0140000 rwxp ae840000 00:00 0 
b0140000-b2440000 rwxp b0140000 00:00 0 
b2442000-b2445000 rw-p b2442000 00:00 0 
b2445000-b2447000 r--s 00000000 08:05 81984      /usr/local/matlab2007a/sys/java/jre/glnx86/jre1.5.0/lib/ext/dnsns.jar
b2447000-b2b7f000 rwxp b2447000 00:00 0 
b2b7f000-b4447000 rwxp b2b7f000 00:00 0 
b4447000-b4c65000 r--s 00000000 08:05 81973      /usr/local/matlab2007a/sys/java/jre/glnx86/jre1.5.0/lib/charsets.jar
b4c65000-b4c79000 r--s 00000000 08:05 82105      /usr/local/matlab2007a/sys/java/jre/glnx86/jre1.5.0/lib/jce.jar
b4c79000-b4cf2000 r--s 00000000 08:05 82106      /usr/local/matlab2007a/sys/java/jre/glnx86/jre1.5.0/lib/jsse.jar
b4cf2000-b4d5a000 rw-p b4cf2000 00:00 0 
b4d5a000-b6f15000 r--s 00000000 08:05 82164      /usr/local/matlab2007a/sys/java/jre/glnx86/jre1.5.0/lib/rt.jar
b6f15000-b6f1d000 rw-s 00000000 08:08 16131      /tmp/hsperfdata_nadolski/7112
b6f1d000-b6f1e000 ---p b6f1d000 00:00 0 
b6f1e000-b6f1f000 rw-p b6f1e000 00:00 0 
b6f1f000-b6f48000 rwxp b6f1f000 00:00 0 
b6f48000-b6f4a000 rw-p b6f48000 00:00 0 
b6f4a000-b6f4b000 rwxp b6f4a000 00:00 0 
b6f4b000-b6f4c000 rw-p b6f4b000 00:00 0 
b6f4c000-b6f51000 rwxp b6f4c000 00:00 0 
b6f51000-b6f5f000 rw-p b6f51000 00:00 0 
b6f5f000-b6f61000 rwxp b6f5f000 00:00 0 
b6f61000-b6f63000 rw-p b6f61000 00:00 0 
b6f63000-b6f64000 rwxp b6f63000 00:00 0 
b6f64000-b6f67000 rw-p b6f64000 00:00 0 
b6f67000-b6f6a000 rwxp b6f67000 00:00 0 
b6f6a000-b6f6b000 rw-p b6f6a000 00:00 0 
b6f6b000-b6f6e000 rwxp b6f6b000 00:00 0 
b6f6e000-b6f6f000 rw-p b6f6e000 00:00 0 
b6f6f000-b6f73000 rwxp b6f6f000 00:00 0 
b6f73000-b6f74000 rw-p b6f73000 00:00 0 
b6f74000-b6f75000 rwxp b6f74000 00:00 0 
b6f75000-b6f76000 rw-p b6f75000 00:00 0 
b6f76000-b6f7a000 rwxp b6f76000 00:00 0 
b6f7a000-b6f7c000 rw-p b6f7a000 00:00 0 
b6f7c000-b6f7f000 rwxp b6f7c000 00:00 0 
b6f7f000-b6fcf000 rw-p b6f7f000 00:00 0 
b6fcf000-b6fd0000 rwxp b6fcf000 00:00 0 
b6fd0000-b6fd4000 rw-p b6fd0000 00:00 0 
b6fd4000-b6fd5000 rwxp b6fd4000 00:00 0 
b6fd5000-b6fe0000 rw-p b6fd5000 00:00 0 
b6fe0000-b6fe6000 r--s 00000000 08:06 327956     /usr/lib/gconv/gconv-modules.cache
b6fe7000-b6ff7000 rw-p b6fe7000 00:00 0 
b6ff7000-b6ff8000 rwxp b6ff7000 00:00 0 
b6ff8000-b706b000 rw-p b6ff8000 00:00 0 
b706b000-b706d000 rwxp b706b000 00:00 0 
b706d000-b706f000 rw-p b706d000 00:00 0 
b706f000-b7070000 rwxp b706f000 00:00 0 
b7070000-b7072000 rw-p b7070000 00:00 0 
b7072000-b7074000 rwxp b7072000 00:00 0 
b7074000-b7076000 rw-p b7074000 00:00 0 
b7076000-b707c000 rwxp b7076000 00:00 0 
b707c000-b707f000 rw-p b707c000 00:00 0 
b707f000-b7081000 rwxp b707f000 00:00 0 
b7081000-b7091000 rw-p b7081000 00:00 0 
b7091000-b7092000 rwxp b7091000 00:00 0 
b7092000-b70af000 rw-p b7092000 00:00 0 
b70af000-b70b1000 rwxp b70af000 00:00 0 
b70b1000-b70b2000 rw-p b70b1000 00:00 0 
b70b2000-b70b4000 rwxp b70b2000 00:00 0 
b70b4000-b70b5000 rw-p b70b4000 00:00 0 
b70b5000-b70bb000 rwxp b70b5000 00:00 0 
b70bb000-b70bc000 rw-p b70bb000 00:00 0 
b70bc000-b70c2000 rwxp b70bc000 00:00 0 
b70c2000-b70c6000 rw-p b70c2000 00:00 0 
b70c6000-b70c7000 rwxp b70c6000 00:00 0 
b70c7000-b70c8000 rw-p b70c7000 00:00 0 
b70c8000-b70ca000 rwxp b70c8000 00:00 0 
b70ca000-b70cc000 rw-p b70ca000 00:00 0 
b70cc000-b70cd000 rwxp b70cc000 00:00 0 
b70cd000-b70d0000 rw-p b70cd000 00:00 0 
b70d0000-b70d2000 rwxp b70d0000 00:00 0 
b70d2000-b70d3000 rw-p b70d2000 00:00 0 
b70d3000-b70d8000 rwxp b70d3000 00:00 0 
b70d8000-b70d9000 rw-p b70d8000 00:00 0 
b70d9000-b70da000 rwxp b70d9000 00:00 0 
b70da000-b70dc000 rw-p b70da000 00:00 0 
b70dc000-b70dd000 rwxp b70dc000 00:00 0 
b70dd000-b70df000 rw-p b70dd000 00:00 0 
b70df000-b70e4000 rwxp b70df000 00:00 0 
b70e4000-b70e5000 rw-p b70e4000 00:00 0 
b70e5000-b70e7000 rwxp b70e5000 00:00 0 
b70e7000-b70e8000 rw-p b70e7000 00:00 0 
b70e8000-b70eb000 rwxp b70e8000 00:00 0 
b70eb000-b70ec000 rw-p b70eb000 00:00 0 
b70ec000-b70f1000 rwxp b70ec000 00:00 0 
b70f1000-b70f2000 rw-p b70f1000 00:00 0 
b70f2000-b7106000 rwxp b70f2000 00:00 0 
b7106000-b7107000 rw-p b7106000 00:00 0 
b7107000-b7121000 rwxp b7107000 00:00 0 
b7121000-b7122000 rw-p b7121000 00:00 0 
b7122000-b7123000 rwxp b7122000 00:00 0 
b7123000-b7124000 rw-p b7123000 00:00 0 
b7124000-b7126000 rwxp b7124000 00:00 0 
b7126000-b7168000 rw-p b7126000 00:00 0 
b7168000-b7368000 r--p 00000000 08:06 298128     /usr/lib/locale/locale-archive
b7368000-b738c000 rw-p b7368000 00:00 0 
b738c000-b738d000 rwxp b738c000 00:00 0 
b738d000-b7390000 rw-p b738d000 00:00 0 
b7390000-b7391000 rwxp b7390000 00:00 0 
b7391000-b7395000 rw-p b7391000 00:00 0 
b7395000-b7397000 rwxp b7395000 00:00 0 
b7397000-b739d000 rw-p b7397000 00:00 0 
b739d000-b739e000 rwxp b739d000 00:00 0 
b739e000-b739f000 rw-p b739e000 00:00 0 
b739f000-b73a0000 rwxp b739f000 00:00 0 
b73a0000-b73a3000 rw-p b73a0000 00:00 0 
b73a3000-b73a4000 rwxp b73a3000 00:00 0 
b73a4000-b73e4000 rw-p b73a4000 00:00 0 
b73e4000-b73e6000 rwxp b73e4000 00:00 0 
b73e6000-b742e000 rw-p b73e6000 00:00 0 
b742e000-b742f000 rwxp b742e000 00:00 0 
b742f000-b7433000 rw-p b742f000 00:00 0 
b7433000-b7437000 rwxp b7433000 00:00 0 
b7437000-b7439000 rw-p b7437000 00:00 0 
b7439000-b743f000 rwxp b7439000 00:00 0 
b743f000-b7440000 rw-p b743f000 00:00 0 
b7440000-b7441000 rwxp b7440000 00:00 0 
b7441000-b7442000 rw-p b7441000 00:00 0 
b7442000-b7443000 rwxp b7442000 00:00 0 
b7443000-b7444000 rw-p b7443000 00:00 0 
b7444000-b7445000 rwxp b7444000 00:00 0 
b7445000-b7447000 rw-p b7445000 00:00 0 
b7447000-b7449000 rwxp b7447000 00:00 0 
b7449000-b744b000 rw-p b7449000 00:00 0 
b744b000-b744c000 rwxp b744b000 00:00 0 
b744c000-b7459000 rw-p b744c000 00:00 0 
b7459000-b745a000 rwxp b7459000 00:00 0 
b745a000-b745b000 rw-p b745a000 00:00 0 
b745b000-b745c000 rwxp b745b000 00:00 0 
b745c000-b7460000 rw-p b745c000 00:00 0 
b7460000-b7461000 rwxp b7460000 00:00 0 
b7461000-b7463000 rw-p b7461000 00:00 0 
b7463000-b7466000 rwxp b7463000 00:00 0 
b7466000-b7468000 rw-p b7466000 00:00 0 
b7468000-b7469000 rwxp b7468000 00:00 0 
b7469000-b748d000 rw-p b7469000 00:00 0 
b748d000-b748f000 rwxp b748d000 00:00 0 
b748f000-b7496000 rw-p b748f000 00:00 0 
b7496000-b7497000 rwxp b7496000 00:00 0 
b7497000-b74a8000 rw-p b7497000 00:00 0 
b74a8000-b74a9000 rwxp b74a8000 00:00 0 
b74a9000-b762f000 rw-p b74a9000 00:00 0 
b762f000-b7f81000 r--s 00000000 08:05 32787      /usr/local/matlab2007a/bin/glnx86/icudt32l.dat
b7f81000-b7f91000 rw-p b7f81000 00:00 0 
b7fa7000-b7fa9000 rw-p b7fa7000 00:00 0 
bfd12000-bfd15000 ---p bfd12000 00:00 0 
bfd15000-bff12000 rwxp bfd15000 00:00 0 
bff12000-c0000000 rw-p bff12000 00:00 0 
ffffe000-fffff000 ---p 00000000 00:00 0 

VM Arguments:
jvm_args: -Xms64m -XX:NewRatio=3 -XX:MaxPermSize=32M -Xmx96m -Djava.util.prefs.PreferencesFactory=com.mathworks.util.DisabledPreferencesFactory -XX:+AllowUserSignalHandlers -Djava.library.path=/usr/local/matlab2007a/bin/glnx86 vfprintf abort
java_command: <unknown>

Environment Variables:
JAVA_HOME=/usr/java/j2re1.5.0_11/
PATH=/usr/NX/bin:/usr/local/tango-soleil/tango/bin:/usr/java/j2sdk/bin:/usr/java/j2re/bin:/usr/share/texmf/tex4ht/base/unix:/usr/NX/bin:/usr/local/tango-soleil/tango/bin:/usr/java/j2sdk/bin:/usr/java/j2re/bin:/usr/kerberos/bin:/usr/local/bin:/usr/bin:/bin:/usr/X11R6/bin:/usr/NX/bin:/usr/sbin:.:/home/nadolski/bin:/sbin:/opt/openoffice.org2.0/program/:/usr/local/tango/tango/bin:/usr/java/jre1.5.0_06/bin:/opt/intel/compiler70/ia32/bin:/usr/NX/bin
LD_LIBRARY_PATH=/usr/local/matlab2007a/sys/os/glnx86:/usr/local/matlab2007a/bin/glnx86:/usr/local/matlab2007a/extern/lib/glnx86:/usr/local/matlab2007a/sys/java/jre/glnx86/jre1.5.0/lib/i386/native_threads:/usr/local/matlab2007a/sys/java/jre/glnx86/jre1.5.0/lib/i386/client:/usr/local/matlab2007a/sys/java/jre/glnx86/jre1.5.0/lib/i386::/usr/local/tango-soleil/tango/lib:/usr/local/tango-soleil/omniorb/lib:/usr/local/tango-soleil/bindings/python/python23:/usr/local/tango-soleil/bindings/python/python22
SHELL=/bin/bash
DISPLAY=:0.0
ARCH=glnx86


---------------  S Y S T E M  ---------------

OS:CentOS release 4.4 (Final)

uname:Linux 2.6.9-34.0.2.ELsmp #1 SMP Fri Jul 7 10:16:56 CDT 2006 i686
libc:glibc 2.3.4 NPTL 2.3.4 
rlimit: STACK 10240k, CORE 0k, NPROC 32744, NOFILE 1024, AS infinity
load average:0.76 0.29 0.21

CPU:total 2 family 6, cmov, cx8, fxsr, mmx, sse, sse2, ht

Memory: 4k page, physical 506k(26k free), swap 1023k(1023k free)

vm_info: Java HotSpot(TM) Client VM (1.5.0-b64) for linux-x86, built on Sep 15 2004 03:56:41 by java_re with gcc 3.2.1-7a (J2SE release)

