#
# An unexpected error has been detected by HotSpot Virtual Machine:
#
#  Internal Error (53484152454432554E54494D450E43505001A1), pid=20710, tid=28429216
#
# Java VM: Java HotSpot(TM) Client VM (1.5.0-b64 mixed mode)

---------------  T H R E A D  ---------------

Current thread (0x0a1b47c0):  JavaThread "Finalizer" daemon [_thread_in_Java, id=20757]

Stack: [0x01a9c000,0x01b1d000),  sp=0x0a140374,  free space=137872k
Native frames: (J=compiled Java code, j=interpreted, Vv=VM code, C=native code)
V  [libjvm.so+0x2dcf73]
V  [libjvm.so+0x119d6c]
V  [libjvm.so+0x285854]
V  [libjvm.so+0x258d7c]
C  [libmwjmi.so+0x1aec4]
C  [libmwservices.so+0x7399c]  _Z28svRunFirstCrackSignalHandleriP7siginfoPv+0x2c
C  [libmwmcr.so+0x26b91]


---------------  P R O C E S S  ---------------

Java Threads: ( => current thread )
  0xa55ead20 JavaThread "Thread-32" [_thread_blocked, id=28884]
  0xa65ba800 JavaThread "Thread-31" [_thread_blocked, id=25109]
  0xa5b66a38 JavaThread "Prefs Updater" [_thread_blocked, id=25108]
  0xa63f1ab8 JavaThread "Timer-8" [_thread_blocked, id=23309]
  0xa5441cc8 JavaThread "Thread-14" [_thread_blocked, id=20791]
  0xa676a3b0 JavaThread "Active Reference Queue Daemon" daemon [_thread_blocked, id=20776]
  0xa6757638 JavaThread "Timer-1" daemon [_thread_blocked, id=20775]
  0x0a8277a0 JavaThread "TimerQueue" daemon [_thread_blocked, id=20772]
  0xa67005b8 JavaThread "AWT-EventQueue-0" [_thread_in_Java, id=20766]
  0xa6702590 JavaThread "AWT-Shutdown" [_thread_blocked, id=20765]
  0x0a784c50 JavaThread "AWT-XAWT" daemon [_thread_in_native, id=20764]
  0x0a77c4e0 JavaThread "Java2D Disposer" daemon [_thread_blocked, id=20763]
  0x0a2f2450 JavaThread "Timer-0" [_thread_blocked, id=20762]
  0x0a1c0d50 JavaThread "Low Memory Detector" daemon [_thread_blocked, id=20760]
  0x0a1bf7b0 JavaThread "CompilerThread0" daemon [_thread_blocked, id=20759]
  0x0a1be8f8 JavaThread "Signal Dispatcher" daemon [_thread_blocked, id=20758]
=>0x0a1b47c0 JavaThread "Finalizer" daemon [_thread_in_Java, id=20757]
  0x0a1b3aa8 JavaThread "Reference Handler" daemon [_thread_blocked, id=20756]
  0x0a1583b8 JavaThread "main" [_thread_blocked, id=20710]

Other Threads:
  0x0a1af7a8 VMThread [id=20755]
  0x0a1c2230 WatcherThread [id=20761]

VM state:not at safepoint (normal execution)

VM Mutex/Monitor currently owned by a thread: None

Heap
 def new generation   total 14848K, used 699K [0xa8760000, 0xa9770000, 0xa9f60000)
  eden space 13248K,   1% used [0xa8760000, 0xa879bb50, 0xa9450000)
  from space 1600K,  28% used [0xa95e0000, 0xa9653398, 0xa9770000)
  to   space 1600K,   0% used [0xa9450000, 0xa9450000, 0xa95e0000)
 tenured generation   total 49152K, used 12681K [0xa9f60000, 0xacf60000, 0xae760000)
   the space 49152K,  25% used [0xa9f60000, 0xaabc27a8, 0xaabc2800, 0xacf60000)
 compacting perm gen  total 23040K, used 22896K [0xae760000, 0xafde0000, 0xb0760000)
   the space 23040K,  99% used [0xae760000, 0xafdbc1a0, 0xafdbc200, 0xafde0000)
No shared spaces configured.

Dynamic libraries:
00111000-0016a000 r-xp 00000000 00:13 353021     /usr/Local/matlabR2007a/bin/glnx86/libmx.so
0016a000-00172000 rw-p 00059000 00:13 353021     /usr/Local/matlabR2007a/bin/glnx86/libmx.so
00172000-0019c000 r-xp 00000000 00:13 352989     /usr/Local/matlabR2007a/bin/glnx86/libmwmcr.so
0019c000-001a1000 rw-p 00029000 00:13 352989     /usr/Local/matlabR2007a/bin/glnx86/libmwmcr.so
001a1000-001a6000 rw-p 001a1000 00:00 0 
001a6000-001b4000 r-xp 00000000 fd:00 6144915    /lib/tls/libpthread-2.3.4.so
001b4000-001b5000 r--p 0000d000 fd:00 6144915    /lib/tls/libpthread-2.3.4.so
001b5000-001b6000 rw-p 0000e000 fd:00 6144915    /lib/tls/libpthread-2.3.4.so
001b6000-001b8000 rw-p 001b6000 00:00 0 
001b8000-00277000 r-xp 00000000 00:13 355799     /usr/Local/matlabR2007a/sys/os/glnx86/libstdc++.so.6.0.8
00277000-00290000 rw-p 000bf000 00:13 355799     /usr/Local/matlabR2007a/sys/os/glnx86/libstdc++.so.6.0.8
00290000-00295000 rw-p 00290000 00:00 0 
00295000-00296000 r-xp 00000000 00:13 352898     /usr/Local/matlabR2007a/bin/glnx86/libicudata.so.32.0
00296000-00297000 rw-p 00000000 00:13 352898     /usr/Local/matlabR2007a/bin/glnx86/libicudata.so.32.0
00297000-002a1000 r-xp 00000000 00:13 352902     /usr/Local/matlabR2007a/bin/glnx86/libicuio.so.32.0
002a1000-002a2000 rw-p 00009000 00:13 352902     /usr/Local/matlabR2007a/bin/glnx86/libicuio.so.32.0
002a2000-002b0000 r-xp 00000000 00:13 353053     /usr/Local/matlabR2007a/bin/glnx86/libz.so.1.1.4
002b0000-002b2000 rw-p 0000e000 00:13 353053     /usr/Local/matlabR2007a/bin/glnx86/libz.so.1.1.4
002b2000-00323000 r-xp 00000000 00:13 352981     /usr/Local/matlabR2007a/bin/glnx86/libmwmathutil.so
00323000-00328000 rw-p 00070000 00:13 352981     /usr/Local/matlabR2007a/bin/glnx86/libmwmathutil.so
00328000-00333000 r-xp 00000000 00:13 352909     /usr/Local/matlabR2007a/bin/glnx86/libmex.so
00333000-00335000 rw-p 0000b000 00:13 352909     /usr/Local/matlabR2007a/bin/glnx86/libmex.so
00335000-00339000 r-xp 00000000 00:13 353013     /usr/Local/matlabR2007a/bin/glnx86/libmwuinone.so
00339000-0033a000 rw-p 00004000 00:13 353013     /usr/Local/matlabR2007a/bin/glnx86/libmwuinone.so
0033a000-00477000 r-xp 00000000 00:13 353005     /usr/Local/matlabR2007a/bin/glnx86/libmwservices.so
00477000-00491000 rw-p 0013d000 00:13 353005     /usr/Local/matlabR2007a/bin/glnx86/libmwservices.so
00491000-004a6000 rw-p 00491000 00:00 0 
004a6000-004bb000 r-xp 00000000 00:13 352995     /usr/Local/matlabR2007a/bin/glnx86/libmwmpath.so
004bb000-004be000 rw-p 00015000 00:13 352995     /usr/Local/matlabR2007a/bin/glnx86/libmwmpath.so
004be000-004c0000 rw-p 004be000 00:00 0 
004c0000-004d9000 r-xp 00000000 00:13 352907     /usr/Local/matlabR2007a/bin/glnx86/libmat.so
004d9000-004dd000 rw-p 00019000 00:13 352907     /usr/Local/matlabR2007a/bin/glnx86/libmat.so
004dd000-004df000 r-xp 00000000 00:13 353059     /usr/Local/matlabR2007a/bin/glnx86/mklcompat.so
004df000-004e0000 rw-p 00001000 00:13 353059     /usr/Local/matlabR2007a/bin/glnx86/mklcompat.so
004e0000-004f2000 r-xp 00000000 00:13 352915     /usr/Local/matlabR2007a/bin/glnx86/libmwbridge.so
004f2000-004f6000 rw-p 00012000 00:13 352915     /usr/Local/matlabR2007a/bin/glnx86/libmwbridge.so
004f6000-004fb000 rw-p 004f6000 00:00 0 
004fb000-005d1000 r-xp 00000000 00:13 352905     /usr/Local/matlabR2007a/bin/glnx86/libicuuc.so.32.0
005d1000-005d8000 rw-p 000d6000 00:13 352905     /usr/Local/matlabR2007a/bin/glnx86/libicuuc.so.32.0
005d8000-00610000 r-xp 00000000 fd:00 3247518    /usr/lib/libncurses.so.5.4
00610000-00618000 rw-p 00038000 fd:00 3247518    /usr/lib/libncurses.so.5.4
00618000-00619000 rw-p 00618000 00:00 0 
00619000-0061f000 r-xp 00000000 00:13 352979     /usr/Local/matlabR2007a/bin/glnx86/libmwmathrng.so
0061f000-00620000 rw-p 00005000 00:13 352979     /usr/Local/matlabR2007a/bin/glnx86/libmwmathrng.so
00620000-00621000 rw-p 00620000 00:00 0 
00621000-00628000 r-xp 00000000 fd:00 3259694    /usr/X11R6/lib/libXp.so.6.2
00628000-00629000 rw-p 00006000 fd:00 3259694    /usr/X11R6/lib/libXp.so.6.2
00629000-0062a000 r--p 00629000 00:00 0 
0062a000-00634000 r-xp 00000000 00:13 355795     /usr/Local/matlabR2007a/sys/os/glnx86/libgcc_s.so.1
00634000-00635000 rw-p 00009000 00:13 355795     /usr/Local/matlabR2007a/sys/os/glnx86/libgcc_s.so.1
00635000-00648000 r-xp 00000000 00:13 352939     /usr/Local/matlabR2007a/bin/glnx86/libmwdatasvcs.so
00648000-0064c000 rw-p 00012000 00:13 352939     /usr/Local/matlabR2007a/bin/glnx86/libmwdatasvcs.so
0064c000-00655000 r-xp 00000000 00:13 352991     /usr/Local/matlabR2007a/bin/glnx86/libmwmlib.so
00655000-00656000 rw-p 00009000 00:13 352991     /usr/Local/matlabR2007a/bin/glnx86/libmwmlib.so
00656000-00660000 r-xp 00000000 00:13 352879     /usr/Local/matlabR2007a/bin/glnx86/libboost_thread-gcc-mt-1_33_1.so.1.33.1
00660000-00662000 rw-p 00009000 00:13 352879     /usr/Local/matlabR2007a/bin/glnx86/libboost_thread-gcc-mt-1_33_1.so.1.33.1
00662000-006fe000 r-xp 00000000 00:13 353047     /usr/Local/matlabR2007a/bin/glnx86/libut.so
006fe000-00713000 rw-p 0009c000 00:13 353047     /usr/Local/matlabR2007a/bin/glnx86/libut.so
00713000-00744000 rw-p 00713000 00:00 0 
00744000-00863000 r-xp 00000000 00:13 352899     /usr/Local/matlabR2007a/bin/glnx86/libicui18n.so.32.0
00863000-00868000 rw-p 0011e000 00:13 352899     /usr/Local/matlabR2007a/bin/glnx86/libicui18n.so.32.0
00868000-008ee000 r-xp 00000000 00:13 353009     /usr/Local/matlabR2007a/bin/glnx86/libmwudd.so
008ee000-0090e000 rw-p 00085000 00:13 353009     /usr/Local/matlabR2007a/bin/glnx86/libmwudd.so
0090e000-00911000 rw-p 0090e000 00:00 0 
00911000-00964000 r-xp 00000000 00:13 353011     /usr/Local/matlabR2007a/bin/glnx86/libmwudd_mi.so
00964000-00972000 rw-p 00053000 00:13 353011     /usr/Local/matlabR2007a/bin/glnx86/libmwudd_mi.so
00972000-00973000 rw-p 00972000 00:00 0 
00973000-0098c000 r-xp 00000000 00:13 353001     /usr/Local/matlabR2007a/bin/glnx86/libmwprofiler.so
0098c000-0098f000 rw-p 00019000 00:13 353001     /usr/Local/matlabR2007a/bin/glnx86/libmwprofiler.so
0098f000-009a1000 r-xp 00000000 00:13 352977     /usr/Local/matlabR2007a/bin/glnx86/libmwm_pcodeio.so
009a1000-009a3000 rw-p 00012000 00:13 352977     /usr/Local/matlabR2007a/bin/glnx86/libmwm_pcodeio.so
009a3000-009a9000 r-xp 00000000 00:13 352923     /usr/Local/matlabR2007a/bin/glnx86/libmwcolamd.so
009a9000-009aa000 rw-p 00006000 00:13 352923     /usr/Local/matlabR2007a/bin/glnx86/libmwcolamd.so
009aa000-009ab000 r-xp 00000000 fd:00 3359987    /usr/X11R6/lib/X11/locale/lib/common/xlcUTF8Load.so.2
009ab000-009ac000 rw-p 00000000 fd:00 3359987    /usr/X11R6/lib/X11/locale/lib/common/xlcUTF8Load.so.2
009ac000-009ad000 r-xp 00000000 00:18 627879     /home/matlabML/at/simulator/element/IdentityPass.mexglx
009ad000-009ae000 rw-p 00000000 00:18 627879     /home/matlabML/at/simulator/element/IdentityPass.mexglx
009ae000-009b6000 r-xp 00000000 fd:00 6144896    /lib/tls/librt-2.3.4.so
009b6000-009b7000 r--p 00007000 fd:00 6144896    /lib/tls/librt-2.3.4.so
009b7000-009b8000 rw-p 00008000 fd:00 6144896    /lib/tls/librt-2.3.4.so
009b8000-009c2000 rw-p 009b8000 00:00 0 
009c2000-00ab7000 r-xp 00000000 00:13 352987     /usr/Local/matlabR2007a/bin/glnx86/libmwmcos.so
00ab7000-00ae7000 rw-p 000f5000 00:13 352987     /usr/Local/matlabR2007a/bin/glnx86/libmwmcos.so
00ae7000-00afe000 r-xp 00000000 00:13 352975     /usr/Local/matlabR2007a/bin/glnx86/libmwm_pcodegen.so
00afe000-00b01000 rw-p 00016000 00:13 352975     /usr/Local/matlabR2007a/bin/glnx86/libmwm_pcodegen.so
00b01000-00b0f000 r-xp 00000000 00:13 352878     /usr/Local/matlabR2007a/bin/glnx86/libboost_filesystem-gcc-mt-1_33_1.so.1.33.1
00b0f000-00b11000 rw-p 0000e000 00:13 352878     /usr/Local/matlabR2007a/bin/glnx86/libboost_filesystem-gcc-mt-1_33_1.so.1.33.1
00b11000-00b1e000 r-xp 00000000 fd:00 3254854    /usr/X11R6/lib/libXext.so.6.4
00b1e000-00b1f000 rw-p 0000c000 fd:00 3254854    /usr/X11R6/lib/libXext.so.6.4
00b1f000-00b25000 r-xp 00000000 00:13 354864     /usr/Local/matlabR2007a/sys/java/jre/glnx86/jre1.5.0/lib/i386/native_threads/libhpi.so
00b25000-00b26000 rw-p 00006000 00:13 354864     /usr/Local/matlabR2007a/sys/java/jre/glnx86/jre1.5.0/lib/i386/native_threads/libhpi.so
00b26000-00b3c000 r-xp 00000000 fd:00 6144911    /lib/ld-2.3.4.so
00b3c000-00b3d000 r--p 00015000 fd:00 6144911    /lib/ld-2.3.4.so
00b3d000-00b3e000 rw-p 00016000 fd:00 6144911    /lib/ld-2.3.4.so
00b3e000-00b3f000 r-xp 00000000 00:18 627863     /home/matlabML/at/simulator/element/AperturePass.mexglx
00b3f000-00b40000 rw-p 00000000 00:18 627863     /home/matlabML/at/simulator/element/AperturePass.mexglx
00b40000-00c66000 r-xp 00000000 fd:00 6144912    /lib/tls/libc-2.3.4.so
00c66000-00c68000 r--p 00125000 fd:00 6144912    /lib/tls/libc-2.3.4.so
00c68000-00c6a000 rw-p 00127000 fd:00 6144912    /lib/tls/libc-2.3.4.so
00c6a000-00c6c000 rw-p 00c6a000 00:00 0 
00c6c000-00c6d000 r-xp 00000000 00:18 627875     /home/matlabML/at/simulator/element/DriftPass.mexglx
00c6d000-00c6e000 rw-p 00000000 00:18 627875     /home/matlabML/at/simulator/element/DriftPass.mexglx
00c6e000-00c8f000 r-xp 00000000 fd:00 6144913    /lib/tls/libm-2.3.4.so
00c8f000-00c90000 r--p 00020000 fd:00 6144913    /lib/tls/libm-2.3.4.so
00c90000-00c91000 rw-p 00021000 fd:00 6144913    /lib/tls/libm-2.3.4.so
00c91000-00c92000 r-xp 00000000 00:18 627873     /home/matlabML/at/simulator/element/CorrectorPass.mexglx
00c92000-00c93000 rw-p 00001000 00:18 627873     /home/matlabML/at/simulator/element/CorrectorPass.mexglx
00c93000-00c95000 r-xp 00000000 fd:00 6144914    /lib/libdl-2.3.4.so
00c95000-00c96000 r--p 00001000 fd:00 6144914    /lib/libdl-2.3.4.so
00c96000-00c97000 rw-p 00002000 fd:00 6144914    /lib/libdl-2.3.4.so
00c97000-00cd1000 r-xp 00000000 00:13 352971     /usr/Local/matlabR2007a/bin/glnx86/libmwm_ir.so
00cd1000-00cda000 rw-p 00039000 00:13 352971     /usr/Local/matlabR2007a/bin/glnx86/libmwm_ir.so
00cda000-00cdc000 r-xp 00000000 00:13 353027     /usr/Local/matlabR2007a/bin/glnx86/libnativejava.so
00cdc000-00cdd000 rw-p 00001000 00:13 353027     /usr/Local/matlabR2007a/bin/glnx86/libnativejava.so
00cdd000-00cdf000 r-xp 00000000 00:13 353035     /usr/Local/matlabR2007a/bin/glnx86/libnativeservices.so
00cdf000-00ce0000 rw-p 00001000 00:13 353035     /usr/Local/matlabR2007a/bin/glnx86/libnativeservices.so
00ce1000-00cea000 r-xp 00000000 00:13 352957     /usr/Local/matlabR2007a/bin/glnx86/libmwiqm.so
00cea000-00cec000 rw-p 00008000 00:13 352957     /usr/Local/matlabR2007a/bin/glnx86/libmwiqm.so
00cec000-00d15000 r-xp 00000000 00:13 352951     /usr/Local/matlabR2007a/bin/glnx86/libmwhardcopy.so
00d15000-00d19000 rw-p 00028000 00:13 352951     /usr/Local/matlabR2007a/bin/glnx86/libmwhardcopy.so
00d19000-00d20000 r-xp 00000000 00:13 352911     /usr/Local/matlabR2007a/bin/glnx86/libmwamd.so
00d20000-00d21000 rw-p 00006000 00:13 352911     /usr/Local/matlabR2007a/bin/glnx86/libmwamd.so
00d21000-00d29000 r-xp 00000000 fd:00 3251630    /usr/X11R6/lib/libSM.so.6.0
00d29000-00d2a000 rw-p 00007000 fd:00 3251630    /usr/X11R6/lib/libSM.so.6.0
00d2a000-00d33000 r-xp 00000000 fd:00 6144050    /lib/libnss_files-2.3.4.so
00d33000-00d34000 r--p 00008000 fd:00 6144050    /lib/libnss_files-2.3.4.so
00d34000-00d35000 rw-p 00009000 fd:00 6144050    /lib/libnss_files-2.3.4.so
00d35000-00d38000 r-xp 00000000 00:13 353033     /usr/Local/matlabR2007a/bin/glnx86/libnativemlint.so
00d38000-00d39000 rw-p 00002000 00:13 353033     /usr/Local/matlabR2007a/bin/glnx86/libnativemlint.so
00d39000-00d3b000 r-xp 00000000 00:13 353031     /usr/Local/matlabR2007a/bin/glnx86/libnativelex.so
00d3b000-00d3c000 rw-p 00001000 00:13 353031     /usr/Local/matlabR2007a/bin/glnx86/libnativelex.so
00d3c000-00d46000 r-xp 00000000 00:13 352961     /usr/Local/matlabR2007a/bin/glnx86/libmwir_xfmr.so
00d46000-00d47000 rw-p 0000a000 00:13 352961     /usr/Local/matlabR2007a/bin/glnx86/libmwir_xfmr.so
00d47000-00d5c000 r-xp 00000000 fd:00 3260293    /usr/X11R6/lib/libICE.so.6.3
00d5c000-00d5d000 rw-p 00014000 fd:00 3260293    /usr/X11R6/lib/libICE.so.6.3
00d5d000-00d5f000 rw-p 00d5d000 00:00 0 
00d5f000-00d67000 r-xp 00000000 fd:00 3254857    /usr/X11R6/lib/libXcursor.so.1.0.2
00d67000-00d68000 rw-p 00007000 fd:00 3254857    /usr/X11R6/lib/libXcursor.so.1.0.2
00d68000-00d6a000 r-xp 00000000 00:13 364176     /usr/Local/matlabR2007a/toolbox/matlab/datafun/sortrowsc.mexglx
00d6a000-00d6b000 rw-p 00002000 00:13 364176     /usr/Local/matlabR2007a/toolbox/matlab/datafun/sortrowsc.mexglx
00d6b000-00d9e000 r-xp 00000000 00:13 352963     /usr/Local/matlabR2007a/bin/glnx86/libmwjmi.so
00d9e000-00da6000 rw-p 00033000 00:13 352963     /usr/Local/matlabR2007a/bin/glnx86/libmwjmi.so
00da6000-00da7000 rw-p 00da6000 00:00 0 
00da7000-00e44000 r-xp 00000000 00:13 352949     /usr/Local/matlabR2007a/bin/glnx86/libmwgui.so
00e44000-00e85000 rw-p 0009d000 00:13 352949     /usr/Local/matlabR2007a/bin/glnx86/libmwgui.so
00e85000-00e86000 rw-p 00e85000 00:00 0 
00e86000-00ed3000 r-xp 00000000 fd:00 3252555    /usr/X11R6/lib/libXt.so.6.0
00ed3000-00ed7000 rw-p 0004c000 fd:00 3252555    /usr/X11R6/lib/libXt.so.6.0
00ed7000-00ede000 r-xp 00000000 fd:00 3254855    /usr/X11R6/lib/libXrender.so.1.2.2
00ede000-00edf000 rw-p 00006000 fd:00 3254855    /usr/X11R6/lib/libXrender.so.1.2.2
00edf000-00ef9000 r-xp 00000000 fd:00 3359985    /usr/X11R6/lib/X11/locale/lib/common/ximcp.so.2
00ef9000-00efb000 rw-p 0001a000 fd:00 3359985    /usr/X11R6/lib/X11/locale/lib/common/ximcp.so.2
00efb000-00f06000 r-xp 00000000 00:13 354860     /usr/Local/matlabR2007a/sys/java/jre/glnx86/jre1.5.0/lib/i386/libverify.so
00f06000-00f07000 rw-p 0000b000 00:13 354860     /usr/Local/matlabR2007a/sys/java/jre/glnx86/jre1.5.0/lib/i386/libverify.so
00f07000-00f0d000 r-xp 00000000 00:13 352997     /usr/Local/matlabR2007a/bin/glnx86/libmwmtok.so
00f0d000-00f0e000 rw-p 00006000 00:13 352997     /usr/Local/matlabR2007a/bin/glnx86/libmwmtok.so
00f0e000-00f21000 r-xp 00000000 fd:00 6144922    /lib/libnsl-2.3.4.so
00f21000-00f22000 r--p 00012000 fd:00 6144922    /lib/libnsl-2.3.4.so
00f22000-00f23000 rw-p 00013000 fd:00 6144922    /lib/libnsl-2.3.4.so
00f23000-00f25000 rw-p 00f23000 00:00 0 
00f25000-00f2b000 r-xp 00000000 00:13 354857     /usr/Local/matlabR2007a/sys/java/jre/glnx86/jre1.5.0/lib/i386/libnio.so
00f2b000-00f2c000 rw-p 00005000 00:13 354857     /usr/Local/matlabR2007a/sys/java/jre/glnx86/jre1.5.0/lib/i386/libnio.so
00f2c000-00f2e000 r-xp 00000000 00:18 627964     /home/matlabML/at/simulator/track/atpass.mexglx
00f2e000-00f2f000 rw-p 00001000 00:18 627964     /home/matlabML/at/simulator/track/atpass.mexglx
00f2f000-00f5f000 r-xp 00000000 00:13 353045     /usr/Local/matlabR2007a/bin/glnx86/libuij.so
00f5f000-00f67000 rw-p 0002f000 00:13 353045     /usr/Local/matlabR2007a/bin/glnx86/libuij.so
00f67000-00faa000 r-xp 00000000 00:13 352967     /usr/Local/matlabR2007a/bin/glnx86/libmwm_dispatcher.so
00faa000-00fb2000 rw-p 00042000 00:13 352967     /usr/Local/matlabR2007a/bin/glnx86/libmwm_dispatcher.so
00fb2000-013a8000 r-xp 00000000 00:13 352969     /usr/Local/matlabR2007a/bin/glnx86/libmwm_interpreter.so
013a8000-0146b000 rw-p 003f6000 00:13 352969     /usr/Local/matlabR2007a/bin/glnx86/libmwm_interpreter.so
0146b000-014d9000 rw-p 0146b000 00:00 0 
014d9000-0150c000 r-xp 00000000 00:13 352965     /usr/Local/matlabR2007a/bin/glnx86/libmwlapack.so
0150c000-01511000 rw-p 00032000 00:13 352965     /usr/Local/matlabR2007a/bin/glnx86/libmwlapack.so
01511000-0159f000 r-xp 00000000 00:13 352885     /usr/Local/matlabR2007a/bin/glnx86/libfftw3f.so.3.1.1
0159f000-015a8000 rw-p 0008e000 00:13 352885     /usr/Local/matlabR2007a/bin/glnx86/libfftw3f.so.3.1.1
015a8000-0161e000 r-xp 00000000 00:13 352919     /usr/Local/matlabR2007a/bin/glnx86/libmwcholmod.so
0161e000-01620000 rw-p 00076000 00:13 352919     /usr/Local/matlabR2007a/bin/glnx86/libmwcholmod.so
01620000-01655000 r-xp 00000000 00:13 352892     /usr/Local/matlabR2007a/bin/glnx86/libguide.so
01655000-01659000 rw-p 00034000 00:13 352892     /usr/Local/matlabR2007a/bin/glnx86/libguide.so
01659000-0165e000 rw-p 01659000 00:00 0 
0165e000-016d0000 r-xp 00000000 00:13 355797     /usr/Local/matlabR2007a/sys/os/glnx86/libgfortran.so.1.0.0
016d0000-016d1000 rw-p 00072000 00:13 355797     /usr/Local/matlabR2007a/sys/os/glnx86/libgfortran.so.1.0.0
016d1000-016f2000 r-xp 00000000 00:13 354842     /usr/Local/matlabR2007a/sys/java/jre/glnx86/jre1.5.0/lib/i386/libjava.so
016f2000-016f4000 rw-p 00020000 00:13 354842     /usr/Local/matlabR2007a/sys/java/jre/glnx86/jre1.5.0/lib/i386/libjava.so
016f4000-01704000 rwxp 016f4000 00:00 0 
01704000-01774000 rwxp 01704000 00:00 0 
01774000-0177d000 rwxp 01774000 00:00 0 
0177d000-01780000 rwxp 0177d000 00:00 0 
01780000-01798000 rwxp 01780000 00:00 0 
01798000-017a4000 rwxp 01798000 00:00 0 
017a4000-017b0000 rwxp 017a4000 00:00 0 
017b0000-017be000 rwxp 017b0000 00:00 0 
017be000-017d8000 rwxp 017be000 00:00 0 
017d8000-017e4000 rwxp 017d8000 00:00 0 
017e4000-017f0000 rwxp 017e4000 00:00 0 
017f0000-017f5000 rwxp 017f0000 00:00 0 
017f5000-017f8000 ---p 017f5000 00:00 0 
017f8000-01876000 rwxp 017f8000 00:00 0 
01876000-0188a000 r-xp 00000000 00:13 354856     /usr/Local/matlabR2007a/sys/java/jre/glnx86/jre1.5.0/lib/i386/libnet.so
0188a000-0188b000 rw-p 00013000 00:13 354856     /usr/Local/matlabR2007a/sys/java/jre/glnx86/jre1.5.0/lib/i386/libnet.so
0188b000-0188f000 r-xp 00000000 00:13 353023     /usr/Local/matlabR2007a/bin/glnx86/libnativecmdwin.so
0188f000-01890000 rw-p 00004000 00:13 353023     /usr/Local/matlabR2007a/bin/glnx86/libnativecmdwin.so
01890000-01894000 rw-p 01890000 00:00 0 
01894000-01899000 r-xp 00000000 00:13 1221667    /usr/Local/DistribTango/tango-soleil-linux-10.5.2/bindings/matlab/2007a/mex-file/libomnithread.so.3
01899000-0189a000 rw-p 00004000 00:13 1221667    /usr/Local/DistribTango/tango-soleil-linux-10.5.2/bindings/matlab/2007a/mex-file/libomnithread.so.3
0189a000-0189c000 r-xp 00000000 00:18 627883     /home/matlabML/at/simulator/element/QuadLinearPass.mexglx
0189c000-0189d000 rw-p 00001000 00:18 627883     /home/matlabML/at/simulator/element/QuadLinearPass.mexglx
0189e000-0196b000 r-xp 00000000 00:13 352973     /usr/Local/matlabR2007a/bin/glnx86/libmwm_parser.so
0196b000-01a9c000 rw-p 000cc000 00:13 352973     /usr/Local/matlabR2007a/bin/glnx86/libmwm_parser.so
01a9c000-01a9f000 ---p 01a9c000 00:00 0 
01a9f000-01b1d000 rwxp 01a9f000 00:00 0 
01b1d000-01b20000 ---p 01b1d000 00:00 0 
01b20000-01b9e000 rwxp 01b20000 00:00 0 
01b9e000-01ba1000 ---p 01b9e000 00:00 0 
01ba1000-01c1f000 rwxp 01ba1000 00:00 0 
01c1f000-01c22000 ---p 01c1f000 00:00 0 
01c22000-01ca0000 rwxp 01c22000 00:00 0 
01ca0000-01ca1000 ---p 01ca0000 00:00 0 
01ca1000-01d21000 rwxp 01ca1000 00:00 0 
01d21000-01de7000 r-xp 00000000 00:13 354854     /usr/Local/matlabR2007a/sys/java/jre/glnx86/jre1.5.0/lib/i386/libmlib_image.so
01de7000-01de8000 rw-p 000c5000 00:13 354854     /usr/Local/matlabR2007a/sys/java/jre/glnx86/jre1.5.0/lib/i386/libmlib_image.so
01de8000-01e1d000 r-xp 00000000 00:13 354868     /usr/Local/matlabR2007a/sys/java/jre/glnx86/jre1.5.0/lib/i386/xawt/libmawt.so
01e1d000-01e21000 rw-p 00034000 00:13 354868     /usr/Local/matlabR2007a/sys/java/jre/glnx86/jre1.5.0/lib/i386/xawt/libmawt.so
01e21000-01e24000 ---p 01e21000 00:00 0 
01e24000-01ea2000 rwxp 01e24000 00:00 0 
01ea2000-01ea5000 ---p 01ea2000 00:00 0 
01ea5000-01f23000 rwxp 01ea5000 00:00 0 
01f23000-01f26000 ---p 01f23000 00:00 0 
01f26000-01fa4000 rwxp 01f26000 00:00 0 
01fa4000-01fa7000 rwxp 01fa4000 00:00 0 
01fa7000-02025000 rwxp 01fa7000 00:00 0 
02025000-02028000 rwxp 02025000 00:00 0 
02028000-020a6000 rwxp 02028000 00:00 0 
020a6000-020e1000 r-xp 00000000 00:13 352993     /usr/Local/matlabR2007a/bin/glnx86/libmwmlint.so
020e1000-020ea000 rw-p 0003a000 00:13 352993     /usr/Local/matlabR2007a/bin/glnx86/libmwmlint.so
020ea000-020ed000 ---p 020ea000 00:00 0 
020ed000-0216b000 rwxp 020ed000 00:00 0 
0216b000-02183000 r-xp 00000000 00:13 354833     /usr/Local/matlabR2007a/sys/java/jre/glnx86/jre1.5.0/lib/i386/libdcpr.so
02183000-02196000 rw-p 00018000 00:13 354833     /usr/Local/matlabR2007a/sys/java/jre/glnx86/jre1.5.0/lib/i386/libdcpr.so
02196000-021a2000 r-xp 00000000 00:13 352955     /usr/Local/matlabR2007a/bin/glnx86/libmwhgbuiltins.so
021a2000-021a5000 rw-p 0000b000 00:13 352955     /usr/Local/matlabR2007a/bin/glnx86/libmwhgbuiltins.so
021a5000-021ba000 r-xp 00000000 00:13 1219851    /usr/Local/DistribTango/tango-soleil-linux-10.5.2/bindings/matlab/2007a/mex-file/liblog4tango.so.4
021ba000-021bb000 rw-p 00015000 00:13 1219851    /usr/Local/DistribTango/tango-soleil-linux-10.5.2/bindings/matlab/2007a/mex-file/liblog4tango.so.4
021bb000-023d6000 r-xp 00000000 00:13 352999     /usr/Local/matlabR2007a/bin/glnx86/libmwnumerics.so
023d6000-023ea000 rw-p 0021a000 00:13 352999     /usr/Local/matlabR2007a/bin/glnx86/libmwnumerics.so
023ea000-023eb000 rw-p 023ea000 00:00 0 
023eb000-02d13000 r-xp 00000000 00:13 353058     /usr/Local/matlabR2007a/bin/glnx86/mkl.so
02d13000-02d35000 rw-p 00928000 00:13 353058     /usr/Local/matlabR2007a/bin/glnx86/mkl.so
02d35000-02d43000 rw-p 02d35000 00:00 0 
02d43000-02d44000 ---p 02d43000 00:00 0 
02d44000-03744000 rwxp 02d44000 00:00 0 
03744000-03a63000 r-xp 00000000 00:13 354824     /usr/Local/matlabR2007a/sys/java/jre/glnx86/jre1.5.0/lib/i386/client/libjvm.so
03a63000-03a81000 rw-p 0031e000 00:13 354824     /usr/Local/matlabR2007a/sys/java/jre/glnx86/jre1.5.0/lib/i386/client/libjvm.so
03a81000-03e96000 rw-p 03a81000 00:00 0 
03e96000-03e99000 r-xp 00000000 00:18 627865     /home/matlabML/at/simulator/element/BendLinearPass.mexglx
03e99000-03e9a000 rw-p 00002000 00:18 627865     /home/matlabML/at/simulator/element/BendLinearPass.mexglx
03e9a000-03e9c000 r-xp 00000000 00:13 364172     /usr/Local/matlabR2007a/toolbox/matlab/datafun/sortcellchar.mexglx
03e9c000-03e9d000 rw-p 00001000 00:13 364172     /usr/Local/matlabR2007a/toolbox/matlab/datafun/sortcellchar.mexglx
03e9d000-03ea3000 r-xp 00000000 00:13 365671     /usr/Local/matlabR2007a/toolbox/matlab/graph2d/private/lineseriesmex.mexglx
03ea3000-03ea4000 rw-p 00006000 00:13 365671     /usr/Local/matlabR2007a/toolbox/matlab/graph2d/private/lineseriesmex.mexglx
03ea4000-03ead000 r-xp 00000000 fd:00 3359990    /usr/X11R6/lib/X11/locale/lib/common/xomGeneric.so.2
03ead000-03eae000 rw-p 00008000 fd:00 3359990    /usr/X11R6/lib/X11/locale/lib/common/xomGeneric.so.2
03ece000-0405b000 r-xp 00000000 00:13 355794     /usr/Local/matlabR2007a/sys/os/glnx86/libXm.so.2.1
0405b000-0406f000 rw-p 0018c000 00:13 355794     /usr/Local/matlabR2007a/sys/os/glnx86/libXm.so.2.1
0406f000-04070000 rw-p 0406f000 00:00 0 
04070000-04073000 ---p 04070000 00:00 0 
04073000-040f1000 rwxp 04073000 00:00 0 
040f1000-040f4000 rwxp 040f1000 00:00 0 
040f4000-04172000 rwxp 040f4000 00:00 0 
04174000-04175000 ---p 04174000 00:00 0 
04175000-041f5000 rwxp 04175000 00:00 0 
041f5000-041f8000 ---p 041f5000 00:00 0 
041f8000-04276000 rwxp 041f8000 00:00 0 
04276000-04279000 rwxp 04276000 00:00 0 
04279000-042f7000 rwxp 04279000 00:00 0 
042f7000-042fa000 ---p 042f7000 00:00 0 
042fa000-04378000 rwxp 042fa000 00:00 0 
04378000-04421000 r-xp 00000000 00:13 352917     /usr/Local/matlabR2007a/bin/glnx86/libmwbuiltins.so
04421000-0443a000 rw-p 000a8000 00:13 352917     /usr/Local/matlabR2007a/bin/glnx86/libmwbuiltins.so
0443a000-0443c000 rw-p 0443a000 00:00 0 
0443c000-0443f000 rwxp 0443c000 00:00 0 
0443f000-044bd000 rwxp 0443f000 00:00 0 
044bd000-0459e000 r-xp 00000000 00:13 1221599    /usr/Local/DistribTango/tango-soleil-linux-10.5.2/bindings/matlab/2007a/mex-file/tango_binding.mexglx
0459e000-0459f000 rw-p 000e1000 00:13 1221599    /usr/Local/DistribTango/tango-soleil-linux-10.5.2/bindings/matlab/2007a/mex-file/tango_binding.mexglx
04705000-04767000 r-xp 00000000 00:13 353019     /usr/Local/matlabR2007a/bin/glnx86/libmwxmlcore.so
04767000-04776000 rw-p 00062000 00:13 353019     /usr/Local/matlabR2007a/bin/glnx86/libmwxmlcore.so
04776000-04777000 ---p 04776000 00:00 0 
04777000-05177000 rwxp 04777000 00:00 0 
051ff000-05202000 ---p 051ff000 00:00 0 
05202000-05280000 rwxp 05202000 00:00 0 
052e3000-052e5000 r-xp 00000000 00:18 627887     /home/matlabML/at/simulator/element/StrMPoleSymplectic4Pass.mexglx
052e5000-052e6000 rw-p 00001000 00:18 627887     /home/matlabML/at/simulator/element/StrMPoleSymplectic4Pass.mexglx
05363000-05366000 rwxp 05363000 00:00 0 
05366000-053e4000 rwxp 05366000 00:00 0 
053e6000-053e9000 ---p 053e6000 00:00 0 
053e9000-05467000 rwxp 053e9000 00:00 0 
05467000-055e3000 r-xp 00000000 00:13 1222006    /usr/Local/DistribTango/tango-soleil-linux-10.5.2/bindings/matlab/2007a/mex-file/libomniORB4.so.1
055e3000-055f0000 rw-p 0017c000 00:13 1222006    /usr/Local/DistribTango/tango-soleil-linux-10.5.2/bindings/matlab/2007a/mex-file/libomniORB4.so.1
055f0000-055f1000 rw-p 055f0000 00:00 0 
0572b000-05806000 r-xp 00000000 fd:00 3254853    /usr/X11R6/lib/libX11.so.6.2
05806000-0580a000 rw-p 000db000 fd:00 3254853    /usr/X11R6/lib/libX11.so.6.2
05921000-059c4000 r-xp 00000000 00:13 353017     /usr/Local/matlabR2007a/bin/glnx86/libmwumfpack.so
059c4000-059c7000 rw-p 000a2000 00:13 353017     /usr/Local/matlabR2007a/bin/glnx86/libmwumfpack.so
05b58000-05b6c000 r-xp 00000000 00:13 353029     /usr/Local/matlabR2007a/bin/glnx86/libnativejmi.so
05b6c000-05b6f000 rw-p 00013000 00:13 353029     /usr/Local/matlabR2007a/bin/glnx86/libnativejmi.so
05be9000-05beb000 r-xp 00000000 00:18 627871     /home/matlabML/at/simulator/element/CavityPass.mexglx
05beb000-05bec000 rw-p 00001000 00:18 627871     /home/matlabML/at/simulator/element/CavityPass.mexglx
05c69000-05c6a000 r-xp 00000000 00:13 354847     /usr/Local/matlabR2007a/sys/java/jre/glnx86/jre1.5.0/lib/i386/libjawt.so
05c6a000-05c6b000 rw-p 00000000 00:13 354847     /usr/Local/matlabR2007a/sys/java/jre/glnx86/jre1.5.0/lib/i386/libjawt.so
05c9b000-05d0f000 r-xp 00000000 00:13 354831     /usr/Local/matlabR2007a/sys/java/jre/glnx86/jre1.5.0/lib/i386/libawt.so
05d0f000-05d15000 rw-p 00074000 00:13 354831     /usr/Local/matlabR2007a/sys/java/jre/glnx86/jre1.5.0/lib/i386/libawt.so
05d15000-05d39000 rw-p 05d15000 00:00 0 
05ef0000-05ef3000 ---p 05ef0000 00:00 0 
05ef3000-05f71000 rwxp 05ef3000 00:00 0 
05f91000-060c0000 r-xp 00000000 00:13 352894     /usr/Local/matlabR2007a/bin/glnx86/libhdf5.so.0.0.0
060c0000-060cd000 rw-p 0012e000 00:13 352894     /usr/Local/matlabR2007a/bin/glnx86/libhdf5.so.0.0.0
060cd000-060ce000 rw-p 060cd000 00:00 0 
060ce000-06256000 r-xp 00000000 00:13 1229359    /usr/Local/DistribTango/tango-soleil-linux-10.5.2/bindings/matlab/2007a/mex-file/libCOS4.so.1
06256000-06287000 rw-p 00188000 00:13 1229359    /usr/Local/DistribTango/tango-soleil-linux-10.5.2/bindings/matlab/2007a/mex-file/libCOS4.so.1
062b7000-062ba000 ---p 062b7000 00:00 0 
062ba000-06338000 rwxp 062ba000 00:00 0 
063f7000-0646a000 r-xp 00000000 00:13 354836     /usr/Local/matlabR2007a/sys/java/jre/glnx86/jre1.5.0/lib/i386/libfontmanager.so
0646a000-06474000 rw-p 00073000 00:13 354836     /usr/Local/matlabR2007a/sys/java/jre/glnx86/jre1.5.0/lib/i386/libfontmanager.so
06474000-06478000 rw-p 06474000 00:00 0 
06478000-0669d000 r-xp 00000000 00:13 1229243    /usr/Local/DistribTango/tango-soleil-linux-10.5.2/bindings/matlab/2007a/mex-file/libomniDynamic4.so.1
0669d000-066db000 rw-p 00224000 00:13 1229243    /usr/Local/DistribTango/tango-soleil-linux-10.5.2/bindings/matlab/2007a/mex-file/libomniDynamic4.so.1
066db000-066dc000 rw-p 066db000 00:00 0 
0678e000-06891000 r-xp 00000000 00:13 353015     /usr/Local/matlabR2007a/bin/glnx86/libmwuix.so
06891000-068ab000 rw-p 00103000 00:13 353015     /usr/Local/matlabR2007a/bin/glnx86/libmwuix.so
068ab000-068b0000 rw-p 068ab000 00:00 0 
068f1000-0697f000 r-xp 00000000 00:13 352883     /usr/Local/matlabR2007a/bin/glnx86/libfftw3.so.3.1.1
0697f000-06988000 rw-p 0008d000 00:13 352883     /usr/Local/matlabR2007a/bin/glnx86/libfftw3.so.3.1.1
06a9a000-06aad000 r-xp 00000000 00:13 354861     /usr/Local/matlabR2007a/sys/java/jre/glnx86/jre1.5.0/lib/i386/libzip.so
06aad000-06aaf000 rw-p 00012000 00:13 354861     /usr/Local/matlabR2007a/sys/java/jre/glnx86/jre1.5.0/lib/i386/libzip.so
06c51000-06c57000 r-xp 00000000 00:13 353025     /usr/Local/matlabR2007a/bin/glnx86/libnativehg.so
06c57000-06c58000 rw-p 00005000 00:13 353025     /usr/Local/matlabR2007a/bin/glnx86/libnativehg.so
06c8b000-06fb3000 r-xp 00000000 00:13 353050     /usr/Local/matlabR2007a/bin/glnx86/libxerces-c.so.26.0
06fb3000-06fe4000 rw-p 00327000 00:13 353050     /usr/Local/matlabR2007a/bin/glnx86/libxerces-c.so.26.0
070f1000-07288000 r-xp 00000000 00:13 352953     /usr/Local/matlabR2007a/bin/glnx86/libmwhg.so
07288000-072d2000 rw-p 00196000 00:13 352953     /usr/Local/matlabR2007a/bin/glnx86/libmwhg.so
072d2000-072d6000 rw-p 072d2000 00:00 0 
075af000-075b2000 ---p 075af000 00:00 0 
075b2000-07630000 rwxp 075b2000 00:00 0 
07990000-07993000 ---p 07990000 00:00 0 
07993000-07a11000 rwxp 07993000 00:00 0 
07a78000-07e2c000 r-xp 00000000 00:13 353061     /usr/Local/matlabR2007a/bin/glnx86/mllapack.so
07e2c000-07e2d000 rw-p 003b3000 00:13 353061     /usr/Local/matlabR2007a/bin/glnx86/mllapack.so
07e2d000-07f31000 rw-p 07e2d000 00:00 0 
08048000-0804a000 r-xp 00000000 00:13 352858     /usr/Local/matlabR2007a/bin/glnx86/MATLAB
0804a000-0804b000 rw-p 00001000 00:13 352858     /usr/Local/matlabR2007a/bin/glnx86/MATLAB
0804b000-084db000 r-xp 00000000 00:13 1229407    /usr/Local/DistribTango/tango-soleil-linux-10.5.2/bindings/matlab/2007a/mex-file/libtango.so.7
084db000-084ef000 rw-p 0048f000 00:13 1229407    /usr/Local/DistribTango/tango-soleil-linux-10.5.2/bindings/matlab/2007a/mex-file/libtango.so.7
084ef000-084f0000 rw-p 084ef000 00:00 0 
0a011000-0a488000 rw-p 0a011000 00:00 0 
0a488000-0a489000 rwxp 0a488000 00:00 0 
0a489000-0a48b000 rw-p 0a489000 00:00 0 
0a48b000-0a48c000 rwxp 0a48b000 00:00 0 
0a48c000-0a491000 rw-p 0a48c000 00:00 0 
0a491000-0a492000 rwxp 0a491000 00:00 0 
0a492000-0a495000 rw-p 0a492000 00:00 0 
0a495000-0a496000 rwxp 0a495000 00:00 0 
0a496000-0a49a000 rw-p 0a496000 00:00 0 
0a49a000-0a49b000 rwxp 0a49a000 00:00 0 
0a49b000-0a4b4000 rw-p 0a49b000 00:00 0 
0a4b4000-0a4b5000 rwxp 0a4b4000 00:00 0 
0a4b5000-0a4da000 rw-p 0a4b5000 00:00 0 
0a4da000-0a4dc000 rwxp 0a4da000 00:00 0 
0a4dc000-0a4dd000 rw-p 0a4dc000 00:00 0 
0a4dd000-0a4de000 rwxp 0a4dd000 00:00 0 
0a4de000-0a4df000 rw-p 0a4de000 00:00 0 
0a4df000-0a4e1000 rwxp 0a4df000 00:00 0 
0a4e1000-0a4f8000 rw-p 0a4e1000 00:00 0 
0a4f8000-0a4fb000 rwxp 0a4f8000 00:00 0 
0a4fb000-0a4fe000 rw-p 0a4fb000 00:00 0 
0a4fe000-0a4ff000 rwxp 0a4fe000 00:00 0 
0a4ff000-0a53b000 rw-p 0a4ff000 00:00 0 
0a53b000-0a53d000 rwxp 0a53b000 00:00 0 
0a53d000-0a541000 rw-p 0a53d000 00:00 0 
0a541000-0a542000 rwxp 0a541000 00:00 0 
0a542000-0a54c000 rw-p 0a542000 00:00 0 
0a54c000-0a54d000 rwxp 0a54c000 00:00 0 
0a54d000-0a56a000 rw-p 0a54d000 00:00 0 
0a56a000-0a56b000 rwxp 0a56a000 00:00 0 
0a56b000-0aa4b000 rw-p 0a56b000 00:00 0 
0aa4b000-0aa4c000 rwxp 0aa4b000 00:00 0 
0aa4c000-0aa99000 rw-p 0aa4c000 00:00 0 
0aa99000-0aa9b000 rwxp 0aa99000 00:00 0 
0aa9b000-0aaf5000 rw-p 0aa9b000 00:00 0 
0aaf5000-0aaf6000 rwxp 0aaf5000 00:00 0 
0aaf6000-0ab65000 rw-p 0aaf6000 00:00 0 
0ab65000-0ab66000 rwxp 0ab65000 00:00 0 
0ab66000-0abd0000 rw-p 0ab66000 00:00 0 
0abd0000-0abd2000 rwxp 0abd0000 00:00 0 
0abd2000-0abd7000 rw-p 0abd2000 00:00 0 
0abd7000-0abd8000 rwxp 0abd7000 00:00 0 
0abd8000-0ac10000 rw-p 0abd8000 00:00 0 
0ac10000-0ac12000 rwxp 0ac10000 00:00 0 
0ac12000-0ac15000 rw-p 0ac12000 00:00 0 
0ac15000-0ac16000 rwxp 0ac15000 00:00 0 
0ac16000-0ae88000 rw-p 0ac16000 00:00 0 
0ae88000-0ae89000 rwxp 0ae88000 00:00 0 
0ae89000-0aee6000 rw-p 0ae89000 00:00 0 
0aee6000-0aee8000 rwxp 0aee6000 00:00 0 
0aee8000-0af84000 rw-p 0aee8000 00:00 0 
0af84000-0af85000 rwxp 0af84000 00:00 0 
0af85000-0af86000 rw-p 0af85000 00:00 0 
0af86000-0af87000 rwxp 0af86000 00:00 0 
0af87000-0af88000 rw-p 0af87000 00:00 0 
0af88000-0af8a000 rwxp 0af88000 00:00 0 
0af8a000-0afbf000 rw-p 0af8a000 00:00 0 
0afbf000-0afc1000 rwxp 0afbf000 00:00 0 
0afc1000-0afc7000 rw-p 0afc1000 00:00 0 
0afc7000-0afc8000 rwxp 0afc7000 00:00 0 
0afc8000-0afd8000 rw-p 0afc8000 00:00 0 
0afd8000-0afd9000 rwxp 0afd8000 00:00 0 
0afd9000-0b112000 rw-p 0afd9000 00:00 0 
a53c0000-a53cc000 rw-p a53c0000 00:00 0 
a53cc000-a53ce000 rwxp a53cc000 00:00 0 
a53ce000-a53d4000 rw-p a53ce000 00:00 0 
a53d4000-a53d5000 rwxp a53d4000 00:00 0 
a53d5000-a53ed000 rw-p a53d5000 00:00 0 
a53ed000-a53ee000 rwxp a53ed000 00:00 0 
a53ee000-a54df000 rw-p a53ee000 00:00 0 
a54df000-a5500000 ---p a54df000 00:00 0 
a5500000-a559d000 rw-p a5500000 00:00 0 
a559d000-a559f000 rwxp a559d000 00:00 0 
a559f000-a55fd000 rw-p a559f000 00:00 0 
a55fd000-a5600000 ---p a55fd000 00:00 0 
a56c0000-a56c2000 rw-p a56c0000 00:00 0 
a56c2000-a56c3000 rwxp a56c2000 00:00 0 
a56c3000-a56c5000 rw-p a56c3000 00:00 0 
a56c5000-a56c7000 rwxp a56c5000 00:00 0 
a56c7000-a56cb000 rw-p a56c7000 00:00 0 
a56cb000-a56cd000 rwxp a56cb000 00:00 0 
a56cd000-a57fe000 rw-p a56cd000 00:00 0 
a57fe000-a5800000 ---p a57fe000 00:00 0 
a5834000-a5860000 rw-p a5834000 00:00 0 
a5860000-a5861000 rwxp a5860000 00:00 0 
a5861000-a58a5000 rw-p a5861000 00:00 0 
a58a5000-a58a6000 rwxp a58a5000 00:00 0 
a58a6000-a5976000 rw-p a58a6000 00:00 0 
a597e000-a59f8000 rw-p a597e000 00:00 0 
a59f8000-a59fa000 rwxp a59f8000 00:00 0 
a59fa000-a5a00000 rw-p a59fa000 00:00 0 
a5a00000-a5a0a000 rwxp a5a00000 00:00 0 
a5a0a000-a5a0b000 rw-p a5a0a000 00:00 0 
a5a0b000-a5a0c000 rwxp a5a0b000 00:00 0 
a5a0c000-a5a0d000 rw-p a5a0c000 00:00 0 
a5a0d000-a5a0e000 rwxp a5a0d000 00:00 0 
a5a0e000-a5a0f000 rw-p a5a0e000 00:00 0 
a5a0f000-a5a18000 rwxp a5a0f000 00:00 0 
a5a18000-a5a27000 rw-p a5a18000 00:00 0 
a5a27000-a5a29000 rwxp a5a27000 00:00 0 
a5a29000-a5a2b000 rw-p a5a29000 00:00 0 
a5a2b000-a5a34000 rwxp a5a2b000 00:00 0 
a5a34000-a5aa7000 rw-p a5a34000 00:00 0 
a5aa7000-a5aa9000 rwxp a5aa7000 00:00 0 
a5aa9000-a5ab6000 rw-p a5aa9000 00:00 0 
a5ab6000-a5ab7000 rwxp a5ab6000 00:00 0 
a5ab7000-a5af8000 rw-p a5ab7000 00:00 0 
a5af8000-a5af9000 rwxp a5af8000 00:00 0 
a5af9000-a5bf9000 rw-p a5af9000 00:00 0 
a5bf9000-a5c00000 ---p a5bf9000 00:00 0 
a5c0d000-a5c12000 rw-p a5c0d000 00:00 0 
a5c12000-a5c13000 rwxp a5c12000 00:00 0 
a5c13000-a5c20000 rw-p a5c13000 00:00 0 
a5c20000-a5c21000 rwxp a5c20000 00:00 0 
a5c21000-a5c2d000 rw-p a5c21000 00:00 0 
a5c2d000-a5c2e000 rwxp a5c2d000 00:00 0 
a5c2e000-a5c2f000 rw-p a5c2e000 00:00 0 
a5c2f000-a5c30000 rwxp a5c2f000 00:00 0 
a5c30000-a5c65000 rw-p a5c30000 00:00 0 
a5c65000-a5c66000 rwxp a5c65000 00:00 0 
a5c66000-a5c69000 rw-p a5c66000 00:00 0 
a5c69000-a5c6a000 rwxp a5c69000 00:00 0 
a5c6a000-a5c75000 rw-p a5c6a000 00:00 0 
a5c75000-a5c76000 rwxp a5c75000 00:00 0 
a5c76000-a5c89000 rw-p a5c76000 00:00 0 
a5c89000-a5c8a000 rwxp a5c89000 00:00 0 
a5c8a000-a5cd3000 rw-p a5c8a000 00:00 0 
a5cd3000-a5cd4000 rwxp a5cd3000 00:00 0 
a5cd4000-a5ce4000 rw-p a5cd4000 00:00 0 
a5ce4000-a5ce5000 rwxp a5ce4000 00:00 0 
a5ce5000-a5cef000 rw-p a5ce5000 00:00 0 
a5cef000-a5cf1000 rwxp a5cef000 00:00 0 
a5cf1000-a5d51000 rw-p a5cf1000 00:00 0 
a5d51000-a5d52000 rwxp a5d51000 00:00 0 
a5d52000-a5d62000 rw-p a5d52000 00:00 0 
a5d62000-a5d63000 rwxp a5d62000 00:00 0 
a5d63000-a5d82000 rw-p a5d63000 00:00 0 
a5d82000-a5d83000 rwxp a5d82000 00:00 0 
a5d83000-a5d8f000 rw-p a5d83000 00:00 0 
a5d8f000-a5d90000 rwxp a5d8f000 00:00 0 
a5d90000-a5d92000 rw-p a5d90000 00:00 0 
a5d92000-a5d95000 rwxp a5d92000 00:00 0 
a5d95000-a5dab000 rw-p a5d95000 00:00 0 
a5dab000-a5dac000 rwxp a5dab000 00:00 0 
a5dac000-a5db0000 rw-p a5dac000 00:00 0 
a5db0000-a5db2000 rwxp a5db0000 00:00 0 
a5db2000-a5db4000 rw-p a5db2000 00:00 0 
a5db4000-a5db5000 rwxp a5db4000 00:00 0 
a5db5000-a5db9000 rw-p a5db5000 00:00 0 
a5db9000-a5dba000 rwxp a5db9000 00:00 0 
a5dba000-a5dc2000 rw-p a5dba000 00:00 0 
a5dc2000-a5dc3000 rwxp a5dc2000 00:00 0 
a5dc3000-a5dc5000 rw-p a5dc3000 00:00 0 
a5dc5000-a5dc6000 rwxp a5dc5000 00:00 0 
a5dc6000-a5e1e000 rw-p a5dc6000 00:00 0 
a5e1e000-a5e1f000 rwxp a5e1e000 00:00 0 
a5e1f000-a5e55000 rw-p a5e1f000 00:00 0 
a5e55000-a5e56000 rwxp a5e55000 00:00 0 
a5e56000-a5e58000 rw-p a5e56000 00:00 0 
a5e58000-a5e59000 rwxp a5e58000 00:00 0 
a5e59000-a5e6b000 rw-p a5e59000 00:00 0 
a5e6b000-a5e6d000 rwxp a5e6b000 00:00 0 
a5e6d000-a5e93000 rw-p a5e6d000 00:00 0 
a5e93000-a5e94000 rwxp a5e93000 00:00 0 
a5e94000-a5ed8000 rw-p a5e94000 00:00 0 
a5ed8000-a5ed9000 rwxp a5ed8000 00:00 0 
a5ed9000-a5f02000 rw-p a5ed9000 00:00 0 
a5f02000-a5f04000 rwxp a5f02000 00:00 0 
a5f04000-a5f1a000 rw-p a5f04000 00:00 0 
a5f1a000-a5f1b000 rwxp a5f1a000 00:00 0 
a5f1b000-a5f29000 rw-p a5f1b000 00:00 0 
a5f29000-a5f2a000 rwxp a5f29000 00:00 0 
a5f2a000-a5f3b000 rw-p a5f2a000 00:00 0 
a5f3b000-a5f3c000 rwxp a5f3b000 00:00 0 
a5f3c000-a5f55000 rw-p a5f3c000 00:00 0 
a5f55000-a5f56000 rwxp a5f55000 00:00 0 
a5f56000-a5f6e000 rw-p a5f56000 00:00 0 
a5f6e000-a5f70000 rwxp a5f6e000 00:00 0 
a5f70000-a5fa1000 rw-p a5f70000 00:00 0 
a5fa1000-a5fa3000 rwxp a5fa1000 00:00 0 
a5fa3000-a5fcd000 rw-p a5fa3000 00:00 0 
a5fcd000-a5fce000 rwxp a5fcd000 00:00 0 
a5fce000-a5fff000 rw-p a5fce000 00:00 0 
a5fff000-a6000000 ---p a5fff000 00:00 0 
a603f000-a607e000 rw-p a603f000 00:00 0 
a607e000-a607f000 rwxp a607e000 00:00 0 
a607f000-a6094000 rw-p a607f000 00:00 0 
a6094000-a6096000 rwxp a6094000 00:00 0 
a6096000-a609c000 rw-p a6096000 00:00 0 
a609c000-a609d000 rwxp a609c000 00:00 0 
a609d000-a60a2000 rw-p a609d000 00:00 0 
a60a2000-a60a3000 rwxp a60a2000 00:00 0 
a60a3000-a60bf000 rw-p a60a3000 00:00 0 
a60bf000-a60cb000 rwxp a60bf000 00:00 0 
a60cb000-a60cd000 rw-p a60cb000 00:00 0 
a60cd000-a60d9000 rwxp a60cd000 00:00 0 
a60d9000-a60da000 rw-p a60d9000 00:00 0 
a60da000-a60e2000 rwxp a60da000 00:00 0 
a60e2000-a60e8000 rw-p a60e2000 00:00 0 
a60e8000-a60e9000 rwxp a60e8000 00:00 0 
a60e9000-a60ea000 rw-p a60e9000 00:00 0 
a60ea000-a60ec000 rwxp a60ea000 00:00 0 
a60ec000-a60f0000 rw-p a60ec000 00:00 0 
a60f0000-a60f1000 rwxp a60f0000 00:00 0 
a60f1000-a60f2000 rw-p a60f1000 00:00 0 
a60f2000-a60f5000 rwxp a60f2000 00:00 0 
a60f5000-a60f6000 rw-p a60f5000 00:00 0 
a60f6000-a60f8000 rwxp a60f6000 00:00 0 
a60f8000-a612d000 rw-p a60f8000 00:00 0 
a612d000-a612e000 rwxp a612d000 00:00 0 
a612e000-a614f000 rw-p a612e000 00:00 0 
a614f000-a6150000 rwxp a614f000 00:00 0 
a6150000-a6182000 rw-p a6150000 00:00 0 
a6182000-a6185000 rwxp a6182000 00:00 0 
a6185000-a6187000 rw-p a6185000 00:00 0 
a6187000-a6188000 rwxp a6187000 00:00 0 
a6188000-a618c000 rw-p a6188000 00:00 0 
a618c000-a618d000 rwxp a618c000 00:00 0 
a618d000-a618f000 rw-p a618d000 00:00 0 
a618f000-a6190000 rwxp a618f000 00:00 0 
a6190000-a619e000 rw-p a6190000 00:00 0 
a619e000-a619f000 rwxp a619e000 00:00 0 
a619f000-a61a1000 rw-p a619f000 00:00 0 
a61a1000-a61a3000 rwxp a61a1000 00:00 0 
a61a3000-a61a5000 rw-p a61a3000 00:00 0 
a61a5000-a61a6000 rwxp a61a5000 00:00 0 
a61a6000-a61f1000 rw-p a61a6000 00:00 0 
a61f1000-a61f2000 rwxp a61f1000 00:00 0 
a61f2000-a61fb000 rw-p a61f2000 00:00 0 
a61fb000-a6200000 ---p a61fb000 00:00 0 
a6200000-a620a000 rw-p a6200000 00:00 0 
a620a000-a620b000 rwxp a620a000 00:00 0 
a620b000-a6240000 rw-p a620b000 00:00 0 
a6240000-a624e000 rwxp a6240000 00:00 0 
a624e000-a624f000 rw-p a624e000 00:00 0 
a624f000-a6255000 rwxp a624f000 00:00 0 
a6255000-a6256000 rw-p a6255000 00:00 0 
a6256000-a6259000 rwxp a6256000 00:00 0 
a6259000-a625a000 rw-p a6259000 00:00 0 
a625a000-a6267000 rwxp a625a000 00:00 0 
a6267000-a6293000 rw-p a6267000 00:00 0 
a6293000-a6295000 rwxp a6293000 00:00 0 
a6295000-a62da000 rw-p a6295000 00:00 0 
a62da000-a62db000 rwxp a62da000 00:00 0 
a62db000-a62ed000 rw-p a62db000 00:00 0 
a62ed000-a62ee000 rwxp a62ed000 00:00 0 
a62ee000-a63fe000 rw-p a62ee000 00:00 0 
a63fe000-a6400000 ---p a63fe000 00:00 0 
a6400000-a6600000 rw-p a6400000 00:00 0 
a6609000-a67fd000 rw-p a6609000 00:00 0 
a67fd000-a6800000 ---p a67fd000 00:00 0 
a6813000-a6838000 rw-p a6813000 00:00 0 
a6838000-a683a000 rwxp a6838000 00:00 0 
a683a000-a683b000 rw-p a683a000 00:00 0 
a683b000-a683c000 rwxp a683b000 00:00 0 
a683c000-a683d000 rw-p a683c000 00:00 0 
a683d000-a6844000 rwxp a683d000 00:00 0 
a6844000-a6845000 rw-p a6844000 00:00 0 
a6845000-a6846000 rwxp a6845000 00:00 0 
a6846000-a6847000 rw-p a6846000 00:00 0 
a6847000-a6849000 rwxp a6847000 00:00 0 
a6849000-a684a000 rw-p a6849000 00:00 0 
a684a000-a684c000 rwxp a684a000 00:00 0 
a684c000-a684d000 rw-p a684c000 00:00 0 
a684d000-a6853000 rwxp a684d000 00:00 0 
a6853000-a6856000 rw-p a6853000 00:00 0 
a6856000-a6858000 rwxp a6856000 00:00 0 
a6858000-a6859000 rw-p a6858000 00:00 0 
a6859000-a685a000 rwxp a6859000 00:00 0 
a685a000-a6863000 rw-p a685a000 00:00 0 
a6863000-a6867000 rwxp a6863000 00:00 0 
a6867000-a6869000 rw-p a6867000 00:00 0 
a6869000-a686c000 rwxp a6869000 00:00 0 
a686c000-a687b000 rw-p a686c000 00:00 0 
a687b000-a687c000 rwxp a687b000 00:00 0 
a687c000-a687d000 rw-p a687c000 00:00 0 
a687d000-a687e000 rwxp a687d000 00:00 0 
a687e000-a6886000 rw-p a687e000 00:00 0 
a6886000-a6887000 rwxp a6886000 00:00 0 
a6887000-a6888000 rw-p a6887000 00:00 0 
a6888000-a688a000 rwxp a6888000 00:00 0 
a688a000-a6891000 rw-p a688a000 00:00 0 
a6891000-a6893000 rwxp a6891000 00:00 0 
a6893000-a689d000 rw-p a6893000 00:00 0 
a689d000-a68a3000 rwxp a689d000 00:00 0 
a68a3000-a68a4000 rw-p a68a3000 00:00 0 
a68a4000-a68a5000 rwxp a68a4000 00:00 0 
a68a5000-a68a6000 rw-p a68a5000 00:00 0 
a68a6000-a68a8000 rwxp a68a6000 00:00 0 
a68a8000-a68b4000 rw-p a68a8000 00:00 0 
a68b4000-a6a5b000 r--s 00000000 00:13 353817     /usr/Local/matlabR2007a/java/jarext/xercesImpl.jar
a6a5b000-a6a76000 r--s 00000000 00:13 353818     /usr/Local/matlabR2007a/java/jarext/xml-apis.jar
a6a76000-a6b54000 r--s 00000000 00:13 353815     /usr/Local/matlabR2007a/java/jarext/xalan.jar
a6b54000-a6b73000 r--s 00000000 00:13 353814     /usr/Local/matlabR2007a/java/jarext/wsdl4j.jar
a6b73000-a6bd7000 r--s 00000000 00:13 353812     /usr/Local/matlabR2007a/java/jarext/webrenderer.jar
a6bd7000-a6bea000 r--s 00000000 00:13 353811     /usr/Local/matlabR2007a/java/jarext/vb20.jar
a6bea000-a6f21000 r--s 00000000 00:13 353810     /usr/Local/matlabR2007a/java/jarext/saxon8.jar
a6f21000-a6f2b000 r--s 00000000 00:13 353809     /usr/Local/matlabR2007a/java/jarext/saxon8-xpath.jar
a6f2b000-a6f36000 r--s 00000000 00:13 353808     /usr/Local/matlabR2007a/java/jarext/saxon8-dom.jar
a6f36000-a6fcf000 r--s 00000000 00:13 353806     /usr/Local/matlabR2007a/java/jarext/saxon.jar
a6fcf000-a6fd4000 r--s 00000000 00:13 353805     /usr/Local/matlabR2007a/java/jarext/saaj.jar
a6fd4000-a6fee000 r--s 00000000 00:13 353804     /usr/Local/matlabR2007a/java/jarext/nekohtml.jar
a6fee000-a7009000 r--s 00000000 00:13 353803     /usr/Local/matlabR2007a/java/jarext/mwucarunits.jar
a7009000-a70b6000 r--s 00000000 00:13 353802     /usr/Local/matlabR2007a/java/jarext/mail.jar
a70b6000-a7119000 r--s 00000000 00:13 353801     /usr/Local/matlabR2007a/java/jarext/lucene-core-2.0.0.jar
a7119000-a7128000 r--s 00000000 00:13 353800     /usr/Local/matlabR2007a/java/jarext/lucene-analyzers-2.0.0.jar
a7128000-a7146000 r--s 00000000 00:13 353799     /usr/Local/matlabR2007a/java/jarext/junit.jar
a7146000-a71ce000 r--s 00000000 00:13 353798     /usr/Local/matlabR2007a/java/jarext/jide/jide-grids.jar
a71ce000-a71ed000 r--s 00000000 00:13 353796     /usr/Local/matlabR2007a/java/jarext/jide/jide-dialogs.jar
a71ed000-a7222000 r--s 00000000 00:13 353795     /usr/Local/matlabR2007a/java/jarext/jide/jide-designer.jar
a7222000-a7244000 r--s 00000000 00:13 353794     /usr/Local/matlabR2007a/java/jarext/jide/jide-components.jar
a7244000-a726d000 r--s 00000000 00:13 353797     /usr/Local/matlabR2007a/java/jarext/jide/jide-dock.jar
a726d000-a73b2000 r--s 00000000 00:13 353793     /usr/Local/matlabR2007a/java/jarext/jide/jide-common.jar
a73b2000-a73d3000 r--s 00000000 00:13 353792     /usr/Local/matlabR2007a/java/jarext/jide/jide-action.jar
a73d3000-a742e000 r--s 00000000 00:13 353789     /usr/Local/matlabR2007a/java/jarext/jgoodies-looks.jar
a742e000-a7444000 r--s 00000000 00:13 353788     /usr/Local/matlabR2007a/java/jarext/jgoodies-forms.jar
a7444000-a744c000 r--s 00000000 00:13 353787     /usr/Local/matlabR2007a/java/jarext/jaxrpc.jar
a744c000-a745c000 r--s 00000000 00:13 353785     /usr/Local/matlabR2007a/java/jarext/jakarta-oro-2.0.8.jar
a745c000-a7468000 r--s 00000000 00:13 353784     /usr/Local/matlabR2007a/java/jarext/jaccess-1_4.jar
a7468000-a748f000 r--s 00000000 00:13 353751     /usr/Local/matlabR2007a/java/jarext/J2PrinterWorks.jar
a748f000-a74ca000 r--s 00000000 00:13 353783     /usr/Local/matlabR2007a/java/jarext/ice/icessl.jar
a74ca000-a74cb000 r--s 00000000 00:13 353782     /usr/Local/matlabR2007a/java/jarext/ice/ib6xalan.jar
a74cb000-a74e3000 r--s 00000000 00:13 353781     /usr/Local/matlabR2007a/java/jarext/ice/ib6util.jar
a74e3000-a74f3000 r--s 00000000 00:13 353780     /usr/Local/matlabR2007a/java/jarext/ice/ib6swing.jar
a74f3000-a753b000 r--s 00000000 00:13 353779     /usr/Local/matlabR2007a/java/jarext/ice/ib6js.jar
a753b000-a753c000 r--s 00000000 00:13 353778     /usr/Local/matlabR2007a/java/jarext/ice/ib6https.jar
a753c000-a7555000 r--s 00000000 00:13 353777     /usr/Local/matlabR2007a/java/jarext/ice/ib6http.jar
a7555000-a7569000 r--s 00000000 00:13 353776     /usr/Local/matlabR2007a/java/jarext/ice/ib6extra.jar
a7569000-a75f3000 r--s 00000000 00:13 353775     /usr/Local/matlabR2007a/java/jarext/ice/ib6core.jar
a75f3000-a7620000 r--s 00000000 00:13 353772     /usr/Local/matlabR2007a/java/jarext/commons-net-1.4.1.jar
a7620000-a762a000 r--s 00000000 00:13 353770     /usr/Local/matlabR2007a/java/jarext/commons-logging.jar
a762a000-a763c000 r--s 00000000 00:13 353768     /usr/Local/matlabR2007a/java/jarext/commons-discovery.jar
a763c000-a764b000 r--s 00000000 00:13 353767     /usr/Local/matlabR2007a/java/jarext/commapi/comm.jar
a764b000-a768b000 r--s 00000000 00:13 353765     /usr/Local/matlabR2007a/java/jarext/collections.jar
a768b000-a76b5000 r--s 00000000 00:13 353764     /usr/Local/matlabR2007a/java/jarext/batik-svggen.jar
a76b5000-a7844000 r--s 00000000 00:13 353762     /usr/Local/matlabR2007a/java/jarext/axis.jar
a7844000-a7854000 r--s 00000000 00:13 353760     /usr/Local/matlabR2007a/java/jarext/avalon.jar
a7854000-a7951000 r--s 00000000 00:13 353755     /usr/Local/matlabR2007a/java/jarext/ant.jar
a7951000-a796c000 r--s 00000000 00:13 353753     /usr/Local/matlabR2007a/java/jarext/activation.jar
a796c000-a7978000 r--s 00000000 00:13 353752     /usr/Local/matlabR2007a/java/jarext/access-bridge.jar
a7978000-a797c000 r--s 00000000 00:13 353750     /usr/Local/matlabR2007a/java/jar/xml.jar
a797c000-a79a4000 r--s 00000000 00:13 353744     /usr/Local/matlabR2007a/java/jar/toolbox/timeseries.jar
a79a4000-a79d3000 r--s 00000000 00:13 353743     /usr/Local/matlabR2007a/java/jar/toolbox/testmeas.jar
a79d3000-a79ee000 r--s 00000000 00:13 353742     /usr/Local/matlabR2007a/java/jar/toolbox/rptgencore.jar
a79ee000-a7a6b000 r--s 00000000 00:13 353741     /usr/Local/matlabR2007a/java/jar/toolbox/matlab/guide.jar
a7a6b000-a7a72000 r--s 00000000 00:13 353740     /usr/Local/matlabR2007a/java/jar/toolbox/matlab/audiovideo.jar
a7a72000-a7ba5000 r--s 00000000 00:13 353739     /usr/Local/matlabR2007a/java/jar/toolbox/instrument.jar
a7ba5000-a7bf6000 r--s 00000000 00:13 353738     /usr/Local/matlabR2007a/java/jar/toolbox/control.jar
a7bf6000-a7c42000 r--s 00000000 00:13 353737     /usr/Local/matlabR2007a/java/jar/toolbox/compiler.jar
a7c42000-a7c48000 r--s 00000000 00:13 353736     /usr/Local/matlabR2007a/java/jar/timer.jar
a7c48000-a7c57000 r--s 00000000 00:13 353735     /usr/Local/matlabR2007a/java/jar/services.jar
a7c57000-a7d03000 r--s 00000000 00:13 353734     /usr/Local/matlabR2007a/java/jar/page.jar
a7d03000-a7d14000 r--s 00000000 00:13 353733     /usr/Local/matlabR2007a/java/jar/org/openide.jar
a7d14000-a7e32000 r--s 00000000 00:13 353732     /usr/Local/matlabR2007a/java/jar/org/netbeans.jar
a7e32000-a7ef3000 r--s 00000000 00:13 353731     /usr/Local/matlabR2007a/java/jar/mwt.jar
a7ef3000-a8044000 r--s 00000000 00:13 353730     /usr/Local/matlabR2007a/java/jar/mwswing.jar
a8044000-a818d000 r--s 00000000 00:13 353729     /usr/Local/matlabR2007a/java/jar/mlwidgets.jar
a818d000-a81a4000 r--s 00000000 00:13 353728     /usr/Local/matlabR2007a/java/jar/mlwebservices.jar
a81a4000-a81b3000 r--s 00000000 00:13 353727     /usr/Local/matlabR2007a/java/jar/mlservices.jar
a81b3000-a8332000 r--s 00000000 00:13 353726     /usr/Local/matlabR2007a/java/jar/mde.jar
a8332000-a8369000 r--s 00000000 00:13 353725     /usr/Local/matlabR2007a/java/jar/jmi.jar
a8369000-a8378000 r--s 00000000 00:13 353724     /usr/Local/matlabR2007a/java/jar/instwiz.jar
a8378000-a83be000 r--s 00000000 00:13 353723     /usr/Local/matlabR2007a/java/jar/ide.jar
a83be000-a8467000 r--s 00000000 00:13 353722     /usr/Local/matlabR2007a/java/jar/ice.jar
a8467000-a84f8000 r--s 00000000 00:13 353721     /usr/Local/matlabR2007a/java/jar/hg.jar
a84f8000-a8513000 r--s 00000000 00:13 353720     /usr/Local/matlabR2007a/java/jar/beans.jar
a8513000-a855f000 r--s 00000000 00:13 353719     /usr/Local/matlabR2007a/java/jar/bde.jar
a855f000-a862d000 r--s 00000000 00:13 353746     /usr/Local/matlabR2007a/java/jar/widgets.jar
a862d000-a864a000 r--s 00000000 00:13 353745     /usr/Local/matlabR2007a/java/jar/util.jar
a864a000-a8675000 r--s 00000000 00:13 354788     /usr/Local/matlabR2007a/sys/java/jre/glnx86/jre1.5.0/lib/ext/sunpkcs11.jar
a8675000-a869b000 r--s 00000000 00:13 354787     /usr/Local/matlabR2007a/sys/java/jre/glnx86/jre1.5.0/lib/ext/sunjce_provider.jar
a869b000-a869d000 r--s 00000000 00:13 354785     /usr/Local/matlabR2007a/sys/java/jre/glnx86/jre1.5.0/lib/ext/dnsns.jar
a869d000-a8760000 r--s 00000000 00:13 354786     /usr/Local/matlabR2007a/sys/java/jre/glnx86/jre1.5.0/lib/ext/localedata.jar
a8760000-a9770000 rwxp a8760000 00:00 0 
a9770000-a9f60000 rwxp a9770000 00:00 0 
a9f60000-acf60000 rwxp a9f60000 00:00 0 
acf60000-ae760000 rwxp acf60000 00:00 0 
ae760000-afde0000 rwxp ae760000 00:00 0 
afde0000-b2360000 rwxp afde0000 00:00 0 
b2369000-b2761000 rwxp b2369000 00:00 0 
b2761000-b4369000 rwxp b2761000 00:00 0 
b4369000-b4b87000 r--s 00000000 00:13 354774     /usr/Local/matlabR2007a/sys/java/jre/glnx86/jre1.5.0/lib/charsets.jar
b4b87000-b4b9b000 r--s 00000000 00:13 354900     /usr/Local/matlabR2007a/sys/java/jre/glnx86/jre1.5.0/lib/jce.jar
b4b9b000-b4c14000 r--s 00000000 00:13 354901     /usr/Local/matlabR2007a/sys/java/jre/glnx86/jre1.5.0/lib/jsse.jar
b4c14000-b4c7c000 rw-p b4c14000 00:00 0 
b4c7c000-b6e37000 r--s 00000000 00:13 354951     /usr/Local/matlabR2007a/sys/java/jre/glnx86/jre1.5.0/lib/rt.jar
b6e37000-b6e3f000 rw-s 00000000 fd:00 4227096    /tmp/hsperfdata_operateur/20710
b6e3f000-b6e40000 r--p b6e3f000 00:00 0 
b6e40000-b6e41000 rw-p b6e40000 00:00 0 
b6e41000-b6e4e000 rwxp b6e41000 00:00 0 
b6e4e000-b6e50000 rw-p b6e4e000 00:00 0 
b6e50000-b6e51000 rwxp b6e50000 00:00 0 
b6e51000-b6e53000 rw-p b6e51000 00:00 0 
b6e53000-b6e58000 rwxp b6e53000 00:00 0 
b6e58000-b6e81000 rw-p b6e58000 00:00 0 
b6e81000-b6e84000 rwxp b6e81000 00:00 0 
b6e84000-b6e86000 rw-p b6e84000 00:00 0 
b6e86000-b6e87000 rwxp b6e86000 00:00 0 
b6e87000-b6f02000 rw-p b6e87000 00:00 0 
b6f02000-b6f37000 r--s 00000000 fd:00 7574819    /var/db/nscd/passwd
b6f37000-b6f3d000 r--s 00000000 fd:00 3277089    /usr/lib/gconv/gconv-modules.cache
b6f45000-b6f7a000 r--s 00000000 fd:00 7574821    /var/db/nscd/hosts
b6f7a000-b6f8a000 rw-p b6f7a000 00:00 0 
b6f8a000-b6f8b000 rwxp b6f8a000 00:00 0 
b6f8b000-b7001000 rw-p b6f8b000 00:00 0 
b7001000-b7002000 rwxp b7001000 00:00 0 
b7002000-b7005000 rw-p b7002000 00:00 0 
b7005000-b7007000 rwxp b7005000 00:00 0 
b7007000-b7009000 rw-p b7007000 00:00 0 
b7009000-b700a000 rwxp b7009000 00:00 0 
b700a000-b700c000 rw-p b700a000 00:00 0 
b700c000-b700d000 rwxp b700c000 00:00 0 
b700d000-b7010000 rw-p b700d000 00:00 0 
b7010000-b7011000 rwxp b7010000 00:00 0 
b7011000-b7013000 rw-p b7011000 00:00 0 
b7013000-b7015000 rwxp b7013000 00:00 0 
b7015000-b7016000 rw-p b7015000 00:00 0 
b7016000-b7017000 rwxp b7016000 00:00 0 
b7017000-b7018000 rw-p b7017000 00:00 0 
b7018000-b7019000 rwxp b7018000 00:00 0 
b7019000-b7043000 rw-p b7019000 00:00 0 
b7043000-b7044000 rwxp b7043000 00:00 0 
b7044000-b7045000 rw-p b7044000 00:00 0 
b7045000-b7049000 rwxp b7045000 00:00 0 
b7049000-b704a000 rw-p b7049000 00:00 0 
b704a000-b704e000 rwxp b704a000 00:00 0 
b704e000-b7050000 rw-p b704e000 00:00 0 
b7050000-b7052000 rwxp b7050000 00:00 0 
b7052000-b705a000 rw-p b7052000 00:00 0 
b705a000-b705c000 rwxp b705a000 00:00 0 
b705c000-b7061000 rw-p b705c000 00:00 0 
b7061000-b7062000 rwxp b7061000 00:00 0 
b7062000-b707b000 rw-p b7062000 00:00 0 
b707b000-b707d000 rwxp b707b000 00:00 0 
b707d000-b707e000 rw-p b707d000 00:00 0 
b707e000-b7086000 rwxp b707e000 00:00 0 
b7086000-b7088000 rw-p b7086000 00:00 0 
b7088000-b708e000 rwxp b7088000 00:00 0 
b708e000-b708f000 rw-p b708e000 00:00 0 
b708f000-b7093000 rwxp b708f000 00:00 0 
b7093000-b7094000 rw-p b7093000 00:00 0 
b7094000-b7095000 rwxp b7094000 00:00 0 
b7095000-b7096000 rw-p b7095000 00:00 0 
b7096000-b7099000 rwxp b7096000 00:00 0 
b7099000-b709b000 rw-p b7099000 00:00 0 
b709b000-b709d000 rwxp b709b000 00:00 0 
b709d000-b70ea000 rw-p b709d000 00:00 0 
b70ea000-b70eb000 rwxp b70ea000 00:00 0 
b70eb000-b70fb000 rw-p b70eb000 00:00 0 
b70fb000-b72fb000 r--p 00000000 fd:00 3247308    /usr/lib/locale/locale-archive
b72fb000-b731f000 rw-p b72fb000 00:00 0 
b731f000-b7320000 rwxp b731f000 00:00 0 
b7320000-b7323000 rw-p b7320000 00:00 0 
b7323000-b7324000 rwxp b7323000 00:00 0 
b7324000-b7327000 rw-p b7324000 00:00 0 
b7327000-b7329000 rwxp b7327000 00:00 0 
b7329000-b732b000 rw-p b7329000 00:00 0 
b732b000-b732d000 rwxp b732b000 00:00 0 
b732d000-b732e000 rw-p b732d000 00:00 0 
b732e000-b732f000 rwxp b732e000 00:00 0 
b732f000-b7330000 rw-p b732f000 00:00 0 
b7330000-b7332000 rwxp b7330000 00:00 0 
b7332000-b7334000 rw-p b7332000 00:00 0 
b7334000-b7335000 rwxp b7334000 00:00 0 
b7335000-b7336000 rw-p b7335000 00:00 0 
b7336000-b7337000 rwxp b7336000 00:00 0 
b7337000-b73c8000 rw-p b7337000 00:00 0 
b73c8000-b73ca000 rwxp b73c8000 00:00 0 
b73ca000-b73cb000 rw-p b73ca000 00:00 0 
b73cb000-b73cc000 rwxp b73cb000 00:00 0 
b73cc000-b73cf000 rw-p b73cc000 00:00 0 
b73cf000-b73d0000 rwxp b73cf000 00:00 0 
b73d0000-b73d1000 rw-p b73d0000 00:00 0 
b73d1000-b73d2000 rwxp b73d1000 00:00 0 
b73d2000-b73d5000 rw-p b73d2000 00:00 0 
b73d5000-b73d6000 rwxp b73d5000 00:00 0 
b73d6000-b73d9000 rw-p b73d6000 00:00 0 
b73d9000-b73da000 rwxp b73d9000 00:00 0 
b73da000-b73db000 rw-p b73da000 00:00 0 
b73db000-b73e0000 rwxp b73db000 00:00 0 
b73e0000-b73e5000 rw-p b73e0000 00:00 0 
b73e5000-b73e6000 rwxp b73e5000 00:00 0 
b73e6000-b73e7000 rw-p b73e6000 00:00 0 
b73e7000-b73e8000 rwxp b73e7000 00:00 0 
b73e8000-b73ea000 rw-p b73e8000 00:00 0 
b73ea000-b73ec000 rwxp b73ea000 00:00 0 
b73ec000-b7420000 rw-p b73ec000 00:00 0 
b7420000-b7422000 rwxp b7420000 00:00 0 
b7422000-b742c000 rw-p b7422000 00:00 0 
b742c000-b742d000 rwxp b742c000 00:00 0 
b742d000-b743b000 rw-p b742d000 00:00 0 
b743b000-b743c000 rwxp b743b000 00:00 0 
b743c000-b75c2000 rw-p b743c000 00:00 0 
b75c2000-b7f14000 r--s 00000000 00:13 352874     /usr/Local/matlabR2007a/bin/glnx86/icudt32l.dat
b7f14000-b7f24000 rw-p b7f14000 00:00 0 
b7f39000-b7f3b000 rw-p b7f39000 00:00 0 
bfd53000-bfd56000 ---p bfd53000 00:00 0 
bfd56000-bff53000 rwxp bfd56000 00:00 0 
bff53000-c0000000 rw-p bff53000 00:00 0 
ffffe000-fffff000 r-xp 00000000 00:00 0 

VM Arguments:
jvm_args: -Xms64m -XX:NewRatio=3 -XX:MaxPermSize=32M -Xmx96m -Djava.util.prefs.PreferencesFactory=com.mathworks.util.DisabledPreferencesFactory -XX:+AllowUserSignalHandlers -Djava.library.path=/usr/Local/matlabR2007a/bin/glnx86 vfprintf abort
java_command: <unknown>

Environment Variables:
JAVA_HOME=/usr/Local/java/jdk
PATH=/usr/Local/passerelle/passerelle_gui/bin:/usr/Local/passerelle/passerelle_core/bin:/usr/Local/oracle/bin:/usr/Local/oracle/lib:/usr/Local/maven/current/bin/:/usr/Local/valgrind/current/bin/:/usr/Local/jython/current:/home/ApplisLabview/bin/linux:/usr/Local/ordinal/GLOBAL_ROOT/bin:/usr/Local/ordinal/GLOBAL_ROOT/tools:/usr/Local/python/python/bin/:/usr/Local/citrix/lib/ICAClient:/usr/Local/wmaker/bin:/usr/Local/firefox:/usr/Local/soleil-root/tango/bin:/usr/Local/soleil-root/tango/machine:/usr/Local/tightvnc:/usr/Local/smartcvs/bin:/usr/Local/matlab/bin:/usr/Local/gdb/current/bin:/usr/Local/gcc/current/bin/:/usr/Local/java/jdk/bin:/usr/kerberos/bin:/usr/local/bin:/usr/bin:/bin:/usr/X11R6/bin:/home/operateur/bin:.
LD_LIBRARY_PATH=/usr/Local/soleil-root/bindings/matlab/2007a/mex-file:/usr/Local/gcc-3.4.6/lib:/usr/Local/matlabR2007a/sys/os/glnx86:/usr/Local/matlabR2007a/bin/glnx86:/usr/Local/matlabR2007a/extern/lib/glnx86:/usr/Local/matlabR2007a/sys/java/jre/glnx86/jre1.5.0/lib/i386/native_threads:/usr/Local/matlabR2007a/sys/java/jre/glnx86/jre1.5.0/lib/i386/client:/usr/Local/matlabR2007a/sys/java/jre/glnx86/jre1.5.0/lib/i386:/usr/Local/oracle/lib:/usr/Local/gcc/lib::/usr/Local/soleil-root/tango/lib:/usr/Local/soleil-root/omniorb/lib:/usr/Local/DeviceServers/linux/lib
SHELL=/bin/bash
DISPLAY=tx-3.RCM:0.0
ARCH=glnx86


---------------  S Y S T E M  ---------------

OS:Red Hat Enterprise Linux ES release 4 (Nahant Update 6)

uname:Linux 2.6.9-67.ELsmp #1 SMP Wed Nov 7 13:58:04 EST 2007 i686
libc:glibc 2.3.4 NPTL 2.3.4 
rlimit: STACK 10240k, CORE 0k, NPROC 143360, NOFILE 1024, AS infinity
load average:0.00 0.03 0.00

CPU:total 8 family 6, cmov, cx8, fxsr, mmx, sse, sse2, ht

Memory: 4k page, physical 2027k(1854k free), swap 495k(495k free)

vm_info: Java HotSpot(TM) Client VM (1.5.0-b64) for linux-x86, built on Sep 15 2004 03:56:41 by java_re with gcc 3.2.1-7a (J2SE release)

